Using pre-set license
Built from '2022.3/staging' branch; Version is '2022.3.4f1 (35713cd46cd7) revision 3502396'; Using compiler version '192829333'; Build Type 'Release'
OS: 'Windows 10  (10.0.19045) 64bit Education' Language: 'en' Physical Memory: 32702 MB
BatchMode: 1, IsHumanControllingUs: 0, StartBugReporterOnCrash: 0, Is64bit: 1, IsPro: 1

COMMAND LINE ARGUMENTS:
C:\Program Files\Unity\Hub\Editor\2022.3.4f1\Editor\Unity.exe
-adb2
-batchMode
-noUpm
-name
AssetImportWorker0
-projectPath
G:/Unity Projects/GAM2002/Xtra_Clock
-logFile
Logs/AssetImportWorker0.log
-srvPort
64043
Successfully changed project path to: G:/Unity Projects/GAM2002/Xtra_Clock
G:/Unity Projects/GAM2002/Xtra_Clock
[UnityMemory] Configuration Parameters - Can be set up in boot.config
    "memorysetup-bucket-allocator-granularity=16"
    "memorysetup-bucket-allocator-bucket-count=8"
    "memorysetup-bucket-allocator-block-size=33554432"
    "memorysetup-bucket-allocator-block-count=8"
    "memorysetup-main-allocator-block-size=16777216"
    "memorysetup-thread-allocator-block-size=16777216"
    "memorysetup-gfx-main-allocator-block-size=16777216"
    "memorysetup-gfx-thread-allocator-block-size=16777216"
    "memorysetup-cache-allocator-block-size=4194304"
    "memorysetup-typetree-allocator-block-size=2097152"
    "memorysetup-profiler-bucket-allocator-granularity=16"
    "memorysetup-profiler-bucket-allocator-bucket-count=8"
    "memorysetup-profiler-bucket-allocator-block-size=33554432"
    "memorysetup-profiler-bucket-allocator-block-count=8"
    "memorysetup-profiler-allocator-block-size=16777216"
    "memorysetup-profiler-editor-allocator-block-size=1048576"
    "memorysetup-temp-allocator-size-main=16777216"
    "memorysetup-job-temp-allocator-block-size=2097152"
    "memorysetup-job-temp-allocator-block-size-background=1048576"
    "memorysetup-job-temp-allocator-reduction-small-platforms=262144"
    "memorysetup-allocator-temp-initial-block-size-main=262144"
    "memorysetup-allocator-temp-initial-block-size-worker=262144"
    "memorysetup-temp-allocator-size-background-worker=32768"
    "memorysetup-temp-allocator-size-job-worker=262144"
    "memorysetup-temp-allocator-size-preload-manager=33554432"
    "memorysetup-temp-allocator-size-nav-mesh-worker=65536"
    "memorysetup-temp-allocator-size-audio-worker=65536"
    "memorysetup-temp-allocator-size-cloud-worker=32768"
    "memorysetup-temp-allocator-size-gi-baking-worker=262144"
    "memorysetup-temp-allocator-size-gfx=262144"
Player connection [24636] Host "[IP] 192.168.0.11 [Port] 0 [Flags] 2 [Guid] 2303353501 [EditorId] 2303353501 [Version] 1048832 [Id] WindowsEditor(7,DESKTOP-AGRUNES) [Debug] 1 [PackageName] WindowsEditor [ProjectName] Editor" joined multi-casting on [225.0.0.222:54997]...

Player connection [24636] Host "[IP] 192.168.0.11 [Port] 0 [Flags] 2 [Guid] 2303353501 [EditorId] 2303353501 [Version] 1048832 [Id] WindowsEditor(7,DESKTOP-AGRUNES) [Debug] 1 [PackageName] WindowsEditor [ProjectName] Editor" joined alternative multi-casting on [225.0.0.222:34997]...

Refreshing native plugins compatible for Editor in 13.79 ms, found 4 plugins.
Preloading 0 native plugins for Editor in 0.00 ms.
Initialize engine version: 2022.3.4f1 (35713cd46cd7)
[Subsystems] Discovering subsystems at path C:/Program Files/Unity/Hub/Editor/2022.3.4f1/Editor/Data/Resources/UnitySubsystems
[Subsystems] Discovering subsystems at path G:/Unity Projects/GAM2002/Xtra_Clock/Assets
GfxDevice: creating device client; threaded=0; jobified=0
Direct3D:
    Version:  Direct3D 11.0 [level 11.1]
    Renderer: NVIDIA GeForce RTX 2060 (ID=0x1f08)
    Vendor:   NVIDIA
    VRAM:     5968 MB
    Driver:   31.0.15.3699
Initialize mono
Mono path[0] = 'C:/Program Files/Unity/Hub/Editor/2022.3.4f1/Editor/Data/Managed'
Mono path[1] = 'C:/Program Files/Unity/Hub/Editor/2022.3.4f1/Editor/Data/MonoBleedingEdge/lib/mono/unityjit-win32'
Mono config path = 'C:/Program Files/Unity/Hub/Editor/2022.3.4f1/Editor/Data/MonoBleedingEdge/etc'
Using monoOptions --debugger-agent=transport=dt_socket,embedding=1,server=y,suspend=n,address=127.0.0.1:56456
Begin MonoManager ReloadAssembly
Registering precompiled unity dll's ...
Register platform support module: C:/Program Files/Unity/Hub/Editor/2022.3.4f1/Editor/Data/PlaybackEngines/WebGLSupport/UnityEditor.WebGL.Extensions.dll
Register platform support module: C:/Program Files/Unity/Hub/Editor/2022.3.4f1/Editor/Data/PlaybackEngines/AndroidPlayer/UnityEditor.Android.Extensions.dll
Register platform support module: C:/Program Files/Unity/Hub/Editor/2022.3.4f1/Editor/Data/PlaybackEngines/WindowsStandaloneSupport/UnityEditor.WindowsStandalone.Extensions.dll
Register platform support module: C:/Program Files/Unity/Hub/Editor/2022.3.4f1/Editor/Data/PlaybackEngines/LinuxStandaloneSupport/UnityEditor.LinuxStandalone.Extensions.dll
Registered in 0.017797 seconds.
- Loaded All Assemblies, in  0.348 seconds
Native extension for LinuxStandalone target not found
Native extension for WindowsStandalone target not found
Native extension for Android target not found
Android Extension - Scanning For ADB Devices 259 ms
Native extension for WebGL target not found
Mono: successfully reloaded assembly
- Finished resetting the current domain, in  0.566 seconds
Domain Reload Profiling: 911ms
	BeginReloadAssembly (84ms)
		ExecutionOrderSort (0ms)
		DisableScriptedObjects (0ms)
		BackupInstance (0ms)
		ReleaseScriptingObjects (0ms)
		CreateAndSetChildDomain (1ms)
	RebuildCommonClasses (31ms)
	RebuildNativeTypeToScriptingClass (10ms)
	initialDomainReloadingComplete (68ms)
	LoadAllAssembliesAndSetupDomain (153ms)
		LoadAssemblies (83ms)
		RebuildTransferFunctionScriptingTraits (0ms)
		AnalyzeDomain (141ms)
			TypeCache.Refresh (141ms)
				TypeCache.ScanAssembly (129ms)
			ScanForSourceGeneratedMonoScriptInfo (0ms)
			ResolveRequiredComponents (0ms)
	FinalizeReload (566ms)
		ReleaseScriptCaches (0ms)
		RebuildScriptCaches (0ms)
		SetupLoadedEditorAssemblies (516ms)
			LogAssemblyErrors (0ms)
			InitializePlatformSupportModulesInManaged (387ms)
			SetLoadedEditorAssemblies (3ms)
			RefreshPlugins (0ms)
			BeforeProcessingInitializeOnLoad (2ms)
			ProcessInitializeOnLoadAttributes (84ms)
			ProcessInitializeOnLoadMethodAttributes (39ms)
			AfterProcessingInitializeOnLoad (0ms)
			EditorAssembliesLoaded (0ms)
		ExecutionOrderSort2 (0ms)
		AwakeInstancesAfterBackupRestoration (0ms)
========================================================================
Worker process is ready to serve import requests
Begin MonoManager ReloadAssembly
Symbol file LoadedFromMemory is not a mono symbol file
- Loaded All Assemblies, in  0.673 seconds
Refreshing native plugins compatible for Editor in 7.52 ms, found 4 plugins.
Native extension for LinuxStandalone target not found
Native extension for WindowsStandalone target not found
Native extension for Android target not found
Native extension for WebGL target not found
Mono: successfully reloaded assembly
- Finished resetting the current domain, in  0.753 seconds
Domain Reload Profiling: 1422ms
	BeginReloadAssembly (125ms)
		ExecutionOrderSort (0ms)
		DisableScriptedObjects (6ms)
		BackupInstance (0ms)
		ReleaseScriptingObjects (0ms)
		CreateAndSetChildDomain (20ms)
	RebuildCommonClasses (35ms)
	RebuildNativeTypeToScriptingClass (9ms)
	initialDomainReloadingComplete (41ms)
	LoadAllAssembliesAndSetupDomain (458ms)
		LoadAssemblies (279ms)
		RebuildTransferFunctionScriptingTraits (0ms)
		AnalyzeDomain (234ms)
			TypeCache.Refresh (212ms)
				TypeCache.ScanAssembly (193ms)
			ScanForSourceGeneratedMonoScriptInfo (19ms)
			ResolveRequiredComponents (3ms)
	FinalizeReload (753ms)
		ReleaseScriptCaches (0ms)
		RebuildScriptCaches (0ms)
		SetupLoadedEditorAssemblies (604ms)
			LogAssemblyErrors (0ms)
			InitializePlatformSupportModulesInManaged (38ms)
			SetLoadedEditorAssemblies (3ms)
			RefreshPlugins (0ms)
			BeforeProcessingInitializeOnLoad (55ms)
			ProcessInitializeOnLoadAttributes (363ms)
			ProcessInitializeOnLoadMethodAttributes (135ms)
			AfterProcessingInitializeOnLoad (10ms)
			EditorAssembliesLoaded (0ms)
		ExecutionOrderSort2 (0ms)
		AwakeInstancesAfterBackupRestoration (6ms)
Launched and connected shader compiler UnityShaderCompiler.exe after 0.04 seconds
Refreshing native plugins compatible for Editor in 7.29 ms, found 4 plugins.
Preloading 0 native plugins for Editor in 0.00 ms.
Unloading 2524 Unused Serialized files (Serialized files now loaded: 0)
Unloading 65 unused Assets / (71.1 KB). Loaded Objects now: 2970.
Memory consumption went from 109.8 MB to 109.7 MB.
Total: 5.278000 ms (FindLiveObjects: 0.180300 ms CreateObjectMapping: 0.139600 ms MarkObjects: 4.860600 ms  DeleteObjects: 0.096900 ms)

AssetImportParameters requested are different than current active one (requested -> active):
  custom:video-decoder-webm-vp8: 9c59270c3fd7afecdb556c50c9e8de78 -> 
  custom:container-demuxer-ogg: 62fdf1f143b41e24485cea50d1cbac27 -> 
  custom:AudioImporter_EditorPlatform: d09bf68614088b80899f8185d706f6e7 -> 
  custom:video-decoder-ogg-theora: a1e56fd34408186e4bbccfd4996cb3dc -> 
  custom:framework-win-MediaFoundation: 216162199b28c13a410421893ffa2e32 -> 
  custom:video-encoder-webm-vp8: eb34c28f22e8b96e1ab97ce403110664 -> 
  custom:audio-decoder-ogg-vorbis: bf7c407c2cedff20999df2af8eb42d56 -> 
  custom:CustomObjectIndexerAttribute: 756ad292c208cfabdd7b50bc23989ffe -> 
  custom:container-demuxer-webm: 4f35f7cbe854078d1ac9338744f61a02 -> 
  custom:audio-encoder-webm-vorbis: bf7c407c2cedff20999df2af8eb42d56 -> 
  custom:container-muxer-webm: aa71ff27fc2769a1b78a27578f13a17b -> 
========================================================================
Received Import Request.
  Time since last request: 205337.531656 seconds.
  path: Assets/Melanchall/DryWetMIDI
  artifactKey: Guid(9f38261c52828ec4db7e9d50d559f24d) Importer(815301076,1909f56bfc062723c751e8b465ee728b)
Start importing Assets/Melanchall/DryWetMIDI using Guid(9f38261c52828ec4db7e9d50d559f24d) Importer(815301076,1909f56bfc062723c751e8b465ee728b)  -> (artifact id: 'f6165e6953dd31542833d92bbf4cd636') in 0.002121 seconds
Number of updated asset objects reloaded before import = 0
Number of asset objects unloaded after import = 0
========================================================================
Received Import Request.
  Time since last request: 10.480830 seconds.
  path: Assets/Scenes
  artifactKey: Guid(c7a949c64e100a346bbbb3fbd54f151b) Importer(815301076,1909f56bfc062723c751e8b465ee728b)
Start importing Assets/Scenes using Guid(c7a949c64e100a346bbbb3fbd54f151b) Importer(815301076,1909f56bfc062723c751e8b465ee728b)  -> (artifact id: '1504e2492ed7fac0223054d3ddb285a6') in 0.000341 seconds
Number of updated asset objects reloaded before import = 0
Number of asset objects unloaded after import = 0
========================================================================
Received Import Request.
  Time since last request: 1.537784 seconds.
  path: Assets/Scenes/TickBPMTest.unity
  artifactKey: Guid(5b02b4f5aac9cfe449b39964b2ce909f) Importer(815301076,1909f56bfc062723c751e8b465ee728b)
Start importing Assets/Scenes/TickBPMTest.unity using Guid(5b02b4f5aac9cfe449b39964b2ce909f) Importer(815301076,1909f56bfc062723c751e8b465ee728b)  -> (artifact id: '9d373cd10591fe5dfbc0a4013dc7fe91') in 0.000333 seconds
Number of updated asset objects reloaded before import = 0
Number of asset objects unloaded after import = 0
========================================================================
Received Import Request.
  Time since last request: 0.744401 seconds.
  path: Assets/Scenes/timetest.unity
  artifactKey: Guid(a526eba07ba6f964f9f6257adf625f68) Importer(815301076,1909f56bfc062723c751e8b465ee728b)
Start importing Assets/Scenes/timetest.unity using Guid(a526eba07ba6f964f9f6257adf625f68) Importer(815301076,1909f56bfc062723c751e8b465ee728b)  -> (artifact id: 'fbcf8724bc50aed0d2157bff3d8f2877') in 0.000416 seconds
Number of updated asset objects reloaded before import = 0
Number of asset objects unloaded after import = 0
========================================================================
Received Import Request.
  Time since last request: 1.699451 seconds.
  path: Assets/Scenes/Countdown.unity
  artifactKey: Guid(72ccbfcec75913e40a6e8980c18fb1c2) Importer(815301076,1909f56bfc062723c751e8b465ee728b)
Start importing Assets/Scenes/Countdown.unity using Guid(72ccbfcec75913e40a6e8980c18fb1c2) Importer(815301076,1909f56bfc062723c751e8b465ee728b)  -> (artifact id: '45571fbf0f91368de55374e2bc298083') in 0.000364 seconds
Number of updated asset objects reloaded before import = 0
Number of asset objects unloaded after import = 0
========================================================================
Received Import Request.
  Time since last request: 21.040167 seconds.
  path: Assets/Scenes/BAse_Setup.unity
  artifactKey: Guid(aeecde4aa2ce2ae4c898fca2a0bbb4b0) Importer(815301076,1909f56bfc062723c751e8b465ee728b)
Start importing Assets/Scenes/BAse_Setup.unity using Guid(aeecde4aa2ce2ae4c898fca2a0bbb4b0) Importer(815301076,1909f56bfc062723c751e8b465ee728b)  -> (artifact id: '13223d85d69ba9dea44ab0492699bdea') in 0.000346 seconds
Number of updated asset objects reloaded before import = 0
Number of asset objects unloaded after import = 0
========================================================================
Received Import Request.
  Time since last request: 6.955636 seconds.
  path: Assets/Scenes/Base_Setup.unity
  artifactKey: Guid(aeecde4aa2ce2ae4c898fca2a0bbb4b0) Importer(815301076,1909f56bfc062723c751e8b465ee728b)
Start importing Assets/Scenes/Base_Setup.unity using Guid(aeecde4aa2ce2ae4c898fca2a0bbb4b0) Importer(815301076,1909f56bfc062723c751e8b465ee728b)  -> (artifact id: '5df6eeba642477c69a2ead8ef4ef48d9') in 0.000342 seconds
Number of updated asset objects reloaded before import = 0
Number of asset objects unloaded after import = 0
========================================================================
Received Import Request.
  Time since last request: 770.458869 seconds.
  path: Assets/PT_materials/Blue.mat
  artifactKey: Guid(fdd34057ccd844344bc042b864f4de6e) Importer(2089858483,0ecaa5967403d082aa24f35e1b516d23)
Start importing Assets/PT_materials/Blue.mat using Guid(fdd34057ccd844344bc042b864f4de6e) Importer(2089858483,0ecaa5967403d082aa24f35e1b516d23) Generated GUIDs only implemented for interfaces!
 -> (artifact id: 'af6c524150db9a46048a0629c9033538') in 0.624926 seconds
Number of updated asset objects reloaded before import = 0
Number of asset objects unloaded after import = 1
========================================================================
Received Import Request.
  Time since last request: 0.000014 seconds.
  path: Assets/Melanchall/DryWetMIDI/Melanchall_DryWetMidi_Native64.dll
  artifactKey: Guid(0cc4c49b6f4e58145badf186870fce0e) Importer(2089858483,0ecaa5967403d082aa24f35e1b516d23)
Start importing Assets/Melanchall/DryWetMIDI/Melanchall_DryWetMidi_Native64.dll using Guid(0cc4c49b6f4e58145badf186870fce0e) Importer(2089858483,0ecaa5967403d082aa24f35e1b516d23) Generated GUIDs only implemented for interfaces!
 -> (artifact id: '71697c8b1f530121d99b910aa4da7bc9') in 0.004991 seconds
Number of updated asset objects reloaded before import = 0
Number of asset objects unloaded after import = 1
========================================================================
Received Import Request.
  Time since last request: 0.000014 seconds.
  path: Assets/Scenes/TickBPMTest.unity
  artifactKey: Guid(5b02b4f5aac9cfe449b39964b2ce909f) Importer(2089858483,0ecaa5967403d082aa24f35e1b516d23)
Start importing Assets/Scenes/TickBPMTest.unity using Guid(5b02b4f5aac9cfe449b39964b2ce909f) Importer(2089858483,0ecaa5967403d082aa24f35e1b516d23) Generated GUIDs only implemented for interfaces!
 -> (artifact id: '459879f9663d40eaa11c398e2c6d4f43') in 0.002710 seconds
Number of updated asset objects reloaded before import = 0
Number of asset objects unloaded after import = 1
========================================================================
Received Import Request.
  Time since last request: 0.000015 seconds.
  path: Assets/Melanchall/DryWetMIDI/Melanchall.DryWetMidi.xml
  artifactKey: Guid(d80c593eb2bdf15428f06fd16c598702) Importer(2089858483,0ecaa5967403d082aa24f35e1b516d23)
Start importing Assets/Melanchall/DryWetMIDI/Melanchall.DryWetMidi.xml using Guid(d80c593eb2bdf15428f06fd16c598702) Importer(2089858483,0ecaa5967403d082aa24f35e1b516d23) Generated GUIDs only implemented for interfaces!
 -> (artifact id: '41e47ee3d28456a5eab0d851528460ac') in 0.003915 seconds
Number of updated asset objects reloaded before import = 0
Number of asset objects unloaded after import = 1
========================================================================
Received Import Request.
  Time since last request: 0.000033 seconds.
  path: Assets/Scenes/timetest.unity
  artifactKey: Guid(a526eba07ba6f964f9f6257adf625f68) Importer(2089858483,0ecaa5967403d082aa24f35e1b516d23)
Start importing Assets/Scenes/timetest.unity using Guid(a526eba07ba6f964f9f6257adf625f68) Importer(2089858483,0ecaa5967403d082aa24f35e1b516d23) Generated GUIDs only implemented for interfaces!
 -> (artifact id: '70a52a99927ffb4f5600b98a617a0ed6') in 0.001843 seconds
Number of updated asset objects reloaded before import = 0
Number of asset objects unloaded after import = 1
========================================================================
Received Import Request.
  Time since last request: 0.000019 seconds.
  path: Assets/PT_scripts/PT_LevelManager.cs
  artifactKey: Guid(21bfc12545f790b4b98661afc29fae48) Importer(2089858483,0ecaa5967403d082aa24f35e1b516d23)
Start importing Assets/PT_scripts/PT_LevelManager.cs using Guid(21bfc12545f790b4b98661afc29fae48) Importer(2089858483,0ecaa5967403d082aa24f35e1b516d23) Generated GUIDs only implemented for interfaces!
 -> (artifact id: 'ca165c4d3a980a050a422fc308b718fd') in 0.002696 seconds
Number of updated asset objects reloaded before import = 0
Number of asset objects unloaded after import = 1
========================================================================
Received Import Request.
  Time since last request: 0.000009 seconds.
  path: Assets/Sprites/Square_L_Green.png
  artifactKey: Guid(fda2b9756ffb14e42a71e780cd62581e) Importer(2089858483,0ecaa5967403d082aa24f35e1b516d23)
Start importing Assets/Sprites/Square_L_Green.png using Guid(fda2b9756ffb14e42a71e780cd62581e) Importer(2089858483,0ecaa5967403d082aa24f35e1b516d23) Generated GUIDs only implemented for interfaces!
 -> (artifact id: '11caf9bbdd65837ff65dc90aaff6bb6a') in 0.199449 seconds
Number of updated asset objects reloaded before import = 0
Number of asset objects unloaded after import = 3
========================================================================
Received Import Request.
  Time since last request: 0.000018 seconds.
  path: Assets/Melanchall/DryWetMIDI/Demo/DemoScript.cs
  artifactKey: Guid(6f6ce4d1e4dbc0c46a9fbd5716768bab) Importer(2089858483,0ecaa5967403d082aa24f35e1b516d23)
Start importing Assets/Melanchall/DryWetMIDI/Demo/DemoScript.cs using Guid(6f6ce4d1e4dbc0c46a9fbd5716768bab) Importer(2089858483,0ecaa5967403d082aa24f35e1b516d23) Generated GUIDs only implemented for interfaces!
 -> (artifact id: 'c3f4ec385521eacc6b675a33ecdf1662') in 0.003129 seconds
Number of updated asset objects reloaded before import = 0
Number of asset objects unloaded after import = 1
========================================================================
Received Import Request.
  Time since last request: 0.000058 seconds.
  path: Assets/PT_textures/one_light_green_square.bmp
  artifactKey: Guid(0cc7cde949cc1f6458892720f94d319a) Importer(2089858483,0ecaa5967403d082aa24f35e1b516d23)
Start importing Assets/PT_textures/one_light_green_square.bmp using Guid(0cc7cde949cc1f6458892720f94d319a) Importer(2089858483,0ecaa5967403d082aa24f35e1b516d23) Generated GUIDs only implemented for interfaces!
 -> (artifact id: 'e5684c501fc8669c9b36815e481765d5') in 0.012407 seconds
Number of updated asset objects reloaded before import = 0
Number of asset objects unloaded after import = 1
========================================================================
Received Import Request.
  Time since last request: 0.000015 seconds.
  path: Assets/Resources/BillingMode.json
  artifactKey: Guid(7404698ba989b44479028710c8d84bd4) Importer(2089858483,0ecaa5967403d082aa24f35e1b516d23)
Start importing Assets/Resources/BillingMode.json using Guid(7404698ba989b44479028710c8d84bd4) Importer(2089858483,0ecaa5967403d082aa24f35e1b516d23) Generated GUIDs only implemented for interfaces!
 -> (artifact id: '26d26f7314482f305cbe55db5ca9786d') in 0.002474 seconds
Number of updated asset objects reloaded before import = 0
Number of asset objects unloaded after import = 1
========================================================================
Received Import Request.
  Time since last request: 0.000034 seconds.
  path: Assets/Melanchall/DryWetMIDI/Melanchall_DryWetMidi_Native64.dylib
  artifactKey: Guid(46a8c97e6756d194aa37f904d63028f8) Importer(2089858483,0ecaa5967403d082aa24f35e1b516d23)
Start importing Assets/Melanchall/DryWetMIDI/Melanchall_DryWetMidi_Native64.dylib using Guid(46a8c97e6756d194aa37f904d63028f8) Importer(2089858483,0ecaa5967403d082aa24f35e1b516d23) Generated GUIDs only implemented for interfaces!
 -> (artifact id: '7578388e153c3d0e603411e41925545f') in 0.004031 seconds
Number of updated asset objects reloaded before import = 0
Number of asset objects unloaded after import = 1
========================================================================
Received Import Request.
  Time since last request: 0.000009 seconds.
  path: Assets/PT_scripts/PT_Pick_Up.cs
  artifactKey: Guid(1f8680559a57488499b6f398bdf5457b) Importer(2089858483,0ecaa5967403d082aa24f35e1b516d23)
Start importing Assets/PT_scripts/PT_Pick_Up.cs using Guid(1f8680559a57488499b6f398bdf5457b) Importer(2089858483,0ecaa5967403d082aa24f35e1b516d23) Generated GUIDs only implemented for interfaces!
 -> (artifact id: '13bef73a799b2a2ff2cf7eddc542f3c3') in 0.002330 seconds
Number of updated asset objects reloaded before import = 0
Number of asset objects unloaded after import = 1
========================================================================
Received Import Request.
  Time since last request: 0.000009 seconds.
  path: Assets/PT_Prefabs/Basics/LevelManagerWithCanvases.prefab
  artifactKey: Guid(772c6e4896a65564da0e4b7b42fc9ed3) Importer(2089858483,0ecaa5967403d082aa24f35e1b516d23)
Start importing Assets/PT_Prefabs/Basics/LevelManagerWithCanvases.prefab using Guid(772c6e4896a65564da0e4b7b42fc9ed3) Importer(2089858483,0ecaa5967403d082aa24f35e1b516d23) Generated GUIDs only implemented for interfaces!
 -> (artifact id: 'f6c20828932a74dc33244db8b4024a8d') in 0.021251 seconds
Number of updated asset objects reloaded before import = 0
Number of asset objects unloaded after import = 35
========================================================================
Received Import Request.
  Time since last request: 0.000010 seconds.
  path: Assets/Sprites/Square.png
  artifactKey: Guid(89853f81ebbbf664bb2e9111432597ee) Importer(2089858483,0ecaa5967403d082aa24f35e1b516d23)
Start importing Assets/Sprites/Square.png using Guid(89853f81ebbbf664bb2e9111432597ee) Importer(2089858483,0ecaa5967403d082aa24f35e1b516d23) Generated GUIDs only implemented for interfaces!
 -> (artifact id: '593ca4feb9af96faf3bee1a32c1727ea') in 0.013347 seconds
Number of updated asset objects reloaded before import = 0
Number of asset objects unloaded after import = 3
========================================================================
Received Import Request.
  Time since last request: 0.000013 seconds.
  path: Assets/PT_textures/one_dark_green_square.bmp
  artifactKey: Guid(911ce546772ca6f41a42b9e23dd85320) Importer(2089858483,0ecaa5967403d082aa24f35e1b516d23)
Start importing Assets/PT_textures/one_dark_green_square.bmp using Guid(911ce546772ca6f41a42b9e23dd85320) Importer(2089858483,0ecaa5967403d082aa24f35e1b516d23) Generated GUIDs only implemented for interfaces!
 -> (artifact id: 'b977d9c341f62a94de28f5d11bd1bb34') in 0.010858 seconds
Number of updated asset objects reloaded before import = 0
Number of asset objects unloaded after import = 1
========================================================================
Received Import Request.
  Time since last request: 0.000010 seconds.
  path: Assets/Sprites/Square_Red.png
  artifactKey: Guid(292cda4268a37ce47ba9bd569dec635b) Importer(2089858483,0ecaa5967403d082aa24f35e1b516d23)
Start importing Assets/Sprites/Square_Red.png using Guid(292cda4268a37ce47ba9bd569dec635b) Importer(2089858483,0ecaa5967403d082aa24f35e1b516d23) Generated GUIDs only implemented for interfaces!
 -> (artifact id: 'fc8e416a3b51e9de37c89dc35b2e352e') in 0.011579 seconds
Number of updated asset objects reloaded before import = 0
Number of asset objects unloaded after import = 3
========================================================================
Received Import Request.
  Time since last request: 0.000010 seconds.
  path: Assets/Melanchall/DryWetMIDI/Demo/DemoScene.unity
  artifactKey: Guid(df76419175a5d72429f0f1c8e5283a04) Importer(2089858483,0ecaa5967403d082aa24f35e1b516d23)
Start importing Assets/Melanchall/DryWetMIDI/Demo/DemoScene.unity using Guid(df76419175a5d72429f0f1c8e5283a04) Importer(2089858483,0ecaa5967403d082aa24f35e1b516d23) Generated GUIDs only implemented for interfaces!
 -> (artifact id: 'b3ae5ab4b73b10a438b067e5d06d6238') in 0.001908 seconds
Number of updated asset objects reloaded before import = 0
Number of asset objects unloaded after import = 1
========================================================================
Received Import Request.
  Time since last request: 0.000052 seconds.
  path: Assets/PT_scripts/DisplayTickText.cs
  artifactKey: Guid(a6b071ca0c219c8498d560351de3f052) Importer(2089858483,0ecaa5967403d082aa24f35e1b516d23)
Start importing Assets/PT_scripts/DisplayTickText.cs using Guid(a6b071ca0c219c8498d560351de3f052) Importer(2089858483,0ecaa5967403d082aa24f35e1b516d23) Generated GUIDs only implemented for interfaces!
 -> (artifact id: 'b0e03a3d70aa1a05df26872012d8e2d0') in 0.002420 seconds
Number of updated asset objects reloaded before import = 0
Number of asset objects unloaded after import = 1
========================================================================
Received Import Request.
  Time since last request: 0.000019 seconds.
  path: Assets/Melanchall/DryWetMIDI/Melanchall.DryWetMidi.dll
  artifactKey: Guid(18d4e48c53b364b4281db2c9fb5210b1) Importer(2089858483,0ecaa5967403d082aa24f35e1b516d23)
Start importing Assets/Melanchall/DryWetMIDI/Melanchall.DryWetMidi.dll using Guid(18d4e48c53b364b4281db2c9fb5210b1) Importer(2089858483,0ecaa5967403d082aa24f35e1b516d23) Generated GUIDs only implemented for interfaces!
 -> (artifact id: '8576b5abc2e6961f2fbff5087dcf55d2') in 0.004075 seconds
Number of updated asset objects reloaded before import = 0
Number of asset objects unloaded after import = 1
========================================================================
Received Import Request.
  Time since last request: 0.000016 seconds.
  path: Assets/PT_materials/Red.mat
  artifactKey: Guid(12f84b50ded7f5243a2a1dacd54b062f) Importer(2089858483,0ecaa5967403d082aa24f35e1b516d23)
Start importing Assets/PT_materials/Red.mat using Guid(12f84b50ded7f5243a2a1dacd54b062f) Importer(2089858483,0ecaa5967403d082aa24f35e1b516d23) Generated GUIDs only implemented for interfaces!
 -> (artifact id: '8a99c5b993322d5813cc4b35fee32b3e') in 0.003300 seconds
Number of updated asset objects reloaded before import = 0
Number of asset objects unloaded after import = 1
========================================================================
Received Import Request.
  Time since last request: 0.000010 seconds.
  path: Assets/Scenes/Countdown.unity
  artifactKey: Guid(72ccbfcec75913e40a6e8980c18fb1c2) Importer(2089858483,0ecaa5967403d082aa24f35e1b516d23)
Start importing Assets/Scenes/Countdown.unity using Guid(72ccbfcec75913e40a6e8980c18fb1c2) Importer(2089858483,0ecaa5967403d082aa24f35e1b516d23) Generated GUIDs only implemented for interfaces!
 -> (artifact id: '11ae7f0fff011265993134c3c421de9a') in 0.002398 seconds
Number of updated asset objects reloaded before import = 0
Number of asset objects unloaded after import = 1
========================================================================
Received Import Request.
  Time since last request: 0.000025 seconds.
  path: Assets/Melanchall/DryWetMIDI/Melanchall_DryWetMidi_Native32.dll
  artifactKey: Guid(190954023a41ef240b5e13e6f84829a4) Importer(2089858483,0ecaa5967403d082aa24f35e1b516d23)
Start importing Assets/Melanchall/DryWetMIDI/Melanchall_DryWetMidi_Native32.dll using Guid(190954023a41ef240b5e13e6f84829a4) Importer(2089858483,0ecaa5967403d082aa24f35e1b516d23) Generated GUIDs only implemented for interfaces!
 -> (artifact id: 'b83a76a6c0debc0d41314ca943691131') in 0.003043 seconds
Number of updated asset objects reloaded before import = 0
Number of asset objects unloaded after import = 1
========================================================================
Received Import Request.
  Time since last request: 0.000017 seconds.
  path: Assets/PT_Prefabs/SlowerCube.prefab
  artifactKey: Guid(f0cdb14fddb562e4689071fad0c4726a) Importer(2089858483,0ecaa5967403d082aa24f35e1b516d23)
Start importing Assets/PT_Prefabs/SlowerCube.prefab using Guid(f0cdb14fddb562e4689071fad0c4726a) Importer(2089858483,0ecaa5967403d082aa24f35e1b516d23) Generated GUIDs only implemented for interfaces!
 -> (artifact id: 'c58cedd3800875bbdb176d97828d1ab2') in 0.007038 seconds
Number of updated asset objects reloaded before import = 0
Number of asset objects unloaded after import = 7
Editor requested this worker to shutdown with reason: Scaling down because of idle timeout
TcpMessagingSession - receive error: operation aborted. errorcode: 995, details: The I/O operation has been aborted because of either a thread exit or an application request.
AssetImportWorker is now disconnected from the server
Process exiting
Exiting without the bug reporter. Application will terminate with return code 0