Using pre-set license
Built from '2022.3/staging' branch; Version is '2022.3.36f1 (95a4219250e5) revision 9806881'; Using compiler version '192829333'; Build Type 'Release'
OS: 'Windows 10  (10.0.19045) 64bit Enterprise' Language: 'en' Physical Memory: 65234 MB
BatchMode: 1, IsHumanControllingUs: 0, StartBugReporterOnCrash: 0, Is64bit: 1, IsPro: 1

COMMAND LINE ARGUMENTS:
C:\Program Files\Unity\Hub\Editor\2022.3.36f1\Editor\Unity.exe
-adb2
-batchMode
-noUpm
-name
AssetImportWorker0
-projectPath
D:/penda/Unity/Cross_Platform_Second_Year/CardGameBase
-logFile
Logs/AssetImportWorker0.log
-srvPort
64648
Successfully changed project path to: D:/penda/Unity/Cross_Platform_Second_Year/CardGameBase
D:/penda/Unity/Cross_Platform_Second_Year/CardGameBase
[UnityMemory] Configuration Parameters - Can be set up in boot.config
    "memorysetup-bucket-allocator-granularity=16"
    "memorysetup-bucket-allocator-bucket-count=8"
    "memorysetup-bucket-allocator-block-size=33554432"
    "memorysetup-bucket-allocator-block-count=8"
    "memorysetup-main-allocator-block-size=16777216"
    "memorysetup-thread-allocator-block-size=16777216"
    "memorysetup-gfx-main-allocator-block-size=16777216"
    "memorysetup-gfx-thread-allocator-block-size=16777216"
    "memorysetup-cache-allocator-block-size=4194304"
    "memorysetup-typetree-allocator-block-size=2097152"
    "memorysetup-profiler-bucket-allocator-granularity=16"
    "memorysetup-profiler-bucket-allocator-bucket-count=8"
    "memorysetup-profiler-bucket-allocator-block-size=33554432"
    "memorysetup-profiler-bucket-allocator-block-count=8"
    "memorysetup-profiler-allocator-block-size=16777216"
    "memorysetup-profiler-editor-allocator-block-size=1048576"
    "memorysetup-temp-allocator-size-main=16777216"
    "memorysetup-job-temp-allocator-block-size=2097152"
    "memorysetup-job-temp-allocator-block-size-background=1048576"
    "memorysetup-job-temp-allocator-reduction-small-platforms=262144"
    "memorysetup-allocator-temp-initial-block-size-main=262144"
    "memorysetup-allocator-temp-initial-block-size-worker=262144"
    "memorysetup-temp-allocator-size-background-worker=32768"
    "memorysetup-temp-allocator-size-job-worker=262144"
    "memorysetup-temp-allocator-size-preload-manager=33554432"
    "memorysetup-temp-allocator-size-nav-mesh-worker=65536"
    "memorysetup-temp-allocator-size-audio-worker=65536"
    "memorysetup-temp-allocator-size-cloud-worker=32768"
    "memorysetup-temp-allocator-size-gi-baking-worker=262144"
    "memorysetup-temp-allocator-size-gfx=262144"
Player connection [22984] Host "[IP] 10.129.33.56 [Port] 0 [Flags] 2 [Guid] 782868861 [EditorId] 782868861 [Version] 1048832 [Id] WindowsEditor(7,DMW6F22) [Debug] 1 [PackageName] WindowsEditor [ProjectName] Editor" joined multi-casting on [225.0.0.222:54997]...

Player connection [22984] Host "[IP] 10.129.33.56 [Port] 0 [Flags] 2 [Guid] 782868861 [EditorId] 782868861 [Version] 1048832 [Id] WindowsEditor(7,DMW6F22) [Debug] 1 [PackageName] WindowsEditor [ProjectName] Editor" joined alternative multi-casting on [225.0.0.222:34997]...

[PhysX] Initialized MultithreadedTaskDispatcher with 36 workers.
Refreshing native plugins compatible for Editor in 10.72 ms, found 4 plugins.
Preloading 0 native plugins for Editor in 0.00 ms.
Initialize engine version: 2022.3.36f1 (95a4219250e5)
[Subsystems] Discovering subsystems at path C:/Program Files/Unity/Hub/Editor/2022.3.36f1/Editor/Data/Resources/UnitySubsystems
[Subsystems] Discovering subsystems at path D:/penda/Unity/Cross_Platform_Second_Year/CardGameBase/Assets
GfxDevice: creating device client; threaded=0; jobified=0
Direct3D:
    Version:  Direct3D 11.0 [level 11.1]
    Renderer: NVIDIA GeForce RTX 2080 Ti (ID=0x1e07)
    Vendor:   NVIDIA
    VRAM:     11027 MB
    Driver:   32.0.15.6081
Initialize mono
Mono path[0] = 'C:/Program Files/Unity/Hub/Editor/2022.3.36f1/Editor/Data/Managed'
Mono path[1] = 'C:/Program Files/Unity/Hub/Editor/2022.3.36f1/Editor/Data/MonoBleedingEdge/lib/mono/unityjit-win32'
Mono config path = 'C:/Program Files/Unity/Hub/Editor/2022.3.36f1/Editor/Data/MonoBleedingEdge/etc'
Using monoOptions --debugger-agent=transport=dt_socket,embedding=1,server=y,suspend=n,address=127.0.0.1:56264
Begin MonoManager ReloadAssembly
Registering precompiled unity dll's ...
Register platform support module: C:/Program Files/Unity/Hub/Editor/2022.3.36f1/Editor/Data/PlaybackEngines/WebGLSupport/UnityEditor.WebGL.Extensions.dll
Register platform support module: C:/Program Files/Unity/Hub/Editor/2022.3.36f1/Editor/Data/PlaybackEngines/AndroidPlayer/UnityEditor.Android.Extensions.dll
Register platform support module: C:/Program Files/Unity/Hub/Editor/2022.3.36f1/Editor/Data/PlaybackEngines/WindowsStandaloneSupport/UnityEditor.WindowsStandalone.Extensions.dll
Register platform support module: C:/Program Files/Unity/Hub/Editor/2022.3.36f1/Editor/Data/PlaybackEngines/MetroSupport/UnityEditor.UWP.Extensions.dll
Registered in 0.012183 seconds.
- Loaded All Assemblies, in  0.425 seconds
Native extension for UWP target not found
Native extension for WindowsStandalone target not found
Native extension for Android target not found
Android Extension - Scanning For ADB Devices 315 ms
Native extension for WebGL target not found
Mono: successfully reloaded assembly
- Finished resetting the current domain, in  0.698 seconds
Domain Reload Profiling: 1122ms
	BeginReloadAssembly (147ms)
		ExecutionOrderSort (0ms)
		DisableScriptedObjects (0ms)
		BackupInstance (0ms)
		ReleaseScriptingObjects (0ms)
		CreateAndSetChildDomain (1ms)
	RebuildCommonClasses (36ms)
	RebuildNativeTypeToScriptingClass (18ms)
	initialDomainReloadingComplete (64ms)
	LoadAllAssembliesAndSetupDomain (158ms)
		LoadAssemblies (146ms)
		RebuildTransferFunctionScriptingTraits (0ms)
		AnalyzeDomain (155ms)
			TypeCache.Refresh (154ms)
				TypeCache.ScanAssembly (139ms)
			ScanForSourceGeneratedMonoScriptInfo (0ms)
			ResolveRequiredComponents (0ms)
	FinalizeReload (699ms)
		ReleaseScriptCaches (0ms)
		RebuildScriptCaches (0ms)
		SetupLoadedEditorAssemblies (632ms)
			LogAssemblyErrors (0ms)
			InitializePlatformSupportModulesInManaged (453ms)
			SetLoadedEditorAssemblies (4ms)
			RefreshPlugins (0ms)
			BeforeProcessingInitializeOnLoad (2ms)
			ProcessInitializeOnLoadAttributes (119ms)
			ProcessInitializeOnLoadMethodAttributes (54ms)
			AfterProcessingInitializeOnLoad (0ms)
			EditorAssembliesLoaded (0ms)
		ExecutionOrderSort2 (0ms)
		AwakeInstancesAfterBackupRestoration (0ms)
========================================================================
Worker process is ready to serve import requests
Begin MonoManager ReloadAssembly
- Loaded All Assemblies, in  0.827 seconds
Refreshing native plugins compatible for Editor in 2.80 ms, found 4 plugins.
Native extension for UWP target not found
Native extension for WindowsStandalone target not found
Native extension for Android target not found
Native extension for WebGL target not found
Package Manager log level set to [2]
[Package Manager] Server::EnsureServerProcessIsRunning -- launch failed, reason: Unity was launched with the -noUpm command-line argument
[Package Manager] UpmClient::Send -- Unable to send message (not connected to UPM process).
[Package Manager] Cannot connect to Unity Package Manager local server
Mono: successfully reloaded assembly
- Finished resetting the current domain, in  0.889 seconds
Domain Reload Profiling: 1714ms
	BeginReloadAssembly (156ms)
		ExecutionOrderSort (0ms)
		DisableScriptedObjects (6ms)
		BackupInstance (0ms)
		ReleaseScriptingObjects (0ms)
		CreateAndSetChildDomain (27ms)
	RebuildCommonClasses (37ms)
	RebuildNativeTypeToScriptingClass (12ms)
	initialDomainReloadingComplete (41ms)
	LoadAllAssembliesAndSetupDomain (580ms)
		LoadAssemblies (381ms)
		RebuildTransferFunctionScriptingTraits (0ms)
		AnalyzeDomain (284ms)
			TypeCache.Refresh (220ms)
				TypeCache.ScanAssembly (196ms)
			ScanForSourceGeneratedMonoScriptInfo (39ms)
			ResolveRequiredComponents (23ms)
	FinalizeReload (889ms)
		ReleaseScriptCaches (0ms)
		RebuildScriptCaches (0ms)
		SetupLoadedEditorAssemblies (663ms)
			LogAssemblyErrors (0ms)
			InitializePlatformSupportModulesInManaged (32ms)
			SetLoadedEditorAssemblies (6ms)
			RefreshPlugins (0ms)
			BeforeProcessingInitializeOnLoad (103ms)
			ProcessInitializeOnLoadAttributes (408ms)
			ProcessInitializeOnLoadMethodAttributes (110ms)
			AfterProcessingInitializeOnLoad (6ms)
			EditorAssembliesLoaded (0ms)
		ExecutionOrderSort2 (0ms)
		AwakeInstancesAfterBackupRestoration (7ms)
Launched and connected shader compiler UnityShaderCompiler.exe after 0.05 seconds
Refreshing native plugins compatible for Editor in 5.96 ms, found 4 plugins.
Preloading 0 native plugins for Editor in 0.00 ms.
Unloading 6058 Unused Serialized files (Serialized files now loaded: 0)
Unloading 93 unused Assets / (352.5 KB). Loaded Objects now: 6521.
Memory consumption went from 231.6 MB to 231.3 MB.
Total: 9.186300 ms (FindLiveObjects: 0.935500 ms CreateObjectMapping: 0.804500 ms MarkObjects: 6.996500 ms  DeleteObjects: 0.448100 ms)

AssetImportParameters requested are different than current active one (requested -> active):
  custom:container-demuxer-ogg: 62fdf1f143b41e24485cea50d1cbac27 -> 
  custom:video-decoder-ogg-theora: a1e56fd34408186e4bbccfd4996cb3dc -> 
  custom:framework-win-MediaFoundation: 216162199b28c13a410421893ffa2e32 -> 
  custom:CustomObjectIndexerAttribute: 72b91833f83ae208fae7752999fa3104 -> 
  custom:container-demuxer-webm: 4f35f7cbe854078d1ac9338744f61a02 -> 
  custom:container-muxer-webm: aa71ff27fc2769a1b78a27578f13a17b -> 
  custom:video-decoder-webm-vp8: 9c59270c3fd7afecdb556c50c9e8de78 -> 
  custom:SearchIndexIgnoredProperties: e643bd26f0fe6173181afceb89e7c659 -> 
  custom:AudioImporter_EditorPlatform: d09bf68614088b80899f8185d706f6e7 -> 
  custom:video-encoder-webm-vp8: eb34c28f22e8b96e1ab97ce403110664 -> 
  custom:audio-decoder-ogg-vorbis: bf7c407c2cedff20999df2af8eb42d56 -> 
  custom:audio-encoder-webm-vorbis: bf7c407c2cedff20999df2af8eb42d56 -> 
========================================================================
Received Import Request.
  Time since last request: 46008.580656 seconds.
  path: Assets/HexPalette/hex-sliced_103.asset
  artifactKey: Guid(257ad731ed2c99647878e14b4655aec6) Importer(2089858483,0ecaa5967403d082aa24f35e1b516d23)
Start importing Assets/HexPalette/hex-sliced_103.asset using Guid(257ad731ed2c99647878e14b4655aec6) Importer(2089858483,0ecaa5967403d082aa24f35e1b516d23) [PhysX] Initialized MultithreadedTaskDispatcher with 36 workers.
 -> (artifact id: 'd16449bb91de6de9dac3542548130b5b') in 0.272642 seconds
Number of updated asset objects reloaded before import = 0
Number of asset objects unloaded after import = 3
========================================================================
Received Import Request.
  Time since last request: 0.000055 seconds.
  path: Assets/HexPalette/hex-sliced_01.asset
  artifactKey: Guid(5011f44ea0475314e915abbd8b71e57b) Importer(2089858483,0ecaa5967403d082aa24f35e1b516d23)
Start importing Assets/HexPalette/hex-sliced_01.asset using Guid(5011f44ea0475314e915abbd8b71e57b) Importer(2089858483,0ecaa5967403d082aa24f35e1b516d23) [PhysX] Initialized MultithreadedTaskDispatcher with 36 workers.
 -> (artifact id: '9aedf97f63af110be916d95d243e1f55') in 0.016472 seconds
Number of updated asset objects reloaded before import = 0
Number of asset objects unloaded after import = 3
========================================================================
Received Import Request.
  Time since last request: 0.000032 seconds.
  path: Assets/HexPalette/hex-sliced_82.asset
  artifactKey: Guid(d463626c32386fa48a9cb538addd2ec6) Importer(2089858483,0ecaa5967403d082aa24f35e1b516d23)
Start importing Assets/HexPalette/hex-sliced_82.asset using Guid(d463626c32386fa48a9cb538addd2ec6) Importer(2089858483,0ecaa5967403d082aa24f35e1b516d23) [PhysX] Initialized MultithreadedTaskDispatcher with 36 workers.
 -> (artifact id: '90a7fd41743bfe56b1f858f2ab25b8d2') in 0.029134 seconds
Number of updated asset objects reloaded before import = 0
Number of asset objects unloaded after import = 3
========================================================================
Received Import Request.
  Time since last request: 0.000022 seconds.
  path: Assets/HexPalette/hex-sliced_62.asset
  artifactKey: Guid(5f6a3047bfe6d484bbf0a5c237fa136a) Importer(2089858483,0ecaa5967403d082aa24f35e1b516d23)
Start importing Assets/HexPalette/hex-sliced_62.asset using Guid(5f6a3047bfe6d484bbf0a5c237fa136a) Importer(2089858483,0ecaa5967403d082aa24f35e1b516d23) [PhysX] Initialized MultithreadedTaskDispatcher with 36 workers.
 -> (artifact id: '50110bc3f75c5ed7abed65e5cf65b6b0') in 0.020919 seconds
Number of updated asset objects reloaded before import = 0
Number of asset objects unloaded after import = 3
========================================================================
Received Import Request.
  Time since last request: 0.000021 seconds.
  path: Assets/HexPalette/hex-sliced_46.asset
  artifactKey: Guid(40973b4d18fafb44fbaadbf595fe4a17) Importer(2089858483,0ecaa5967403d082aa24f35e1b516d23)
Start importing Assets/HexPalette/hex-sliced_46.asset using Guid(40973b4d18fafb44fbaadbf595fe4a17) Importer(2089858483,0ecaa5967403d082aa24f35e1b516d23) [PhysX] Initialized MultithreadedTaskDispatcher with 36 workers.
 -> (artifact id: 'c1023eb6cfdf3458ce8c3f80ef00e7f3') in 0.016685 seconds
Number of updated asset objects reloaded before import = 0
Number of asset objects unloaded after import = 3
========================================================================
Received Import Request.
  Time since last request: 0.000021 seconds.
  path: Assets/HexPalette/hex-sliced_47.asset
  artifactKey: Guid(30379e7b9b0da6f47a6416622722759a) Importer(2089858483,0ecaa5967403d082aa24f35e1b516d23)
Start importing Assets/HexPalette/hex-sliced_47.asset using Guid(30379e7b9b0da6f47a6416622722759a) Importer(2089858483,0ecaa5967403d082aa24f35e1b516d23) [PhysX] Initialized MultithreadedTaskDispatcher with 36 workers.
 -> (artifact id: 'df7f1e6645e1920774dd57b477db0e08') in 0.018526 seconds
Number of updated asset objects reloaded before import = 0
Number of asset objects unloaded after import = 3
========================================================================
Received Import Request.
  Time since last request: 0.000023 seconds.
  path: Assets/HexPalette/hex-sliced_58.asset
  artifactKey: Guid(37a56a26e6ec3154eab7bb8164de3a92) Importer(2089858483,0ecaa5967403d082aa24f35e1b516d23)
Start importing Assets/HexPalette/hex-sliced_58.asset using Guid(37a56a26e6ec3154eab7bb8164de3a92) Importer(2089858483,0ecaa5967403d082aa24f35e1b516d23) [PhysX] Initialized MultithreadedTaskDispatcher with 36 workers.
 -> (artifact id: '5684c85afcea7b4d459bddafabe7e018') in 0.016702 seconds
Number of updated asset objects reloaded before import = 0
Number of asset objects unloaded after import = 3
========================================================================
Received Import Request.
  Time since last request: 0.000022 seconds.
  path: Assets/HexPalette/hex-sliced_54.asset
  artifactKey: Guid(ba108f832ba8842419d6729fa1012beb) Importer(2089858483,0ecaa5967403d082aa24f35e1b516d23)
Start importing Assets/HexPalette/hex-sliced_54.asset using Guid(ba108f832ba8842419d6729fa1012beb) Importer(2089858483,0ecaa5967403d082aa24f35e1b516d23) [PhysX] Initialized MultithreadedTaskDispatcher with 36 workers.
 -> (artifact id: '564e3efc0de69de8eefa5766acd03279') in 0.017943 seconds
Number of updated asset objects reloaded before import = 0
Number of asset objects unloaded after import = 3
========================================================================
Received Import Request.
  Time since last request: 0.000022 seconds.
  path: Assets/HexPalette/hex-sliced_67.asset
  artifactKey: Guid(fb5e1974d39c4c84e852c6af09dabdd7) Importer(2089858483,0ecaa5967403d082aa24f35e1b516d23)
Start importing Assets/HexPalette/hex-sliced_67.asset using Guid(fb5e1974d39c4c84e852c6af09dabdd7) Importer(2089858483,0ecaa5967403d082aa24f35e1b516d23) [PhysX] Initialized MultithreadedTaskDispatcher with 36 workers.
 -> (artifact id: 'e1549cd17de59cfb01d83bc10e5861de') in 0.022630 seconds
Number of updated asset objects reloaded before import = 0
Number of asset objects unloaded after import = 3
========================================================================
Received Import Request.
  Time since last request: 0.000024 seconds.
  path: Assets/HexPalette/hex-sliced_101.asset
  artifactKey: Guid(2e24615a9b3d26c47ad13ff80852cd73) Importer(2089858483,0ecaa5967403d082aa24f35e1b516d23)
Start importing Assets/HexPalette/hex-sliced_101.asset using Guid(2e24615a9b3d26c47ad13ff80852cd73) Importer(2089858483,0ecaa5967403d082aa24f35e1b516d23) [PhysX] Initialized MultithreadedTaskDispatcher with 36 workers.
 -> (artifact id: '63329affd21c74543a3e777d4c517648') in 0.026725 seconds
Number of updated asset objects reloaded before import = 0
Number of asset objects unloaded after import = 3
========================================================================
Received Import Request.
  Time since last request: 0.000029 seconds.
  path: Assets/HexPalette/hex-sliced_55.asset
  artifactKey: Guid(e1170e5ada8bfce4bb76172836fde37f) Importer(2089858483,0ecaa5967403d082aa24f35e1b516d23)
Start importing Assets/HexPalette/hex-sliced_55.asset using Guid(e1170e5ada8bfce4bb76172836fde37f) Importer(2089858483,0ecaa5967403d082aa24f35e1b516d23) [PhysX] Initialized MultithreadedTaskDispatcher with 36 workers.
 -> (artifact id: '1322c3f7451b5fda9383884025876976') in 0.025371 seconds
Number of updated asset objects reloaded before import = 0
Number of asset objects unloaded after import = 3
========================================================================
Received Import Request.
  Time since last request: 0.000030 seconds.
  path: Assets/HexPalette/hex-sliced_73.asset
  artifactKey: Guid(eadee40c8eac61d439e052e633845309) Importer(2089858483,0ecaa5967403d082aa24f35e1b516d23)
Start importing Assets/HexPalette/hex-sliced_73.asset using Guid(eadee40c8eac61d439e052e633845309) Importer(2089858483,0ecaa5967403d082aa24f35e1b516d23) [PhysX] Initialized MultithreadedTaskDispatcher with 36 workers.
 -> (artifact id: '78f1fe3e23ee21709d1ae4eaf7eea1e8') in 0.018883 seconds
Number of updated asset objects reloaded before import = 0
Number of asset objects unloaded after import = 3
========================================================================
Received Import Request.
  Time since last request: 0.000023 seconds.
  path: Assets/HexPalette/hex-sliced_10.asset
  artifactKey: Guid(f1921cbb752aaf84b9ff816865621842) Importer(2089858483,0ecaa5967403d082aa24f35e1b516d23)
Start importing Assets/HexPalette/hex-sliced_10.asset using Guid(f1921cbb752aaf84b9ff816865621842) Importer(2089858483,0ecaa5967403d082aa24f35e1b516d23) [PhysX] Initialized MultithreadedTaskDispatcher with 36 workers.
 -> (artifact id: '23a282ccdcf993d5fcef731910ffc6c5') in 0.013258 seconds
Number of updated asset objects reloaded before import = 0
Number of asset objects unloaded after import = 3
========================================================================
Received Import Request.
  Time since last request: 0.000024 seconds.
  path: Assets/HexPalette/hex-sliced_108.asset
  artifactKey: Guid(90b53c38ca7e2d14fa7a77d1895ca8a4) Importer(2089858483,0ecaa5967403d082aa24f35e1b516d23)
Start importing Assets/HexPalette/hex-sliced_108.asset using Guid(90b53c38ca7e2d14fa7a77d1895ca8a4) Importer(2089858483,0ecaa5967403d082aa24f35e1b516d23) [PhysX] Initialized MultithreadedTaskDispatcher with 36 workers.
 -> (artifact id: '231a93de01e16bc30079553cbe1fd16b') in 0.017511 seconds
Number of updated asset objects reloaded before import = 0
Number of asset objects unloaded after import = 3
========================================================================
Received Import Request.
  Time since last request: 0.000020 seconds.
  path: Assets/HexPalette/hex-sliced_60.asset
  artifactKey: Guid(3bb9f2dc47cb9ad4e98eed90d77bc2a6) Importer(2089858483,0ecaa5967403d082aa24f35e1b516d23)
Start importing Assets/HexPalette/hex-sliced_60.asset using Guid(3bb9f2dc47cb9ad4e98eed90d77bc2a6) Importer(2089858483,0ecaa5967403d082aa24f35e1b516d23) [PhysX] Initialized MultithreadedTaskDispatcher with 36 workers.
 -> (artifact id: 'e1ba9a4683415f82451d6bf8168dc311') in 0.017549 seconds
Number of updated asset objects reloaded before import = 0
Number of asset objects unloaded after import = 3
========================================================================
Received Import Request.
  Time since last request: 0.000020 seconds.
  path: Assets/HexPalette/hex-sliced_02.asset
  artifactKey: Guid(04feead240bf96640b7dee0960c931ec) Importer(2089858483,0ecaa5967403d082aa24f35e1b516d23)
Start importing Assets/HexPalette/hex-sliced_02.asset using Guid(04feead240bf96640b7dee0960c931ec) Importer(2089858483,0ecaa5967403d082aa24f35e1b516d23) [PhysX] Initialized MultithreadedTaskDispatcher with 36 workers.
 -> (artifact id: '2a98e62ad95b88c5c19fc34eb2aaa045') in 0.016718 seconds
Number of updated asset objects reloaded before import = 0
Number of asset objects unloaded after import = 3
========================================================================
Received Import Request.
  Time since last request: 0.000038 seconds.
  path: Assets/HexPalette/hex-sliced_15.asset
  artifactKey: Guid(59acc996bbe90bd4b8c0abcb8e7bc38f) Importer(2089858483,0ecaa5967403d082aa24f35e1b516d23)
Start importing Assets/HexPalette/hex-sliced_15.asset using Guid(59acc996bbe90bd4b8c0abcb8e7bc38f) Importer(2089858483,0ecaa5967403d082aa24f35e1b516d23) [PhysX] Initialized MultithreadedTaskDispatcher with 36 workers.
 -> (artifact id: '23cf9672ad011b3691cc01b43ff35c57') in 0.015230 seconds
Number of updated asset objects reloaded before import = 0
Number of asset objects unloaded after import = 3
========================================================================
Received Import Request.
  Time since last request: 0.000033 seconds.
  path: Assets/HexPalette/hex-sliced_80.asset
  artifactKey: Guid(13048362cc93e5741a98f5faa32bc3fb) Importer(2089858483,0ecaa5967403d082aa24f35e1b516d23)
Start importing Assets/HexPalette/hex-sliced_80.asset using Guid(13048362cc93e5741a98f5faa32bc3fb) Importer(2089858483,0ecaa5967403d082aa24f35e1b516d23) [PhysX] Initialized MultithreadedTaskDispatcher with 36 workers.
 -> (artifact id: '2791739e11037af6ed1390f921da8f81') in 0.013712 seconds
Number of updated asset objects reloaded before import = 0
Number of asset objects unloaded after import = 3
========================================================================
Received Import Request.
  Time since last request: 0.000025 seconds.
  path: Assets/Sprites/hex-sliced_09.png
  artifactKey: Guid(986ffbb828c5d5b40bf6992b5f5f2154) Importer(2089858483,0ecaa5967403d082aa24f35e1b516d23)
Start importing Assets/Sprites/hex-sliced_09.png using Guid(986ffbb828c5d5b40bf6992b5f5f2154) Importer(2089858483,0ecaa5967403d082aa24f35e1b516d23) [PhysX] Initialized MultithreadedTaskDispatcher with 36 workers.
 -> (artifact id: '74f15bb430d08f918cea2fc93819bc07') in 0.096635 seconds
Number of updated asset objects reloaded before import = 0
Number of asset objects unloaded after import = 3
========================================================================
Received Import Request.
  Time since last request: 0.000031 seconds.
  path: Assets/HexPalette/hex-sliced_87.asset
  artifactKey: Guid(0694d6a969f388d43a100792eec87df6) Importer(2089858483,0ecaa5967403d082aa24f35e1b516d23)
Start importing Assets/HexPalette/hex-sliced_87.asset using Guid(0694d6a969f388d43a100792eec87df6) Importer(2089858483,0ecaa5967403d082aa24f35e1b516d23) [PhysX] Initialized MultithreadedTaskDispatcher with 36 workers.
 -> (artifact id: '5c557ddce181316f420a669896d72063') in 0.025038 seconds
Number of updated asset objects reloaded before import = 0
Number of asset objects unloaded after import = 3
========================================================================
Received Import Request.
  Time since last request: 0.000023 seconds.
  path: Assets/Sprites/hex-sliced_124.png
  artifactKey: Guid(fa084020e1784c9469586633e7ebc989) Importer(2089858483,0ecaa5967403d082aa24f35e1b516d23)
Start importing Assets/Sprites/hex-sliced_124.png using Guid(fa084020e1784c9469586633e7ebc989) Importer(2089858483,0ecaa5967403d082aa24f35e1b516d23) [PhysX] Initialized MultithreadedTaskDispatcher with 36 workers.
 -> (artifact id: 'b23806f2f65e887c6a6cf0a0ca63472a') in 0.026250 seconds
Number of updated asset objects reloaded before import = 0
Number of asset objects unloaded after import = 3
========================================================================
Received Import Request.
  Time since last request: 0.000021 seconds.
  path: Assets/Settings/Lit2DSceneTemplate.scenetemplate
  artifactKey: Guid(d03ed43fc9d8a4f2e9fa70c1c7916eb9) Importer(2089858483,0ecaa5967403d082aa24f35e1b516d23)
Start importing Assets/Settings/Lit2DSceneTemplate.scenetemplate using Guid(d03ed43fc9d8a4f2e9fa70c1c7916eb9) Importer(2089858483,0ecaa5967403d082aa24f35e1b516d23) [PhysX] Initialized MultithreadedTaskDispatcher with 36 workers.
 -> (artifact id: 'e4aa7cd8bf9b13a895699673aa4ab064') in 0.081904 seconds
Number of updated asset objects reloaded before import = 0
Number of asset objects unloaded after import = 4
========================================================================
Received Import Request.
  Time since last request: 0.000022 seconds.
  path: Assets/Sprites/hex-sliced_122.png
  artifactKey: Guid(0cfb235cd6b9c214492d75b7e1ef3846) Importer(2089858483,0ecaa5967403d082aa24f35e1b516d23)
Start importing Assets/Sprites/hex-sliced_122.png using Guid(0cfb235cd6b9c214492d75b7e1ef3846) Importer(2089858483,0ecaa5967403d082aa24f35e1b516d23) [PhysX] Initialized MultithreadedTaskDispatcher with 36 workers.
 -> (artifact id: '6481d56f3a25cb28599dada5c25de8dd') in 0.029285 seconds
Number of updated asset objects reloaded before import = 0
Number of asset objects unloaded after import = 3
========================================================================
Received Import Request.
  Time since last request: 0.000034 seconds.
  path: Assets/HexPalette/hex-sliced_94.asset
  artifactKey: Guid(b085fc3305b47464c88ce8b814a9673f) Importer(2089858483,0ecaa5967403d082aa24f35e1b516d23)
Start importing Assets/HexPalette/hex-sliced_94.asset using Guid(b085fc3305b47464c88ce8b814a9673f) Importer(2089858483,0ecaa5967403d082aa24f35e1b516d23) [PhysX] Initialized MultithreadedTaskDispatcher with 36 workers.
 -> (artifact id: '45371cec3b013d3762ea8accce7ac8b9') in 0.015429 seconds
Number of updated asset objects reloaded before import = 0
Number of asset objects unloaded after import = 3
========================================================================
Received Import Request.
  Time since last request: 0.000022 seconds.
  path: Assets/Sprites/hex-sliced_05.png
  artifactKey: Guid(5c92f3ec146957e48b5839b83fa28315) Importer(2089858483,0ecaa5967403d082aa24f35e1b516d23)
Start importing Assets/Sprites/hex-sliced_05.png using Guid(5c92f3ec146957e48b5839b83fa28315) Importer(2089858483,0ecaa5967403d082aa24f35e1b516d23) [PhysX] Initialized MultithreadedTaskDispatcher with 36 workers.
 -> (artifact id: '0c28bb136e6d9ada71d022032ba745db') in 0.025179 seconds
Number of updated asset objects reloaded before import = 0
Number of asset objects unloaded after import = 3
========================================================================
Received Import Request.
  Time since last request: 0.000079 seconds.
  path: Assets/Sprites/hex-sliced_132.png
  artifactKey: Guid(240052b21634caf43a960e75674a5395) Importer(2089858483,0ecaa5967403d082aa24f35e1b516d23)
Start importing Assets/Sprites/hex-sliced_132.png using Guid(240052b21634caf43a960e75674a5395) Importer(2089858483,0ecaa5967403d082aa24f35e1b516d23) [PhysX] Initialized MultithreadedTaskDispatcher with 36 workers.
 -> (artifact id: 'e90708901fb5eac84c849e43dfa2fa41') in 0.024718 seconds
Number of updated asset objects reloaded before import = 0
Number of asset objects unloaded after import = 3
========================================================================
Received Import Request.
  Time since last request: 0.000020 seconds.
  path: Assets/Sprites/hex-sliced_13.png
  artifactKey: Guid(25c7a15a3bc26ce4cabf5dfae66201e3) Importer(2089858483,0ecaa5967403d082aa24f35e1b516d23)
Start importing Assets/Sprites/hex-sliced_13.png using Guid(25c7a15a3bc26ce4cabf5dfae66201e3) Importer(2089858483,0ecaa5967403d082aa24f35e1b516d23) [PhysX] Initialized MultithreadedTaskDispatcher with 36 workers.
 -> (artifact id: '9e37bed9fe6ebbdb418cadbc1c330d68') in 0.022939 seconds
Number of updated asset objects reloaded before import = 0
Number of asset objects unloaded after import = 3
========================================================================
Received Import Request.
  Time since last request: 0.000019 seconds.
  path: Assets/Sprites/hex-sliced_138.png
  artifactKey: Guid(0b83c7cf755c49549952eb7b5d134354) Importer(2089858483,0ecaa5967403d082aa24f35e1b516d23)
Start importing Assets/Sprites/hex-sliced_138.png using Guid(0b83c7cf755c49549952eb7b5d134354) Importer(2089858483,0ecaa5967403d082aa24f35e1b516d23) [PhysX] Initialized MultithreadedTaskDispatcher with 36 workers.
 -> (artifact id: '9db39cde100a7f3df5de717bf879c01f') in 0.029386 seconds
Number of updated asset objects reloaded before import = 0
Number of asset objects unloaded after import = 3
========================================================================
Received Import Request.
  Time since last request: 0.000037 seconds.
  path: Assets/HexPalette/hex-sliced_88.asset
  artifactKey: Guid(11b14f30ac8a1414ca8e97893b40353f) Importer(2089858483,0ecaa5967403d082aa24f35e1b516d23)
Start importing Assets/HexPalette/hex-sliced_88.asset using Guid(11b14f30ac8a1414ca8e97893b40353f) Importer(2089858483,0ecaa5967403d082aa24f35e1b516d23) [PhysX] Initialized MultithreadedTaskDispatcher with 36 workers.
 -> (artifact id: '2dc6058570f33f65edb24d0f2789999c') in 0.020472 seconds
Number of updated asset objects reloaded before import = 0
Number of asset objects unloaded after import = 3
========================================================================
Received Import Request.
  Time since last request: 0.000020 seconds.
  path: Assets/Sprites/hex-sliced_104.png
  artifactKey: Guid(8ea727c3a77f5664585e50bc6f540bee) Importer(2089858483,0ecaa5967403d082aa24f35e1b516d23)
Start importing Assets/Sprites/hex-sliced_104.png using Guid(8ea727c3a77f5664585e50bc6f540bee) Importer(2089858483,0ecaa5967403d082aa24f35e1b516d23) [PhysX] Initialized MultithreadedTaskDispatcher with 36 workers.
 -> (artifact id: '515d20163d78ad5d400ea2f156cec02c') in 0.032723 seconds
Number of updated asset objects reloaded before import = 0
Number of asset objects unloaded after import = 3
========================================================================
Received Import Request.
  Time since last request: 0.000023 seconds.
  path: Assets/Sprites/hex-sliced_80.png
  artifactKey: Guid(5cbbd9a4271f04e4591ae1255c425698) Importer(2089858483,0ecaa5967403d082aa24f35e1b516d23)
Start importing Assets/Sprites/hex-sliced_80.png using Guid(5cbbd9a4271f04e4591ae1255c425698) Importer(2089858483,0ecaa5967403d082aa24f35e1b516d23) [PhysX] Initialized MultithreadedTaskDispatcher with 36 workers.
 -> (artifact id: 'a11ef3d1b0f8f3db8db1a63b75204ad2') in 0.021462 seconds
Number of updated asset objects reloaded before import = 0
Number of asset objects unloaded after import = 3
========================================================================
Received Import Request.
  Time since last request: 0.000025 seconds.
  path: Assets/Sprites/hex-sliced_63.png
  artifactKey: Guid(9418914abc6dc874bbc8603ab149c607) Importer(2089858483,0ecaa5967403d082aa24f35e1b516d23)
Start importing Assets/Sprites/hex-sliced_63.png using Guid(9418914abc6dc874bbc8603ab149c607) Importer(2089858483,0ecaa5967403d082aa24f35e1b516d23) [PhysX] Initialized MultithreadedTaskDispatcher with 36 workers.
 -> (artifact id: '41e510dce4590ae08e99ea8fdcd8655c') in 0.039995 seconds
Number of updated asset objects reloaded before import = 0
Number of asset objects unloaded after import = 3
========================================================================
Received Import Request.
  Time since last request: 0.000042 seconds.
  path: Assets/Sprites/hex-sliced_47.png
  artifactKey: Guid(769c311a90c4a234383a8af6191aad14) Importer(2089858483,0ecaa5967403d082aa24f35e1b516d23)
Start importing Assets/Sprites/hex-sliced_47.png using Guid(769c311a90c4a234383a8af6191aad14) Importer(2089858483,0ecaa5967403d082aa24f35e1b516d23) [PhysX] Initialized MultithreadedTaskDispatcher with 36 workers.
 -> (artifact id: '6390030b5e80e18a916cfe1a54ceadcc') in 0.024642 seconds
Number of updated asset objects reloaded before import = 0
Number of asset objects unloaded after import = 3
========================================================================
Received Import Request.
  Time since last request: 0.000022 seconds.
  path: Assets/Sprites/hex-sliced_53.png
  artifactKey: Guid(cc502a41dd51d89409115ee643436b2c) Importer(2089858483,0ecaa5967403d082aa24f35e1b516d23)
Start importing Assets/Sprites/hex-sliced_53.png using Guid(cc502a41dd51d89409115ee643436b2c) Importer(2089858483,0ecaa5967403d082aa24f35e1b516d23) [PhysX] Initialized MultithreadedTaskDispatcher with 36 workers.
 -> (artifact id: '758baa9d5cbc27893efb9d8e9784eea9') in 0.030741 seconds
Number of updated asset objects reloaded before import = 0
Number of asset objects unloaded after import = 3
========================================================================
Received Import Request.
  Time since last request: 0.000020 seconds.
  path: Assets/Sprites/hex-sliced_69.png
  artifactKey: Guid(f47e1ee9d6939fe47b796b3ce2c8a05e) Importer(2089858483,0ecaa5967403d082aa24f35e1b516d23)
Start importing Assets/Sprites/hex-sliced_69.png using Guid(f47e1ee9d6939fe47b796b3ce2c8a05e) Importer(2089858483,0ecaa5967403d082aa24f35e1b516d23) [PhysX] Initialized MultithreadedTaskDispatcher with 36 workers.
 -> (artifact id: '7dfaf832c95baf70eb90292211e29631') in 0.021714 seconds
Number of updated asset objects reloaded before import = 0
Number of asset objects unloaded after import = 3
========================================================================
Received Import Request.
  Time since last request: 0.000022 seconds.
  path: Assets/Sprites/hex-sliced_30.png
  artifactKey: Guid(4ac635f94f84b4f4fa2f7b10c7c6df8c) Importer(2089858483,0ecaa5967403d082aa24f35e1b516d23)
Start importing Assets/Sprites/hex-sliced_30.png using Guid(4ac635f94f84b4f4fa2f7b10c7c6df8c) Importer(2089858483,0ecaa5967403d082aa24f35e1b516d23) [PhysX] Initialized MultithreadedTaskDispatcher with 36 workers.
 -> (artifact id: '4ac542cefb5a8b090e5c011a8a514bda') in 0.031724 seconds
Number of updated asset objects reloaded before import = 0
Number of asset objects unloaded after import = 3
========================================================================
Received Import Request.
  Time since last request: 0.000024 seconds.
  path: Assets/Sprites/hex-sliced_61.png
  artifactKey: Guid(1bc9bbe52e2a15e45bd6d6a10b17fa39) Importer(2089858483,0ecaa5967403d082aa24f35e1b516d23)
Start importing Assets/Sprites/hex-sliced_61.png using Guid(1bc9bbe52e2a15e45bd6d6a10b17fa39) Importer(2089858483,0ecaa5967403d082aa24f35e1b516d23) [PhysX] Initialized MultithreadedTaskDispatcher with 36 workers.
 -> (artifact id: '491c94336cfb168eebd0a6f83fc801c7') in 0.030160 seconds
Number of updated asset objects reloaded before import = 0
Number of asset objects unloaded after import = 3
========================================================================
Received Import Request.
  Time since last request: 0.000027 seconds.
  path: Assets/Sprites/hex-sliced_40.png
  artifactKey: Guid(eca51b4c05d4ca2478c82f07f0430cb5) Importer(2089858483,0ecaa5967403d082aa24f35e1b516d23)
Start importing Assets/Sprites/hex-sliced_40.png using Guid(eca51b4c05d4ca2478c82f07f0430cb5) Importer(2089858483,0ecaa5967403d082aa24f35e1b516d23) [PhysX] Initialized MultithreadedTaskDispatcher with 36 workers.
 -> (artifact id: 'c011eab370ac6c7e8fe6069144deaf4c') in 0.025377 seconds
Number of updated asset objects reloaded before import = 0
Number of asset objects unloaded after import = 3
========================================================================
Received Import Request.
  Time since last request: 0.000026 seconds.
  path: Assets/Sprites/hex-sliced_44.png
  artifactKey: Guid(e21a65effe19619458cb68008b23df18) Importer(2089858483,0ecaa5967403d082aa24f35e1b516d23)
Start importing Assets/Sprites/hex-sliced_44.png using Guid(e21a65effe19619458cb68008b23df18) Importer(2089858483,0ecaa5967403d082aa24f35e1b516d23) [PhysX] Initialized MultithreadedTaskDispatcher with 36 workers.
 -> (artifact id: '0dbd26d66c4eaa7aab5751478a975bae') in 0.021885 seconds
Number of updated asset objects reloaded before import = 0
Number of asset objects unloaded after import = 3
========================================================================
Received Import Request.
  Time since last request: 0.000031 seconds.
  path: Assets/Sprites/hex-sliced_46.png
  artifactKey: Guid(22abad6aac53adb4f9458354ef74bc32) Importer(2089858483,0ecaa5967403d082aa24f35e1b516d23)
Start importing Assets/Sprites/hex-sliced_46.png using Guid(22abad6aac53adb4f9458354ef74bc32) Importer(2089858483,0ecaa5967403d082aa24f35e1b516d23) [PhysX] Initialized MultithreadedTaskDispatcher with 36 workers.
 -> (artifact id: 'd2c12708825ac7c849f485664430d78e') in 0.028681 seconds
Number of updated asset objects reloaded before import = 0
Number of asset objects unloaded after import = 3
========================================================================
Received Import Request.
  Time since last request: 0.000021 seconds.
  path: Assets/Sprites/hex-sliced_25.png
  artifactKey: Guid(da1eda92c7749c548bb342963848aac6) Importer(2089858483,0ecaa5967403d082aa24f35e1b516d23)
Start importing Assets/Sprites/hex-sliced_25.png using Guid(da1eda92c7749c548bb342963848aac6) Importer(2089858483,0ecaa5967403d082aa24f35e1b516d23) [PhysX] Initialized MultithreadedTaskDispatcher with 36 workers.
 -> (artifact id: '5efb63f83b5193d34ca61ae59ba886bc') in 0.033690 seconds
Number of updated asset objects reloaded before import = 0
Number of asset objects unloaded after import = 3
========================================================================
Received Import Request.
  Time since last request: 0.000020 seconds.
  path: Assets/HexPalette/hex-sliced_99.asset
  artifactKey: Guid(0bb82c277bb0a0b4e8d7d55909cf0fbb) Importer(2089858483,0ecaa5967403d082aa24f35e1b516d23)
Start importing Assets/HexPalette/hex-sliced_99.asset using Guid(0bb82c277bb0a0b4e8d7d55909cf0fbb) Importer(2089858483,0ecaa5967403d082aa24f35e1b516d23) [PhysX] Initialized MultithreadedTaskDispatcher with 36 workers.
 -> (artifact id: '96b6b74d7040c89caf6a03359e364499') in 0.018799 seconds
Number of updated asset objects reloaded before import = 0
Number of asset objects unloaded after import = 3
========================================================================
Received Import Request.
  Time since last request: 0.000029 seconds.
  path: Assets/Sprites/hex-sliced_79.png
  artifactKey: Guid(921f451e3b4d67b458ed1e69fe6aad76) Importer(2089858483,0ecaa5967403d082aa24f35e1b516d23)
Start importing Assets/Sprites/hex-sliced_79.png using Guid(921f451e3b4d67b458ed1e69fe6aad76) Importer(2089858483,0ecaa5967403d082aa24f35e1b516d23) [PhysX] Initialized MultithreadedTaskDispatcher with 36 workers.
 -> (artifact id: '9baca6b1b2e1d12704796cdc7fb89727') in 0.020519 seconds
Number of updated asset objects reloaded before import = 0
Number of asset objects unloaded after import = 3
========================================================================
Received Import Request.
  Time since last request: 0.000036 seconds.
  path: Assets/Sprites/hex-sliced_92.png
  artifactKey: Guid(6a6f13b05a266124b92e365ceb75787c) Importer(2089858483,0ecaa5967403d082aa24f35e1b516d23)
Start importing Assets/Sprites/hex-sliced_92.png using Guid(6a6f13b05a266124b92e365ceb75787c) Importer(2089858483,0ecaa5967403d082aa24f35e1b516d23) [PhysX] Initialized MultithreadedTaskDispatcher with 36 workers.
 -> (artifact id: '998ea00ca68b36016f93fe0bdf0546a0') in 0.025663 seconds
Number of updated asset objects reloaded before import = 0
Number of asset objects unloaded after import = 3
========================================================================
Received Import Request.
  Time since last request: 0.000022 seconds.
  path: Assets/Tiles/hex-sliced_113.asset
  artifactKey: Guid(bc693699f167ca1488e0ac3a083a2e3e) Importer(2089858483,0ecaa5967403d082aa24f35e1b516d23)
Start importing Assets/Tiles/hex-sliced_113.asset using Guid(bc693699f167ca1488e0ac3a083a2e3e) Importer(2089858483,0ecaa5967403d082aa24f35e1b516d23) [PhysX] Initialized MultithreadedTaskDispatcher with 36 workers.
 -> (artifact id: 'a202dac07dc8c0f7b87486f13b00652e') in 0.015548 seconds
Number of updated asset objects reloaded before import = 0
Number of asset objects unloaded after import = 3
========================================================================
Received Import Request.
  Time since last request: 0.000023 seconds.
  path: Assets/Tiles/hex-sliced_105.asset
  artifactKey: Guid(87af1d7489a9cb140b7fd4b723ae6dcb) Importer(2089858483,0ecaa5967403d082aa24f35e1b516d23)
Start importing Assets/Tiles/hex-sliced_105.asset using Guid(87af1d7489a9cb140b7fd4b723ae6dcb) Importer(2089858483,0ecaa5967403d082aa24f35e1b516d23) [PhysX] Initialized MultithreadedTaskDispatcher with 36 workers.
 -> (artifact id: 'b7a3cd2561fb9f6183f05d1ec9dbcc43') in 0.021280 seconds
Number of updated asset objects reloaded before import = 0
Number of asset objects unloaded after import = 3
========================================================================
Received Import Request.
  Time since last request: 0.000027 seconds.
  path: Assets/Tiles/hex-sliced_136.asset
  artifactKey: Guid(0329e4c9e128cda4b819b904701ca732) Importer(2089858483,0ecaa5967403d082aa24f35e1b516d23)
Start importing Assets/Tiles/hex-sliced_136.asset using Guid(0329e4c9e128cda4b819b904701ca732) Importer(2089858483,0ecaa5967403d082aa24f35e1b516d23) [PhysX] Initialized MultithreadedTaskDispatcher with 36 workers.
 -> (artifact id: 'e57859fedb50bc4bad7a6bc3c804c4c2') in 0.015749 seconds
Number of updated asset objects reloaded before import = 0
Number of asset objects unloaded after import = 3
========================================================================
Received Import Request.
  Time since last request: 0.000031 seconds.
  path: Assets/Sprites/hex-sliced_86.png
  artifactKey: Guid(88c5bb6a9e306d94a862c2fe180865d3) Importer(2089858483,0ecaa5967403d082aa24f35e1b516d23)
Start importing Assets/Sprites/hex-sliced_86.png using Guid(88c5bb6a9e306d94a862c2fe180865d3) Importer(2089858483,0ecaa5967403d082aa24f35e1b516d23) [PhysX] Initialized MultithreadedTaskDispatcher with 36 workers.
 -> (artifact id: '515c4b0c1a7bbbb692ada292c0481fc2') in 0.028880 seconds
Number of updated asset objects reloaded before import = 0
Number of asset objects unloaded after import = 3
========================================================================
Received Import Request.
  Time since last request: 0.000035 seconds.
  path: Assets/Tiles/hex-sliced_131.asset
  artifactKey: Guid(b1ca063cfcdc62144bdeb1bf5ac2e1f1) Importer(2089858483,0ecaa5967403d082aa24f35e1b516d23)
Start importing Assets/Tiles/hex-sliced_131.asset using Guid(b1ca063cfcdc62144bdeb1bf5ac2e1f1) Importer(2089858483,0ecaa5967403d082aa24f35e1b516d23) [PhysX] Initialized MultithreadedTaskDispatcher with 36 workers.
 -> (artifact id: '835d4e3f5bda75d4a1da6f75ba1dcbf1') in 0.019662 seconds
Number of updated asset objects reloaded before import = 0
Number of asset objects unloaded after import = 3
========================================================================
Received Import Request.
  Time since last request: 0.000021 seconds.
  path: Assets/Tiles/hex-sliced_100.asset
  artifactKey: Guid(0e85112b1dce2594fa0dd979faf34261) Importer(2089858483,0ecaa5967403d082aa24f35e1b516d23)
Start importing Assets/Tiles/hex-sliced_100.asset using Guid(0e85112b1dce2594fa0dd979faf34261) Importer(2089858483,0ecaa5967403d082aa24f35e1b516d23) [PhysX] Initialized MultithreadedTaskDispatcher with 36 workers.
 -> (artifact id: '55495e60a60c3753ad955003b1e7d7f0') in 0.027137 seconds
Number of updated asset objects reloaded before import = 0
Number of asset objects unloaded after import = 3
========================================================================
Received Import Request.
  Time since last request: 0.000025 seconds.
  path: Assets/Tiles/hex-sliced_121.asset
  artifactKey: Guid(864a7880b9b3d9242ad0a336720ee1c3) Importer(2089858483,0ecaa5967403d082aa24f35e1b516d23)
Start importing Assets/Tiles/hex-sliced_121.asset using Guid(864a7880b9b3d9242ad0a336720ee1c3) Importer(2089858483,0ecaa5967403d082aa24f35e1b516d23) [PhysX] Initialized MultithreadedTaskDispatcher with 36 workers.
 -> (artifact id: 'da96ef4ef0bab7e611ceca13f2845df0') in 0.015377 seconds
Number of updated asset objects reloaded before import = 0
Number of asset objects unloaded after import = 3
========================================================================
Received Import Request.
  Time since last request: 0.000030 seconds.
  path: Assets/Tiles/hex-sliced_02.asset
  artifactKey: Guid(0827e21a3992cc9438e5e7c0935c40c1) Importer(2089858483,0ecaa5967403d082aa24f35e1b516d23)
Start importing Assets/Tiles/hex-sliced_02.asset using Guid(0827e21a3992cc9438e5e7c0935c40c1) Importer(2089858483,0ecaa5967403d082aa24f35e1b516d23) [PhysX] Initialized MultithreadedTaskDispatcher with 36 workers.
 -> (artifact id: '0b88c1c2139fe52280b2e600fa3c6a20') in 0.015457 seconds
Number of updated asset objects reloaded before import = 0
Number of asset objects unloaded after import = 3
========================================================================
Received Import Request.
  Time since last request: 0.000021 seconds.
  path: Assets/Tiles/hex-sliced_06.asset
  artifactKey: Guid(19070b27a59fc4a4caa383a25935aaa5) Importer(2089858483,0ecaa5967403d082aa24f35e1b516d23)
Start importing Assets/Tiles/hex-sliced_06.asset using Guid(19070b27a59fc4a4caa383a25935aaa5) Importer(2089858483,0ecaa5967403d082aa24f35e1b516d23) [PhysX] Initialized MultithreadedTaskDispatcher with 36 workers.
 -> (artifact id: 'f76b8a0e914980cc416d51bbe640c8e6') in 0.017190 seconds
Number of updated asset objects reloaded before import = 0
Number of asset objects unloaded after import = 3
========================================================================
Received Import Request.
  Time since last request: 0.000020 seconds.
  path: Assets/Tiles/hex-sliced_128.asset
  artifactKey: Guid(e6ac90e5d4d5fd84eb9ae5eec2f7cd89) Importer(2089858483,0ecaa5967403d082aa24f35e1b516d23)
Start importing Assets/Tiles/hex-sliced_128.asset using Guid(e6ac90e5d4d5fd84eb9ae5eec2f7cd89) Importer(2089858483,0ecaa5967403d082aa24f35e1b516d23) [PhysX] Initialized MultithreadedTaskDispatcher with 36 workers.
 -> (artifact id: 'd0b7ea7e53477b4dcc65be91a272b3e0') in 0.012934 seconds
Number of updated asset objects reloaded before import = 0
Number of asset objects unloaded after import = 3
========================================================================
Received Import Request.
  Time since last request: 0.000024 seconds.
  path: Assets/Tiles/hex-sliced_101.asset
  artifactKey: Guid(c4028f3739923d74590317ac77987b04) Importer(2089858483,0ecaa5967403d082aa24f35e1b516d23)
Start importing Assets/Tiles/hex-sliced_101.asset using Guid(c4028f3739923d74590317ac77987b04) Importer(2089858483,0ecaa5967403d082aa24f35e1b516d23) [PhysX] Initialized MultithreadedTaskDispatcher with 36 workers.
 -> (artifact id: 'ee927e58d0b10408aa33c5a447c129a0') in 0.016927 seconds
Number of updated asset objects reloaded before import = 0
Number of asset objects unloaded after import = 3
========================================================================
Received Import Request.
  Time since last request: 0.000030 seconds.
  path: Assets/Tiles/hex-sliced_106.asset
  artifactKey: Guid(61ef37816df33a547987e10af73896e0) Importer(2089858483,0ecaa5967403d082aa24f35e1b516d23)
Start importing Assets/Tiles/hex-sliced_106.asset using Guid(61ef37816df33a547987e10af73896e0) Importer(2089858483,0ecaa5967403d082aa24f35e1b516d23) [PhysX] Initialized MultithreadedTaskDispatcher with 36 workers.
 -> (artifact id: '84fb55436b6620886136fe76821b172e') in 0.014764 seconds
Number of updated asset objects reloaded before import = 0
Number of asset objects unloaded after import = 3
========================================================================
Received Import Request.
  Time since last request: 0.000021 seconds.
  path: Assets/Tiles/hex-sliced_107.asset
  artifactKey: Guid(280139e3b62bbc847a41b67839fb86ea) Importer(2089858483,0ecaa5967403d082aa24f35e1b516d23)
Start importing Assets/Tiles/hex-sliced_107.asset using Guid(280139e3b62bbc847a41b67839fb86ea) Importer(2089858483,0ecaa5967403d082aa24f35e1b516d23) [PhysX] Initialized MultithreadedTaskDispatcher with 36 workers.
 -> (artifact id: '6c6a19e3b45fb0597ffa8f360e0f431b') in 0.022196 seconds
Number of updated asset objects reloaded before import = 0
Number of asset objects unloaded after import = 3
========================================================================
Received Import Request.
  Time since last request: 0.000022 seconds.
  path: Assets/Sprites/hex-sliced_131.png
  artifactKey: Guid(c2833c23be91e7846bf7a728141a4f8d) Importer(2089858483,0ecaa5967403d082aa24f35e1b516d23)
Start importing Assets/Sprites/hex-sliced_131.png using Guid(c2833c23be91e7846bf7a728141a4f8d) Importer(2089858483,0ecaa5967403d082aa24f35e1b516d23) [PhysX] Initialized MultithreadedTaskDispatcher with 36 workers.
 -> (artifact id: '70c530b870f85ca34c24f2b346be4209') in 0.022433 seconds
Number of updated asset objects reloaded before import = 0
Number of asset objects unloaded after import = 3
========================================================================
Received Import Request.
  Time since last request: 0.000021 seconds.
  path: Assets/HexPalette/hex-sliced_36.asset
  artifactKey: Guid(b1437a326267d3844bae40dc32575d3c) Importer(2089858483,0ecaa5967403d082aa24f35e1b516d23)
Start importing Assets/HexPalette/hex-sliced_36.asset using Guid(b1437a326267d3844bae40dc32575d3c) Importer(2089858483,0ecaa5967403d082aa24f35e1b516d23) [PhysX] Initialized MultithreadedTaskDispatcher with 36 workers.
 -> (artifact id: '86294a9d3b6f61052a101ec03ad69454') in 0.015223 seconds
Number of updated asset objects reloaded before import = 0
Number of asset objects unloaded after import = 3
========================================================================
Received Import Request.
  Time since last request: 0.000037 seconds.
  path: Assets/HexPalette/hex-sliced_84.asset
  artifactKey: Guid(3e70809466a7c68438be53836ed9e23c) Importer(2089858483,0ecaa5967403d082aa24f35e1b516d23)
Start importing Assets/HexPalette/hex-sliced_84.asset using Guid(3e70809466a7c68438be53836ed9e23c) Importer(2089858483,0ecaa5967403d082aa24f35e1b516d23) [PhysX] Initialized MultithreadedTaskDispatcher with 36 workers.
 -> (artifact id: 'f426867d2461a39c0c9dd08776fc60bc') in 0.019195 seconds
Number of updated asset objects reloaded before import = 0
Number of asset objects unloaded after import = 3
========================================================================
Received Import Request.
  Time since last request: 0.000021 seconds.
  path: Assets/Tiles/hex-sliced_29.asset
  artifactKey: Guid(3d28870fe12f10544a0fcb005c21dc2d) Importer(2089858483,0ecaa5967403d082aa24f35e1b516d23)
Start importing Assets/Tiles/hex-sliced_29.asset using Guid(3d28870fe12f10544a0fcb005c21dc2d) Importer(2089858483,0ecaa5967403d082aa24f35e1b516d23) [PhysX] Initialized MultithreadedTaskDispatcher with 36 workers.
 -> (artifact id: '466a3fb8cbc8952c46ef6383e8d425c8') in 0.019979 seconds
Number of updated asset objects reloaded before import = 0
Number of asset objects unloaded after import = 3
========================================================================
Received Import Request.
  Time since last request: 0.000023 seconds.
  path: Assets/Tiles/hex-sliced_80.asset
  artifactKey: Guid(98b7ae08ef7fc144d8c704c39f356313) Importer(2089858483,0ecaa5967403d082aa24f35e1b516d23)
Start importing Assets/Tiles/hex-sliced_80.asset using Guid(98b7ae08ef7fc144d8c704c39f356313) Importer(2089858483,0ecaa5967403d082aa24f35e1b516d23) [PhysX] Initialized MultithreadedTaskDispatcher with 36 workers.
 -> (artifact id: '278eee86b58e56529e1e286e57ddaf5d') in 0.016175 seconds
Number of updated asset objects reloaded before import = 0
Number of asset objects unloaded after import = 3
========================================================================
Received Import Request.
  Time since last request: 0.000023 seconds.
  path: Assets/Tiles/hex-sliced_59.asset
  artifactKey: Guid(24227dc05ddfd034ea1b23a967d17677) Importer(2089858483,0ecaa5967403d082aa24f35e1b516d23)
Start importing Assets/Tiles/hex-sliced_59.asset using Guid(24227dc05ddfd034ea1b23a967d17677) Importer(2089858483,0ecaa5967403d082aa24f35e1b516d23) [PhysX] Initialized MultithreadedTaskDispatcher with 36 workers.
 -> (artifact id: 'e29800e7f02a1c885b6843cf9c6e94e4') in 0.023751 seconds
Number of updated asset objects reloaded before import = 0
Number of asset objects unloaded after import = 3
========================================================================
Received Import Request.
  Time since last request: 0.000034 seconds.
  path: Assets/Tiles/hex-sliced_15.asset
  artifactKey: Guid(43a8caf6d90fd6f4ba65c378f7a39ae3) Importer(2089858483,0ecaa5967403d082aa24f35e1b516d23)
Start importing Assets/Tiles/hex-sliced_15.asset using Guid(43a8caf6d90fd6f4ba65c378f7a39ae3) Importer(2089858483,0ecaa5967403d082aa24f35e1b516d23) [PhysX] Initialized MultithreadedTaskDispatcher with 36 workers.
 -> (artifact id: 'b7a1cca384b31481b4359faf30469ae7') in 0.018425 seconds
Number of updated asset objects reloaded before import = 0
Number of asset objects unloaded after import = 3
========================================================================
Received Import Request.
  Time since last request: 0.000020 seconds.
  path: Assets/Tiles/hex-sliced_63.asset
  artifactKey: Guid(c7d9f006c6f8530418a96fecd2adbdaa) Importer(2089858483,0ecaa5967403d082aa24f35e1b516d23)
Start importing Assets/Tiles/hex-sliced_63.asset using Guid(c7d9f006c6f8530418a96fecd2adbdaa) Importer(2089858483,0ecaa5967403d082aa24f35e1b516d23) [PhysX] Initialized MultithreadedTaskDispatcher with 36 workers.
 -> (artifact id: 'e3e5da4d8416d8fe12e3fc7725ecc371') in 0.020638 seconds
Number of updated asset objects reloaded before import = 0
Number of asset objects unloaded after import = 3
========================================================================
Received Import Request.
  Time since last request: 0.000027 seconds.
  path: Assets/Tiles/hex-sliced_49.asset
  artifactKey: Guid(d9ec9bcd4445c704cb59d83d837c1de8) Importer(2089858483,0ecaa5967403d082aa24f35e1b516d23)
Start importing Assets/Tiles/hex-sliced_49.asset using Guid(d9ec9bcd4445c704cb59d83d837c1de8) Importer(2089858483,0ecaa5967403d082aa24f35e1b516d23) [PhysX] Initialized MultithreadedTaskDispatcher with 36 workers.
 -> (artifact id: '814bb2d19d18f151576d133653edde0d') in 0.016591 seconds
Number of updated asset objects reloaded before import = 0
Number of asset objects unloaded after import = 3
========================================================================
Received Import Request.
  Time since last request: 0.000024 seconds.
  path: Assets/Tiles/hex-sliced_75.asset
  artifactKey: Guid(6bd618296c9326841b005ef5f462cc9b) Importer(2089858483,0ecaa5967403d082aa24f35e1b516d23)
Start importing Assets/Tiles/hex-sliced_75.asset using Guid(6bd618296c9326841b005ef5f462cc9b) Importer(2089858483,0ecaa5967403d082aa24f35e1b516d23) [PhysX] Initialized MultithreadedTaskDispatcher with 36 workers.
 -> (artifact id: 'c0717780b3c039bd61a4b54a87efd5a1') in 0.015830 seconds
Number of updated asset objects reloaded before import = 0
Number of asset objects unloaded after import = 3
========================================================================
Received Import Request.
  Time since last request: 0.000028 seconds.
  path: Assets/Tiles/hex-sliced_138.asset
  artifactKey: Guid(47a091fefd82189429dba323f8f59fe2) Importer(2089858483,0ecaa5967403d082aa24f35e1b516d23)
Start importing Assets/Tiles/hex-sliced_138.asset using Guid(47a091fefd82189429dba323f8f59fe2) Importer(2089858483,0ecaa5967403d082aa24f35e1b516d23) [PhysX] Initialized MultithreadedTaskDispatcher with 36 workers.
 -> (artifact id: '494453a7371e0aa259bc5be83caa2908') in 0.016159 seconds
Number of updated asset objects reloaded before import = 0
Number of asset objects unloaded after import = 3
========================================================================
Received Import Request.
  Time since last request: 0.000023 seconds.
  path: Assets/Tiles/hex-sliced_36.asset
  artifactKey: Guid(157b165db536a534d922bb2028de9b0f) Importer(2089858483,0ecaa5967403d082aa24f35e1b516d23)
Start importing Assets/Tiles/hex-sliced_36.asset using Guid(157b165db536a534d922bb2028de9b0f) Importer(2089858483,0ecaa5967403d082aa24f35e1b516d23) [PhysX] Initialized MultithreadedTaskDispatcher with 36 workers.
 -> (artifact id: 'e8df0475efb461837454b7b0a72d41dd') in 0.016459 seconds
Number of updated asset objects reloaded before import = 0
Number of asset objects unloaded after import = 3
========================================================================
Received Import Request.
  Time since last request: 0.000022 seconds.
  path: Assets/Tiles/hex-sliced_62.asset
  artifactKey: Guid(548de1f61caf7194cbb7e2d2498ebc52) Importer(2089858483,0ecaa5967403d082aa24f35e1b516d23)
Start importing Assets/Tiles/hex-sliced_62.asset using Guid(548de1f61caf7194cbb7e2d2498ebc52) Importer(2089858483,0ecaa5967403d082aa24f35e1b516d23) [PhysX] Initialized MultithreadedTaskDispatcher with 36 workers.
 -> (artifact id: 'bb3c08de66c3260e030731b7597a7b56') in 0.019203 seconds
Number of updated asset objects reloaded before import = 0
Number of asset objects unloaded after import = 3
========================================================================
Received Import Request.
  Time since last request: 0.000021 seconds.
  path: Assets/Tiles/hex-sliced_20.asset
  artifactKey: Guid(235f4765e4395304d8bab68983bc042a) Importer(2089858483,0ecaa5967403d082aa24f35e1b516d23)
Start importing Assets/Tiles/hex-sliced_20.asset using Guid(235f4765e4395304d8bab68983bc042a) Importer(2089858483,0ecaa5967403d082aa24f35e1b516d23) [PhysX] Initialized MultithreadedTaskDispatcher with 36 workers.
 -> (artifact id: 'bbc27a495f811bb36ace7352920b73a3') in 0.024276 seconds
Number of updated asset objects reloaded before import = 0
Number of asset objects unloaded after import = 3
========================================================================
Received Import Request.
  Time since last request: 0.000031 seconds.
  path: Assets/Tiles/hex-sliced_42.asset
  artifactKey: Guid(d30f943198f178e4fae3dcbfac80dc99) Importer(2089858483,0ecaa5967403d082aa24f35e1b516d23)
Start importing Assets/Tiles/hex-sliced_42.asset using Guid(d30f943198f178e4fae3dcbfac80dc99) Importer(2089858483,0ecaa5967403d082aa24f35e1b516d23) [PhysX] Initialized MultithreadedTaskDispatcher with 36 workers.
 -> (artifact id: '99337714be77aed21429f89858606d2d') in 0.023374 seconds
Number of updated asset objects reloaded before import = 0
Number of asset objects unloaded after import = 3
========================================================================
Received Import Request.
  Time since last request: 0.000031 seconds.
  path: Assets/Tiles/hex-sliced_65.asset
  artifactKey: Guid(d39cfe3d399996649aa7b1edbd06d6a6) Importer(2089858483,0ecaa5967403d082aa24f35e1b516d23)
Start importing Assets/Tiles/hex-sliced_65.asset using Guid(d39cfe3d399996649aa7b1edbd06d6a6) Importer(2089858483,0ecaa5967403d082aa24f35e1b516d23) [PhysX] Initialized MultithreadedTaskDispatcher with 36 workers.
 -> (artifact id: '8286b9d989aefae3099303bb9c796287') in 0.013896 seconds
Number of updated asset objects reloaded before import = 0
Number of asset objects unloaded after import = 3
========================================================================
Received Import Request.
  Time since last request: 0.000019 seconds.
  path: Assets/Tiles/hex-sliced_68.asset
  artifactKey: Guid(04564397466ec0845a4997ba7d0e27ff) Importer(2089858483,0ecaa5967403d082aa24f35e1b516d23)
Start importing Assets/Tiles/hex-sliced_68.asset using Guid(04564397466ec0845a4997ba7d0e27ff) Importer(2089858483,0ecaa5967403d082aa24f35e1b516d23) [PhysX] Initialized MultithreadedTaskDispatcher with 36 workers.
 -> (artifact id: 'f262fbc93483c3159c4f956bd0bd1ed2') in 0.016421 seconds
Number of updated asset objects reloaded before import = 0
Number of asset objects unloaded after import = 3
========================================================================
Received Import Request.
  Time since last request: 0.000023 seconds.
  path: Assets/Tiles/hex-sliced_37.asset
  artifactKey: Guid(9f9d87671c9d7e0468e0882827136416) Importer(2089858483,0ecaa5967403d082aa24f35e1b516d23)
Start importing Assets/Tiles/hex-sliced_37.asset using Guid(9f9d87671c9d7e0468e0882827136416) Importer(2089858483,0ecaa5967403d082aa24f35e1b516d23) [PhysX] Initialized MultithreadedTaskDispatcher with 36 workers.
 -> (artifact id: '6a77bc91004c21d47ccbac35b719d379') in 0.013637 seconds
Number of updated asset objects reloaded before import = 0
Number of asset objects unloaded after import = 3
========================================================================
Received Import Request.
  Time since last request: 0.000021 seconds.
  path: Assets/Sprites/hex-sliced_136.png
  artifactKey: Guid(1a76418d2e9f7b94293e324e5277c0d4) Importer(2089858483,0ecaa5967403d082aa24f35e1b516d23)
Start importing Assets/Sprites/hex-sliced_136.png using Guid(1a76418d2e9f7b94293e324e5277c0d4) Importer(2089858483,0ecaa5967403d082aa24f35e1b516d23) [PhysX] Initialized MultithreadedTaskDispatcher with 36 workers.
 -> (artifact id: '082387c7b93024acc04c4e427d030564') in 0.023606 seconds
Number of updated asset objects reloaded before import = 0
Number of asset objects unloaded after import = 3
========================================================================
Received Import Request.
  Time since last request: 0.000020 seconds.
  path: Assets/Sprites/hex-sliced_64.png
  artifactKey: Guid(85c961a91bca3f64cb1d0d7279baaf48) Importer(2089858483,0ecaa5967403d082aa24f35e1b516d23)
Start importing Assets/Sprites/hex-sliced_64.png using Guid(85c961a91bca3f64cb1d0d7279baaf48) Importer(2089858483,0ecaa5967403d082aa24f35e1b516d23) [PhysX] Initialized MultithreadedTaskDispatcher with 36 workers.
 -> (artifact id: '6b6fefd7bd0ba9fc9b7debfdfb1fc5ca') in 0.024852 seconds
Number of updated asset objects reloaded before import = 0
Number of asset objects unloaded after import = 3
========================================================================
Received Import Request.
  Time since last request: 0.000024 seconds.
  path: Assets/Tiles/hex-sliced_90.asset
  artifactKey: Guid(84f25cb485ebcd1418ee2d42dd4caa54) Importer(2089858483,0ecaa5967403d082aa24f35e1b516d23)
Start importing Assets/Tiles/hex-sliced_90.asset using Guid(84f25cb485ebcd1418ee2d42dd4caa54) Importer(2089858483,0ecaa5967403d082aa24f35e1b516d23) [PhysX] Initialized MultithreadedTaskDispatcher with 36 workers.
 -> (artifact id: '37da8defd499c0a16cb43388145d99a8') in 0.016757 seconds
Number of updated asset objects reloaded before import = 0
Number of asset objects unloaded after import = 3
========================================================================
Received Import Request.
  Time since last request: 0.000029 seconds.
  path: Assets/Tiles/hex-sliced_88.asset
  artifactKey: Guid(c016affba13886d48a109b7ee729a5aa) Importer(2089858483,0ecaa5967403d082aa24f35e1b516d23)
Start importing Assets/Tiles/hex-sliced_88.asset using Guid(c016affba13886d48a109b7ee729a5aa) Importer(2089858483,0ecaa5967403d082aa24f35e1b516d23) [PhysX] Initialized MultithreadedTaskDispatcher with 36 workers.
 -> (artifact id: 'd1f5855958ed14fcaed4011ca782ac93') in 0.021603 seconds
Number of updated asset objects reloaded before import = 0
Number of asset objects unloaded after import = 3
========================================================================
Received Import Request.
  Time since last request: 0.000038 seconds.
  path: Assets/Sprites/hex-sliced_42.png
  artifactKey: Guid(c9bc8e040cdc62a408be641659432770) Importer(2089858483,0ecaa5967403d082aa24f35e1b516d23)
Start importing Assets/Sprites/hex-sliced_42.png using Guid(c9bc8e040cdc62a408be641659432770) Importer(2089858483,0ecaa5967403d082aa24f35e1b516d23) [PhysX] Initialized MultithreadedTaskDispatcher with 36 workers.
 -> (artifact id: 'e209573e1fbc5076361699c3b47745f0') in 0.030319 seconds
Number of updated asset objects reloaded before import = 0
Number of asset objects unloaded after import = 3
Editor requested this worker to shutdown with reason: Scaling down because of idle timeout
TcpMessagingSession - receive error: operation aborted. errorcode: 995, details: The I/O operation has been aborted because of either a thread exit or an application request.
AssetImportWorker is now disconnected from the server
Process exiting
Exiting without the bug reporter. Application will terminate with return code 0