Using pre-set license
Built from '2022.3/staging' branch; Version is '2022.3.36f1 (95a4219250e5) revision 9806881'; Using compiler version '192829333'; Build Type 'Release'
OS: 'Windows 10  (10.0.19045) 64bit Enterprise' Language: 'en' Physical Memory: 65234 MB
BatchMode: 1, IsHumanControllingUs: 0, StartBugReporterOnCrash: 0, Is64bit: 1, IsPro: 1

COMMAND LINE ARGUMENTS:
C:\Program Files\Unity\Hub\Editor\2022.3.36f1\Editor\Unity.exe
-adb2
-batchMode
-noUpm
-name
AssetImportWorker3
-projectPath
D:/penda/Unity/Cross_Platform_Second_Year/CardGameBase
-logFile
Logs/AssetImportWorker3.log
-srvPort
64648
Successfully changed project path to: D:/penda/Unity/Cross_Platform_Second_Year/CardGameBase
D:/penda/Unity/Cross_Platform_Second_Year/CardGameBase
[UnityMemory] Configuration Parameters - Can be set up in boot.config
    "memorysetup-bucket-allocator-granularity=16"
    "memorysetup-bucket-allocator-bucket-count=8"
    "memorysetup-bucket-allocator-block-size=33554432"
    "memorysetup-bucket-allocator-block-count=8"
    "memorysetup-main-allocator-block-size=16777216"
    "memorysetup-thread-allocator-block-size=16777216"
    "memorysetup-gfx-main-allocator-block-size=16777216"
    "memorysetup-gfx-thread-allocator-block-size=16777216"
    "memorysetup-cache-allocator-block-size=4194304"
    "memorysetup-typetree-allocator-block-size=2097152"
    "memorysetup-profiler-bucket-allocator-granularity=16"
    "memorysetup-profiler-bucket-allocator-bucket-count=8"
    "memorysetup-profiler-bucket-allocator-block-size=33554432"
    "memorysetup-profiler-bucket-allocator-block-count=8"
    "memorysetup-profiler-allocator-block-size=16777216"
    "memorysetup-profiler-editor-allocator-block-size=1048576"
    "memorysetup-temp-allocator-size-main=16777216"
    "memorysetup-job-temp-allocator-block-size=2097152"
    "memorysetup-job-temp-allocator-block-size-background=1048576"
    "memorysetup-job-temp-allocator-reduction-small-platforms=262144"
    "memorysetup-allocator-temp-initial-block-size-main=262144"
    "memorysetup-allocator-temp-initial-block-size-worker=262144"
    "memorysetup-temp-allocator-size-background-worker=32768"
    "memorysetup-temp-allocator-size-job-worker=262144"
    "memorysetup-temp-allocator-size-preload-manager=33554432"
    "memorysetup-temp-allocator-size-nav-mesh-worker=65536"
    "memorysetup-temp-allocator-size-audio-worker=65536"
    "memorysetup-temp-allocator-size-cloud-worker=32768"
    "memorysetup-temp-allocator-size-gi-baking-worker=262144"
    "memorysetup-temp-allocator-size-gfx=262144"
Player connection [23724] Host "[IP] 10.129.33.56 [Port] 0 [Flags] 2 [Guid] 2984684957 [EditorId] 2984684957 [Version] 1048832 [Id] WindowsEditor(7,DMW6F22) [Debug] 1 [PackageName] WindowsEditor [ProjectName] Editor" joined multi-casting on [225.0.0.222:54997]...

Player connection [23724] Host "[IP] 10.129.33.56 [Port] 0 [Flags] 2 [Guid] 2984684957 [EditorId] 2984684957 [Version] 1048832 [Id] WindowsEditor(7,DMW6F22) [Debug] 1 [PackageName] WindowsEditor [ProjectName] Editor" joined alternative multi-casting on [225.0.0.222:34997]...

[PhysX] Initialized MultithreadedTaskDispatcher with 36 workers.
Refreshing native plugins compatible for Editor in 10.37 ms, found 4 plugins.
Preloading 0 native plugins for Editor in 0.00 ms.
Initialize engine version: 2022.3.36f1 (95a4219250e5)
[Subsystems] Discovering subsystems at path C:/Program Files/Unity/Hub/Editor/2022.3.36f1/Editor/Data/Resources/UnitySubsystems
[Subsystems] Discovering subsystems at path D:/penda/Unity/Cross_Platform_Second_Year/CardGameBase/Assets
GfxDevice: creating device client; threaded=0; jobified=0
Direct3D:
    Version:  Direct3D 11.0 [level 11.1]
    Renderer: NVIDIA GeForce RTX 2080 Ti (ID=0x1e07)
    Vendor:   NVIDIA
    VRAM:     11027 MB
    Driver:   32.0.15.6081
Initialize mono
Mono path[0] = 'C:/Program Files/Unity/Hub/Editor/2022.3.36f1/Editor/Data/Managed'
Mono path[1] = 'C:/Program Files/Unity/Hub/Editor/2022.3.36f1/Editor/Data/MonoBleedingEdge/lib/mono/unityjit-win32'
Mono config path = 'C:/Program Files/Unity/Hub/Editor/2022.3.36f1/Editor/Data/MonoBleedingEdge/etc'
Using monoOptions --debugger-agent=transport=dt_socket,embedding=1,server=y,suspend=n,address=127.0.0.1:56200
Begin MonoManager ReloadAssembly
Registering precompiled unity dll's ...
Register platform support module: C:/Program Files/Unity/Hub/Editor/2022.3.36f1/Editor/Data/PlaybackEngines/WebGLSupport/UnityEditor.WebGL.Extensions.dll
Register platform support module: C:/Program Files/Unity/Hub/Editor/2022.3.36f1/Editor/Data/PlaybackEngines/AndroidPlayer/UnityEditor.Android.Extensions.dll
Register platform support module: C:/Program Files/Unity/Hub/Editor/2022.3.36f1/Editor/Data/PlaybackEngines/WindowsStandaloneSupport/UnityEditor.WindowsStandalone.Extensions.dll
Register platform support module: C:/Program Files/Unity/Hub/Editor/2022.3.36f1/Editor/Data/PlaybackEngines/MetroSupport/UnityEditor.UWP.Extensions.dll
Registered in 0.012392 seconds.
- Loaded All Assemblies, in  0.400 seconds
Native extension for UWP target not found
Native extension for WindowsStandalone target not found
Native extension for Android target not found
Android Extension - Scanning For ADB Devices 339 ms
Native extension for WebGL target not found
Mono: successfully reloaded assembly
- Finished resetting the current domain, in  0.712 seconds
Domain Reload Profiling: 1112ms
	BeginReloadAssembly (120ms)
		ExecutionOrderSort (0ms)
		DisableScriptedObjects (0ms)
		BackupInstance (0ms)
		ReleaseScriptingObjects (0ms)
		CreateAndSetChildDomain (1ms)
	RebuildCommonClasses (39ms)
	RebuildNativeTypeToScriptingClass (12ms)
	initialDomainReloadingComplete (66ms)
	LoadAllAssembliesAndSetupDomain (162ms)
		LoadAssemblies (119ms)
		RebuildTransferFunctionScriptingTraits (0ms)
		AnalyzeDomain (159ms)
			TypeCache.Refresh (157ms)
				TypeCache.ScanAssembly (142ms)
			ScanForSourceGeneratedMonoScriptInfo (0ms)
			ResolveRequiredComponents (0ms)
	FinalizeReload (713ms)
		ReleaseScriptCaches (0ms)
		RebuildScriptCaches (0ms)
		SetupLoadedEditorAssemblies (651ms)
			LogAssemblyErrors (0ms)
			InitializePlatformSupportModulesInManaged (476ms)
			SetLoadedEditorAssemblies (4ms)
			RefreshPlugins (0ms)
			BeforeProcessingInitializeOnLoad (2ms)
			ProcessInitializeOnLoadAttributes (117ms)
			ProcessInitializeOnLoadMethodAttributes (51ms)
			AfterProcessingInitializeOnLoad (0ms)
			EditorAssembliesLoaded (0ms)
		ExecutionOrderSort2 (0ms)
		AwakeInstancesAfterBackupRestoration (0ms)
========================================================================
Worker process is ready to serve import requests
Begin MonoManager ReloadAssembly
- Loaded All Assemblies, in  0.858 seconds
Refreshing native plugins compatible for Editor in 3.08 ms, found 4 plugins.
Native extension for UWP target not found
Native extension for WindowsStandalone target not found
Native extension for Android target not found
Native extension for WebGL target not found
Package Manager log level set to [2]
[Package Manager] Server::EnsureServerProcessIsRunning -- launch failed, reason: Unity was launched with the -noUpm command-line argument
[Package Manager] UpmClient::Send -- Unable to send message (not connected to UPM process).
[Package Manager] Cannot connect to Unity Package Manager local server
Mono: successfully reloaded assembly
- Finished resetting the current domain, in  0.891 seconds
Domain Reload Profiling: 1743ms
	BeginReloadAssembly (189ms)
		ExecutionOrderSort (0ms)
		DisableScriptedObjects (8ms)
		BackupInstance (0ms)
		ReleaseScriptingObjects (0ms)
		CreateAndSetChildDomain (34ms)
	RebuildCommonClasses (37ms)
	RebuildNativeTypeToScriptingClass (12ms)
	initialDomainReloadingComplete (50ms)
	LoadAllAssembliesAndSetupDomain (564ms)
		LoadAssemblies (385ms)
		RebuildTransferFunctionScriptingTraits (0ms)
		AnalyzeDomain (273ms)
			TypeCache.Refresh (228ms)
				TypeCache.ScanAssembly (205ms)
			ScanForSourceGeneratedMonoScriptInfo (33ms)
			ResolveRequiredComponents (12ms)
	FinalizeReload (892ms)
		ReleaseScriptCaches (0ms)
		RebuildScriptCaches (0ms)
		SetupLoadedEditorAssemblies (673ms)
			LogAssemblyErrors (0ms)
			InitializePlatformSupportModulesInManaged (48ms)
			SetLoadedEditorAssemblies (6ms)
			RefreshPlugins (0ms)
			BeforeProcessingInitializeOnLoad (105ms)
			ProcessInitializeOnLoadAttributes (388ms)
			ProcessInitializeOnLoadMethodAttributes (121ms)
			AfterProcessingInitializeOnLoad (6ms)
			EditorAssembliesLoaded (0ms)
		ExecutionOrderSort2 (0ms)
		AwakeInstancesAfterBackupRestoration (6ms)
Launched and connected shader compiler UnityShaderCompiler.exe after 0.07 seconds
Refreshing native plugins compatible for Editor in 6.41 ms, found 4 plugins.
Preloading 0 native plugins for Editor in 0.00 ms.
Unloading 6058 Unused Serialized files (Serialized files now loaded: 0)
Unloading 93 unused Assets / (352.5 KB). Loaded Objects now: 6521.
Memory consumption went from 231.5 MB to 231.2 MB.
Total: 10.062300 ms (FindLiveObjects: 0.998700 ms CreateObjectMapping: 0.757100 ms MarkObjects: 7.855700 ms  DeleteObjects: 0.449300 ms)

AssetImportParameters requested are different than current active one (requested -> active):
  custom:container-demuxer-ogg: 62fdf1f143b41e24485cea50d1cbac27 -> 
  custom:video-decoder-ogg-theora: a1e56fd34408186e4bbccfd4996cb3dc -> 
  custom:framework-win-MediaFoundation: 216162199b28c13a410421893ffa2e32 -> 
  custom:CustomObjectIndexerAttribute: 72b91833f83ae208fae7752999fa3104 -> 
  custom:container-demuxer-webm: 4f35f7cbe854078d1ac9338744f61a02 -> 
  custom:container-muxer-webm: aa71ff27fc2769a1b78a27578f13a17b -> 
  custom:video-decoder-webm-vp8: 9c59270c3fd7afecdb556c50c9e8de78 -> 
  custom:SearchIndexIgnoredProperties: e643bd26f0fe6173181afceb89e7c659 -> 
  custom:AudioImporter_EditorPlatform: d09bf68614088b80899f8185d706f6e7 -> 
  custom:video-encoder-webm-vp8: eb34c28f22e8b96e1ab97ce403110664 -> 
  custom:audio-decoder-ogg-vorbis: bf7c407c2cedff20999df2af8eb42d56 -> 
  custom:audio-encoder-webm-vorbis: bf7c407c2cedff20999df2af8eb42d56 -> 
========================================================================
Received Import Request.
  Time since last request: 46008.557809 seconds.
  path: Assets/HexPalette/hex-sliced_45.asset
  artifactKey: Guid(04565aebc17557849bb7797d17b79e9e) Importer(2089858483,0ecaa5967403d082aa24f35e1b516d23)
Start importing Assets/HexPalette/hex-sliced_45.asset using Guid(04565aebc17557849bb7797d17b79e9e) Importer(2089858483,0ecaa5967403d082aa24f35e1b516d23) [PhysX] Initialized MultithreadedTaskDispatcher with 36 workers.
 -> (artifact id: 'e2d5269901b00c35bc9ff85930279332') in 0.268470 seconds
Number of updated asset objects reloaded before import = 0
Number of asset objects unloaded after import = 3
========================================================================
Received Import Request.
  Time since last request: 0.000031 seconds.
  path: Assets/HexPalette/hex-sliced_112.asset
  artifactKey: Guid(61c5714c83a7be34489d5cdcf56f6723) Importer(2089858483,0ecaa5967403d082aa24f35e1b516d23)
Start importing Assets/HexPalette/hex-sliced_112.asset using Guid(61c5714c83a7be34489d5cdcf56f6723) Importer(2089858483,0ecaa5967403d082aa24f35e1b516d23) [PhysX] Initialized MultithreadedTaskDispatcher with 36 workers.
 -> (artifact id: '457e07ce03f41231b371de5ca8ebfae2') in 0.017890 seconds
Number of updated asset objects reloaded before import = 0
Number of asset objects unloaded after import = 3
========================================================================
Received Import Request.
  Time since last request: 0.000036 seconds.
  path: Assets/HexPalette/hex-sliced_116.asset
  artifactKey: Guid(6384cbd3916372d4895f276d506ab63c) Importer(2089858483,0ecaa5967403d082aa24f35e1b516d23)
Start importing Assets/HexPalette/hex-sliced_116.asset using Guid(6384cbd3916372d4895f276d506ab63c) Importer(2089858483,0ecaa5967403d082aa24f35e1b516d23) [PhysX] Initialized MultithreadedTaskDispatcher with 36 workers.
 -> (artifact id: 'b5700d463b5b43309884b08db3b44fd2') in 0.016706 seconds
Number of updated asset objects reloaded before import = 0
Number of asset objects unloaded after import = 3
========================================================================
Received Import Request.
  Time since last request: 0.000026 seconds.
  path: Assets/HexPalette/hex-sliced_77.asset
  artifactKey: Guid(87ad2e35f40f236488e53e37df69335b) Importer(2089858483,0ecaa5967403d082aa24f35e1b516d23)
Start importing Assets/HexPalette/hex-sliced_77.asset using Guid(87ad2e35f40f236488e53e37df69335b) Importer(2089858483,0ecaa5967403d082aa24f35e1b516d23) [PhysX] Initialized MultithreadedTaskDispatcher with 36 workers.
 -> (artifact id: '581a33216a1a862bb01676e295b5514c') in 0.017445 seconds
Number of updated asset objects reloaded before import = 0
Number of asset objects unloaded after import = 3
========================================================================
Received Import Request.
  Time since last request: 0.000023 seconds.
  path: Assets/HexPalette/hex-sliced_27.asset
  artifactKey: Guid(b1cbd3b118cee6d48b8317a217511736) Importer(2089858483,0ecaa5967403d082aa24f35e1b516d23)
Start importing Assets/HexPalette/hex-sliced_27.asset using Guid(b1cbd3b118cee6d48b8317a217511736) Importer(2089858483,0ecaa5967403d082aa24f35e1b516d23) [PhysX] Initialized MultithreadedTaskDispatcher with 36 workers.
 -> (artifact id: 'dd1bd04806d931ac36169bf1a4dca198') in 0.016863 seconds
Number of updated asset objects reloaded before import = 0
Number of asset objects unloaded after import = 3
========================================================================
Received Import Request.
  Time since last request: 0.000020 seconds.
  path: Assets/HexPalette/hex-sliced_03.asset
  artifactKey: Guid(72a0e7bdac257824e93c17e2d2f23caa) Importer(2089858483,0ecaa5967403d082aa24f35e1b516d23)
Start importing Assets/HexPalette/hex-sliced_03.asset using Guid(72a0e7bdac257824e93c17e2d2f23caa) Importer(2089858483,0ecaa5967403d082aa24f35e1b516d23) [PhysX] Initialized MultithreadedTaskDispatcher with 36 workers.
 -> (artifact id: 'c789481ea6bafa73da8dc79c1da8ce52') in 0.013928 seconds
Number of updated asset objects reloaded before import = 0
Number of asset objects unloaded after import = 3
========================================================================
Received Import Request.
  Time since last request: 0.000023 seconds.
  path: Assets/HexPalette/hex-sliced_17.asset
  artifactKey: Guid(b9270caaef67eba408eaf0c6fc94d809) Importer(2089858483,0ecaa5967403d082aa24f35e1b516d23)
Start importing Assets/HexPalette/hex-sliced_17.asset using Guid(b9270caaef67eba408eaf0c6fc94d809) Importer(2089858483,0ecaa5967403d082aa24f35e1b516d23) [PhysX] Initialized MultithreadedTaskDispatcher with 36 workers.
 -> (artifact id: '72b45f99c3dd8b02fd1dae13623118f5') in 0.020599 seconds
Number of updated asset objects reloaded before import = 0
Number of asset objects unloaded after import = 3
========================================================================
Received Import Request.
  Time since last request: 0.000024 seconds.
  path: Assets/HexPalette/hex-sliced_43.asset
  artifactKey: Guid(23ee881c9ef88394b9321426abe2c597) Importer(2089858483,0ecaa5967403d082aa24f35e1b516d23)
Start importing Assets/HexPalette/hex-sliced_43.asset using Guid(23ee881c9ef88394b9321426abe2c597) Importer(2089858483,0ecaa5967403d082aa24f35e1b516d23) [PhysX] Initialized MultithreadedTaskDispatcher with 36 workers.
 -> (artifact id: 'e719806a0903353ed15bebe69f2df0e7') in 0.015456 seconds
Number of updated asset objects reloaded before import = 0
Number of asset objects unloaded after import = 3
========================================================================
Received Import Request.
  Time since last request: 0.000022 seconds.
  path: Assets/HexPalette/hex-sliced_19.asset
  artifactKey: Guid(cd03a2360af0c8445bde6109802e276b) Importer(2089858483,0ecaa5967403d082aa24f35e1b516d23)
Start importing Assets/HexPalette/hex-sliced_19.asset using Guid(cd03a2360af0c8445bde6109802e276b) Importer(2089858483,0ecaa5967403d082aa24f35e1b516d23) [PhysX] Initialized MultithreadedTaskDispatcher with 36 workers.
 -> (artifact id: '31743ae39b61bc9ddd8bc6c0debed902') in 0.020740 seconds
Number of updated asset objects reloaded before import = 0
Number of asset objects unloaded after import = 3
========================================================================
Received Import Request.
  Time since last request: 0.000024 seconds.
  path: Assets/HexPalette/hex-sliced_100.asset
  artifactKey: Guid(88b90724c7d7c3244b860a3edb5409c0) Importer(2089858483,0ecaa5967403d082aa24f35e1b516d23)
Start importing Assets/HexPalette/hex-sliced_100.asset using Guid(88b90724c7d7c3244b860a3edb5409c0) Importer(2089858483,0ecaa5967403d082aa24f35e1b516d23) [PhysX] Initialized MultithreadedTaskDispatcher with 36 workers.
 -> (artifact id: '832b691f448f4d23681dc37942ed714b') in 0.014311 seconds
Number of updated asset objects reloaded before import = 0
Number of asset objects unloaded after import = 3
========================================================================
Received Import Request.
  Time since last request: 0.000033 seconds.
  path: Assets/HexPalette/hex-sliced_33.asset
  artifactKey: Guid(b35f6af943660fd44a5aaec16b2dee8e) Importer(2089858483,0ecaa5967403d082aa24f35e1b516d23)
Start importing Assets/HexPalette/hex-sliced_33.asset using Guid(b35f6af943660fd44a5aaec16b2dee8e) Importer(2089858483,0ecaa5967403d082aa24f35e1b516d23) [PhysX] Initialized MultithreadedTaskDispatcher with 36 workers.
 -> (artifact id: '07dcd93f4fbd6c61262a40688958995a') in 0.016330 seconds
Number of updated asset objects reloaded before import = 0
Number of asset objects unloaded after import = 3
========================================================================
Received Import Request.
  Time since last request: 0.000020 seconds.
  path: Assets/HexPalette/hex-sliced_56.asset
  artifactKey: Guid(be7c114ed910e4544a174a7492cdaf2f) Importer(2089858483,0ecaa5967403d082aa24f35e1b516d23)
Start importing Assets/HexPalette/hex-sliced_56.asset using Guid(be7c114ed910e4544a174a7492cdaf2f) Importer(2089858483,0ecaa5967403d082aa24f35e1b516d23) [PhysX] Initialized MultithreadedTaskDispatcher with 36 workers.
 -> (artifact id: 'c22b968e7bb50d4a1e5d1cce8b0f2400') in 0.020226 seconds
Number of updated asset objects reloaded before import = 0
Number of asset objects unloaded after import = 3
========================================================================
Received Import Request.
  Time since last request: 0.000020 seconds.
  path: Assets/HexPalette/hex-sliced_14.asset
  artifactKey: Guid(6e79cd92c9d1d73429c3a3ceab074953) Importer(2089858483,0ecaa5967403d082aa24f35e1b516d23)
Start importing Assets/HexPalette/hex-sliced_14.asset using Guid(6e79cd92c9d1d73429c3a3ceab074953) Importer(2089858483,0ecaa5967403d082aa24f35e1b516d23) [PhysX] Initialized MultithreadedTaskDispatcher with 36 workers.
 -> (artifact id: '28176df5899112065a44bc7b328f7b68') in 0.017462 seconds
Number of updated asset objects reloaded before import = 0
Number of asset objects unloaded after import = 3
========================================================================
Received Import Request.
  Time since last request: 0.000020 seconds.
  path: Assets/HexPalette/hex-sliced_05.asset
  artifactKey: Guid(fdda242259930364f8ad8d8b089df141) Importer(2089858483,0ecaa5967403d082aa24f35e1b516d23)
Start importing Assets/HexPalette/hex-sliced_05.asset using Guid(fdda242259930364f8ad8d8b089df141) Importer(2089858483,0ecaa5967403d082aa24f35e1b516d23) [PhysX] Initialized MultithreadedTaskDispatcher with 36 workers.
 -> (artifact id: '52146afb1e18a38c358e9d6802dee830') in 0.015381 seconds
Number of updated asset objects reloaded before import = 0
Number of asset objects unloaded after import = 3
========================================================================
Received Import Request.
  Time since last request: 0.000019 seconds.
  path: Assets/HexPalette/hex-sliced_75.asset
  artifactKey: Guid(442e5e59c712a254c8a3906d6108c3cb) Importer(2089858483,0ecaa5967403d082aa24f35e1b516d23)
Start importing Assets/HexPalette/hex-sliced_75.asset using Guid(442e5e59c712a254c8a3906d6108c3cb) Importer(2089858483,0ecaa5967403d082aa24f35e1b516d23) [PhysX] Initialized MultithreadedTaskDispatcher with 36 workers.
 -> (artifact id: '7659bb9b2f40ff7b192d9e3372fb53e6') in 0.032684 seconds
Number of updated asset objects reloaded before import = 0
Number of asset objects unloaded after import = 3
========================================================================
Received Import Request.
  Time since last request: 0.000027 seconds.
  path: Assets/HexPalette/hex-sliced_37.asset
  artifactKey: Guid(148a749cb7c96d04ea85a38b119fc998) Importer(2089858483,0ecaa5967403d082aa24f35e1b516d23)
Start importing Assets/HexPalette/hex-sliced_37.asset using Guid(148a749cb7c96d04ea85a38b119fc998) Importer(2089858483,0ecaa5967403d082aa24f35e1b516d23) [PhysX] Initialized MultithreadedTaskDispatcher with 36 workers.
 -> (artifact id: 'd1cf2a30f0266e766f6d705ed8799534') in 0.017082 seconds
Number of updated asset objects reloaded before import = 0
Number of asset objects unloaded after import = 3
========================================================================
Received Import Request.
  Time since last request: 0.000038 seconds.
  path: Assets/HexPalette/hex-sliced_12.asset
  artifactKey: Guid(11ac5144597f65b4fa51755181bc40df) Importer(2089858483,0ecaa5967403d082aa24f35e1b516d23)
Start importing Assets/HexPalette/hex-sliced_12.asset using Guid(11ac5144597f65b4fa51755181bc40df) Importer(2089858483,0ecaa5967403d082aa24f35e1b516d23) [PhysX] Initialized MultithreadedTaskDispatcher with 36 workers.
 -> (artifact id: 'e12f96d7f507ecb71dc39bee307b6793') in 0.016317 seconds
Number of updated asset objects reloaded before import = 0
Number of asset objects unloaded after import = 3
========================================================================
Received Import Request.
  Time since last request: 0.000020 seconds.
  path: Assets/HexPalette/hex-sliced_81.asset
  artifactKey: Guid(fec760070498d8a4181fcf01a073631e) Importer(2089858483,0ecaa5967403d082aa24f35e1b516d23)
Start importing Assets/HexPalette/hex-sliced_81.asset using Guid(fec760070498d8a4181fcf01a073631e) Importer(2089858483,0ecaa5967403d082aa24f35e1b516d23) [PhysX] Initialized MultithreadedTaskDispatcher with 36 workers.
 -> (artifact id: '7b4b46292a855966551f1736d92e19c6') in 0.014104 seconds
Number of updated asset objects reloaded before import = 0
Number of asset objects unloaded after import = 3
========================================================================
Received Import Request.
  Time since last request: 0.000043 seconds.
  path: Assets/HexPalette/hex-sliced_85.asset
  artifactKey: Guid(05396c5e98ca7764cb4542b3ec7463d5) Importer(2089858483,0ecaa5967403d082aa24f35e1b516d23)
Start importing Assets/HexPalette/hex-sliced_85.asset using Guid(05396c5e98ca7764cb4542b3ec7463d5) Importer(2089858483,0ecaa5967403d082aa24f35e1b516d23) [PhysX] Initialized MultithreadedTaskDispatcher with 36 workers.
 -> (artifact id: '17d91b94c413bb8d0e515518c7b2fbce') in 0.014431 seconds
Number of updated asset objects reloaded before import = 0
Number of asset objects unloaded after import = 3
========================================================================
Received Import Request.
  Time since last request: 0.000038 seconds.
  path: Assets/Sprites/hex-sliced_102.png
  artifactKey: Guid(31c13d52f4989c646ab7cf45c421b911) Importer(2089858483,0ecaa5967403d082aa24f35e1b516d23)
Start importing Assets/Sprites/hex-sliced_102.png using Guid(31c13d52f4989c646ab7cf45c421b911) Importer(2089858483,0ecaa5967403d082aa24f35e1b516d23) [PhysX] Initialized MultithreadedTaskDispatcher with 36 workers.
 -> (artifact id: 'c82914ceff70981ddd8d9cc8c4afa029') in 0.084558 seconds
Number of updated asset objects reloaded before import = 0
Number of asset objects unloaded after import = 3
========================================================================
Received Import Request.
  Time since last request: 0.000021 seconds.
  path: Assets/Scripts/CombatManager.cs
  artifactKey: Guid(cb06c9cc6b47f8345b81f08c187ef706) Importer(2089858483,0ecaa5967403d082aa24f35e1b516d23)
Start importing Assets/Scripts/CombatManager.cs using Guid(cb06c9cc6b47f8345b81f08c187ef706) Importer(2089858483,0ecaa5967403d082aa24f35e1b516d23) [PhysX] Initialized MultithreadedTaskDispatcher with 36 workers.
 -> (artifact id: '19528d2a149ec72411ab0a53e1686bdb') in 0.021439 seconds
Number of updated asset objects reloaded before import = 0
Number of asset objects unloaded after import = 1
========================================================================
Received Import Request.
  Time since last request: 0.000022 seconds.
  path: Assets/Sprites/hex-sliced_125.png
  artifactKey: Guid(45e03a4433c989140b9c6738abb67d0a) Importer(2089858483,0ecaa5967403d082aa24f35e1b516d23)
Start importing Assets/Sprites/hex-sliced_125.png using Guid(45e03a4433c989140b9c6738abb67d0a) Importer(2089858483,0ecaa5967403d082aa24f35e1b516d23) [PhysX] Initialized MultithreadedTaskDispatcher with 36 workers.
 -> (artifact id: '6162b87d08ec299a030911f390bb3719') in 0.026603 seconds
Number of updated asset objects reloaded before import = 0
Number of asset objects unloaded after import = 3
========================================================================
Received Import Request.
  Time since last request: 0.000021 seconds.
  path: Assets/Sprites/hex-sliced_107.png
  artifactKey: Guid(54d373d41d6e7dc4c89d9d1c7e4fadfe) Importer(2089858483,0ecaa5967403d082aa24f35e1b516d23)
Start importing Assets/Sprites/hex-sliced_107.png using Guid(54d373d41d6e7dc4c89d9d1c7e4fadfe) Importer(2089858483,0ecaa5967403d082aa24f35e1b516d23) [PhysX] Initialized MultithreadedTaskDispatcher with 36 workers.
 -> (artifact id: '74b1d15265c82b87706d70a03f1190ef') in 0.031856 seconds
Number of updated asset objects reloaded before import = 0
Number of asset objects unloaded after import = 3
========================================================================
Received Import Request.
  Time since last request: 0.000032 seconds.
  path: Assets/HexPalette/hex-sliced_98.asset
  artifactKey: Guid(677462895968ada449aecf58b155d375) Importer(2089858483,0ecaa5967403d082aa24f35e1b516d23)
Start importing Assets/HexPalette/hex-sliced_98.asset using Guid(677462895968ada449aecf58b155d375) Importer(2089858483,0ecaa5967403d082aa24f35e1b516d23) [PhysX] Initialized MultithreadedTaskDispatcher with 36 workers.
 -> (artifact id: '2caa3ccf06e6073b010b91df7a3ad366') in 0.022134 seconds
Number of updated asset objects reloaded before import = 0
Number of asset objects unloaded after import = 3
========================================================================
Received Import Request.
  Time since last request: 0.000037 seconds.
  path: Assets/Sprites/hex-sliced_133.png
  artifactKey: Guid(0dcbab247a5f584439ec4c70b46f9cd0) Importer(2089858483,0ecaa5967403d082aa24f35e1b516d23)
Start importing Assets/Sprites/hex-sliced_133.png using Guid(0dcbab247a5f584439ec4c70b46f9cd0) Importer(2089858483,0ecaa5967403d082aa24f35e1b516d23) [PhysX] Initialized MultithreadedTaskDispatcher with 36 workers.
 -> (artifact id: '9f318651680c71350000af5f75158897') in 0.021401 seconds
Number of updated asset objects reloaded before import = 0
Number of asset objects unloaded after import = 3
========================================================================
Received Import Request.
  Time since last request: 0.000021 seconds.
  path: Assets/Scenes/Combat.unity
  artifactKey: Guid(de573dcb5894fc247bed3b4e55f05129) Importer(2089858483,0ecaa5967403d082aa24f35e1b516d23)
Start importing Assets/Scenes/Combat.unity using Guid(de573dcb5894fc247bed3b4e55f05129) Importer(2089858483,0ecaa5967403d082aa24f35e1b516d23) [PhysX] Initialized MultithreadedTaskDispatcher with 36 workers.
 -> (artifact id: '4da6939f1bbb5afdd8780837d579d0a8') in 0.012347 seconds
Number of updated asset objects reloaded before import = 0
Number of asset objects unloaded after import = 1
========================================================================
Received Import Request.
  Time since last request: 0.000022 seconds.
  path: Assets/Sprites/hex-sliced_06.png
  artifactKey: Guid(8f5682ed232f5374e8d5579a4ecf12ce) Importer(2089858483,0ecaa5967403d082aa24f35e1b516d23)
Start importing Assets/Sprites/hex-sliced_06.png using Guid(8f5682ed232f5374e8d5579a4ecf12ce) Importer(2089858483,0ecaa5967403d082aa24f35e1b516d23) [PhysX] Initialized MultithreadedTaskDispatcher with 36 workers.
 -> (artifact id: '69408512962f09e6209fcb419d8168bd') in 0.028059 seconds
Number of updated asset objects reloaded before import = 0
Number of asset objects unloaded after import = 3
========================================================================
Received Import Request.
  Time since last request: 0.000023 seconds.
  path: Assets/Sprites/hex-sliced_117.png
  artifactKey: Guid(ff09c89efa90b194280adebe9b14fbc0) Importer(2089858483,0ecaa5967403d082aa24f35e1b516d23)
Start importing Assets/Sprites/hex-sliced_117.png using Guid(ff09c89efa90b194280adebe9b14fbc0) Importer(2089858483,0ecaa5967403d082aa24f35e1b516d23) [PhysX] Initialized MultithreadedTaskDispatcher with 36 workers.
 -> (artifact id: '0666c8e831489a8a3f6b27a4247ebb3f') in 0.021990 seconds
Number of updated asset objects reloaded before import = 0
Number of asset objects unloaded after import = 3
========================================================================
Received Import Request.
  Time since last request: 0.000021 seconds.
  path: Assets/HexPalette/TestHexPalette.prefab
  artifactKey: Guid(24e1fcb59b20bde4c980a86ed459fff6) Importer(2089858483,0ecaa5967403d082aa24f35e1b516d23)
Start importing Assets/HexPalette/TestHexPalette.prefab using Guid(24e1fcb59b20bde4c980a86ed459fff6) Importer(2089858483,0ecaa5967403d082aa24f35e1b516d23) [PhysX] Initialized MultithreadedTaskDispatcher with 36 workers.
 -> (artifact id: 'ad82c945356730d92f1a866980407aa5') in 0.026997 seconds
Number of updated asset objects reloaded before import = 0
Number of asset objects unloaded after import = 10
========================================================================
Received Import Request.
  Time since last request: 0.000021 seconds.
  path: Assets/HexPalette/hex-sliced_93.asset
  artifactKey: Guid(f0cb8be9739ccb44982c96c31d373066) Importer(2089858483,0ecaa5967403d082aa24f35e1b516d23)
Start importing Assets/HexPalette/hex-sliced_93.asset using Guid(f0cb8be9739ccb44982c96c31d373066) Importer(2089858483,0ecaa5967403d082aa24f35e1b516d23) [PhysX] Initialized MultithreadedTaskDispatcher with 36 workers.
 -> (artifact id: '882b9cbf6afebba8b2ca956e95dfcf8f') in 0.020977 seconds
Number of updated asset objects reloaded before import = 0
Number of asset objects unloaded after import = 3
========================================================================
Received Import Request.
  Time since last request: 0.000022 seconds.
  path: Assets/HexPalette/hex-sliced_89.asset
  artifactKey: Guid(b23c3be7b770dea409459cf4572ab1ac) Importer(2089858483,0ecaa5967403d082aa24f35e1b516d23)
Start importing Assets/HexPalette/hex-sliced_89.asset using Guid(b23c3be7b770dea409459cf4572ab1ac) Importer(2089858483,0ecaa5967403d082aa24f35e1b516d23) [PhysX] Initialized MultithreadedTaskDispatcher with 36 workers.
 -> (artifact id: '8e45c6b4288e6c4d8e55d0184ac213c5') in 0.020798 seconds
Number of updated asset objects reloaded before import = 0
Number of asset objects unloaded after import = 3
========================================================================
Received Import Request.
  Time since last request: 0.000025 seconds.
  path: Assets/HexPalette/hex-sliced_90.asset
  artifactKey: Guid(cebb4d128ab24f8499f4189fdb23eee9) Importer(2089858483,0ecaa5967403d082aa24f35e1b516d23)
Start importing Assets/HexPalette/hex-sliced_90.asset using Guid(cebb4d128ab24f8499f4189fdb23eee9) Importer(2089858483,0ecaa5967403d082aa24f35e1b516d23) [PhysX] Initialized MultithreadedTaskDispatcher with 36 workers.
 -> (artifact id: '297fe75d4f71e752bfd0401fec0b04c8') in 0.014390 seconds
Number of updated asset objects reloaded before import = 0
Number of asset objects unloaded after import = 3
========================================================================
Received Import Request.
  Time since last request: 0.000063 seconds.
  path: Assets/Settings/UniversalRP.asset
  artifactKey: Guid(681886c5eb7344803b6206f758bf0b1c) Importer(2089858483,0ecaa5967403d082aa24f35e1b516d23)
Start importing Assets/Settings/UniversalRP.asset using Guid(681886c5eb7344803b6206f758bf0b1c) Importer(2089858483,0ecaa5967403d082aa24f35e1b516d23) [PhysX] Initialized MultithreadedTaskDispatcher with 36 workers.
 -> (artifact id: 'e59a178e0b0e2b4409a2bb28f1f1706e') in 0.052387 seconds
Number of updated asset objects reloaded before import = 0
Number of asset objects unloaded after import = 1
========================================================================
Received Import Request.
  Time since last request: 0.000024 seconds.
  path: Assets/Sprites/hex-sliced_28.png
  artifactKey: Guid(18d96ab9487052e478e9089c6d8303a1) Importer(2089858483,0ecaa5967403d082aa24f35e1b516d23)
Start importing Assets/Sprites/hex-sliced_28.png using Guid(18d96ab9487052e478e9089c6d8303a1) Importer(2089858483,0ecaa5967403d082aa24f35e1b516d23) [PhysX] Initialized MultithreadedTaskDispatcher with 36 workers.
 -> (artifact id: 'c5f752af97c9ab0c370bf172d4059ceb') in 0.024018 seconds
Number of updated asset objects reloaded before import = 0
Number of asset objects unloaded after import = 3
========================================================================
Received Import Request.
  Time since last request: 0.000022 seconds.
  path: Assets/Sprites/hex-sliced_83.png
  artifactKey: Guid(faf2399b3f78e004f9107aadc4fa434c) Importer(2089858483,0ecaa5967403d082aa24f35e1b516d23)
Start importing Assets/Sprites/hex-sliced_83.png using Guid(faf2399b3f78e004f9107aadc4fa434c) Importer(2089858483,0ecaa5967403d082aa24f35e1b516d23) [PhysX] Initialized MultithreadedTaskDispatcher with 36 workers.
 -> (artifact id: '836160f80dfca2e6257e654d07c1e3bd') in 0.028692 seconds
Number of updated asset objects reloaded before import = 0
Number of asset objects unloaded after import = 3
========================================================================
Received Import Request.
  Time since last request: 0.000029 seconds.
  path: Assets/Sprites/hex-sliced_24.png
  artifactKey: Guid(361f44e398172b948bfb9261cabcfd87) Importer(2089858483,0ecaa5967403d082aa24f35e1b516d23)
Start importing Assets/Sprites/hex-sliced_24.png using Guid(361f44e398172b948bfb9261cabcfd87) Importer(2089858483,0ecaa5967403d082aa24f35e1b516d23) [PhysX] Initialized MultithreadedTaskDispatcher with 36 workers.
 -> (artifact id: 'c6b7accaa8a53c6b9ee3d9bdfd4d9308') in 0.025729 seconds
Number of updated asset objects reloaded before import = 0
Number of asset objects unloaded after import = 3
========================================================================
Received Import Request.
  Time since last request: 0.000019 seconds.
  path: Assets/Sprites/hex-sliced_62.png
  artifactKey: Guid(5b2311dd7593a364683ad9036568125a) Importer(2089858483,0ecaa5967403d082aa24f35e1b516d23)
Start importing Assets/Sprites/hex-sliced_62.png using Guid(5b2311dd7593a364683ad9036568125a) Importer(2089858483,0ecaa5967403d082aa24f35e1b516d23) [PhysX] Initialized MultithreadedTaskDispatcher with 36 workers.
 -> (artifact id: '292062318df1b41e70c4450d7247d314') in 0.030770 seconds
Number of updated asset objects reloaded before import = 0
Number of asset objects unloaded after import = 3
========================================================================
Received Import Request.
  Time since last request: 0.000029 seconds.
  path: Assets/Sprites/hex-sliced_54.png
  artifactKey: Guid(2cfc7c21f44666d49ae04c77dac81cf9) Importer(2089858483,0ecaa5967403d082aa24f35e1b516d23)
Start importing Assets/Sprites/hex-sliced_54.png using Guid(2cfc7c21f44666d49ae04c77dac81cf9) Importer(2089858483,0ecaa5967403d082aa24f35e1b516d23) [PhysX] Initialized MultithreadedTaskDispatcher with 36 workers.
 -> (artifact id: '7d44c6896dc8aa984c50ad4775253d5f') in 0.031231 seconds
Number of updated asset objects reloaded before import = 0
Number of asset objects unloaded after import = 3
========================================================================
Received Import Request.
  Time since last request: 0.000030 seconds.
  path: Assets/Sprites/hex-sliced_39.png
  artifactKey: Guid(a850e3cb437227244bbc4b9b7636ed96) Importer(2089858483,0ecaa5967403d082aa24f35e1b516d23)
Start importing Assets/Sprites/hex-sliced_39.png using Guid(a850e3cb437227244bbc4b9b7636ed96) Importer(2089858483,0ecaa5967403d082aa24f35e1b516d23) [PhysX] Initialized MultithreadedTaskDispatcher with 36 workers.
 -> (artifact id: 'e614caa59dbcc97c678e5261f5608e81') in 0.028332 seconds
Number of updated asset objects reloaded before import = 0
Number of asset objects unloaded after import = 3
========================================================================
Received Import Request.
  Time since last request: 0.000027 seconds.
  path: Assets/Sprites/hex-sliced_82.png
  artifactKey: Guid(6a0d04ed881a5d241a961caefd8e109c) Importer(2089858483,0ecaa5967403d082aa24f35e1b516d23)
Start importing Assets/Sprites/hex-sliced_82.png using Guid(6a0d04ed881a5d241a961caefd8e109c) Importer(2089858483,0ecaa5967403d082aa24f35e1b516d23) [PhysX] Initialized MultithreadedTaskDispatcher with 36 workers.
 -> (artifact id: '4fd0b431db9cb7bc97f29af9f8813cc7') in 0.026390 seconds
Number of updated asset objects reloaded before import = 0
Number of asset objects unloaded after import = 3
========================================================================
Received Import Request.
  Time since last request: 0.000023 seconds.
  path: Assets/Sprites/hex-sliced_20.png
  artifactKey: Guid(d3bd1eae8bc197a439ddca480eeec9bf) Importer(2089858483,0ecaa5967403d082aa24f35e1b516d23)
Start importing Assets/Sprites/hex-sliced_20.png using Guid(d3bd1eae8bc197a439ddca480eeec9bf) Importer(2089858483,0ecaa5967403d082aa24f35e1b516d23) [PhysX] Initialized MultithreadedTaskDispatcher with 36 workers.
 -> (artifact id: 'a51b934c109dfa44de8ab207ac18e5b1') in 0.021983 seconds
Number of updated asset objects reloaded before import = 0
Number of asset objects unloaded after import = 3
========================================================================
Received Import Request.
  Time since last request: 0.000021 seconds.
  path: Assets/Sprites/hex-sliced_35.png
  artifactKey: Guid(f7870a2358f31334ebd1a8515f569d74) Importer(2089858483,0ecaa5967403d082aa24f35e1b516d23)
Start importing Assets/Sprites/hex-sliced_35.png using Guid(f7870a2358f31334ebd1a8515f569d74) Importer(2089858483,0ecaa5967403d082aa24f35e1b516d23) [PhysX] Initialized MultithreadedTaskDispatcher with 36 workers.
 -> (artifact id: '17a8462bd1668da9ef78dbdc36df81c0') in 0.026910 seconds
Number of updated asset objects reloaded before import = 0
Number of asset objects unloaded after import = 3
========================================================================
Received Import Request.
  Time since last request: 0.000025 seconds.
  path: Assets/Sprites/hex-sliced_37.png
  artifactKey: Guid(6d6c2215fdf1a454b8b9cc44b33485fd) Importer(2089858483,0ecaa5967403d082aa24f35e1b516d23)
Start importing Assets/Sprites/hex-sliced_37.png using Guid(6d6c2215fdf1a454b8b9cc44b33485fd) Importer(2089858483,0ecaa5967403d082aa24f35e1b516d23) [PhysX] Initialized MultithreadedTaskDispatcher with 36 workers.
 -> (artifact id: '1934d35d00386748ad89d3a70c0a3187') in 0.022897 seconds
Number of updated asset objects reloaded before import = 0
Number of asset objects unloaded after import = 3
========================================================================
Received Import Request.
  Time since last request: 0.000078 seconds.
  path: Assets/Sprites/hex-sliced_48.png
  artifactKey: Guid(6a0b6657c26f475488d67dc2451c3c51) Importer(2089858483,0ecaa5967403d082aa24f35e1b516d23)
Start importing Assets/Sprites/hex-sliced_48.png using Guid(6a0b6657c26f475488d67dc2451c3c51) Importer(2089858483,0ecaa5967403d082aa24f35e1b516d23) [PhysX] Initialized MultithreadedTaskDispatcher with 36 workers.
 -> (artifact id: 'c102a8d46fc665bb3c057a0b3f216f23') in 0.024778 seconds
Number of updated asset objects reloaded before import = 0
Number of asset objects unloaded after import = 3
========================================================================
Received Import Request.
  Time since last request: 0.000044 seconds.
  path: Assets/Sprites/hex-sliced_121.png
  artifactKey: Guid(9bff1f17dd987824383ff7f836f861be) Importer(2089858483,0ecaa5967403d082aa24f35e1b516d23)
Start importing Assets/Sprites/hex-sliced_121.png using Guid(9bff1f17dd987824383ff7f836f861be) Importer(2089858483,0ecaa5967403d082aa24f35e1b516d23) [PhysX] Initialized MultithreadedTaskDispatcher with 36 workers.
 -> (artifact id: '3ac09be77be6ed462ef72cf762970651') in 0.024181 seconds
Number of updated asset objects reloaded before import = 0
Number of asset objects unloaded after import = 3
========================================================================
Received Import Request.
  Time since last request: 0.000034 seconds.
  path: Assets/Sprites/hex-sliced_07.png
  artifactKey: Guid(62a8c4d3cb5f52f498d040eca94645f1) Importer(2089858483,0ecaa5967403d082aa24f35e1b516d23)
Start importing Assets/Sprites/hex-sliced_07.png using Guid(62a8c4d3cb5f52f498d040eca94645f1) Importer(2089858483,0ecaa5967403d082aa24f35e1b516d23) [PhysX] Initialized MultithreadedTaskDispatcher with 36 workers.
 -> (artifact id: 'a9bcce503ca1aa236b2b6fc1940bc4bf') in 0.029617 seconds
Number of updated asset objects reloaded before import = 0
Number of asset objects unloaded after import = 3
========================================================================
Received Import Request.
  Time since last request: 0.000021 seconds.
  path: Assets/Sprites/hex-sliced_88.png
  artifactKey: Guid(bdd0c2a216259f64bb871bc7fcaa8def) Importer(2089858483,0ecaa5967403d082aa24f35e1b516d23)
Start importing Assets/Sprites/hex-sliced_88.png using Guid(bdd0c2a216259f64bb871bc7fcaa8def) Importer(2089858483,0ecaa5967403d082aa24f35e1b516d23) [PhysX] Initialized MultithreadedTaskDispatcher with 36 workers.
 -> (artifact id: '75065f62b1655b166da3e770ac82f9f1') in 0.031772 seconds
Number of updated asset objects reloaded before import = 0
Number of asset objects unloaded after import = 3
========================================================================
Received Import Request.
  Time since last request: 0.000026 seconds.
  path: Assets/Tiles/hex-sliced_13.asset
  artifactKey: Guid(9d2206360ff2d45418f2481272b32cc5) Importer(2089858483,0ecaa5967403d082aa24f35e1b516d23)
Start importing Assets/Tiles/hex-sliced_13.asset using Guid(9d2206360ff2d45418f2481272b32cc5) Importer(2089858483,0ecaa5967403d082aa24f35e1b516d23) [PhysX] Initialized MultithreadedTaskDispatcher with 36 workers.
 -> (artifact id: 'e9cbb84d57cbf668716e35db0c9e0ecf') in 0.017089 seconds
Number of updated asset objects reloaded before import = 0
Number of asset objects unloaded after import = 3
========================================================================
Received Import Request.
  Time since last request: 0.000021 seconds.
  path: Assets/Tiles/hex-sliced_133.asset
  artifactKey: Guid(2860a49589db4e040b1f36133a16965f) Importer(2089858483,0ecaa5967403d082aa24f35e1b516d23)
Start importing Assets/Tiles/hex-sliced_133.asset using Guid(2860a49589db4e040b1f36133a16965f) Importer(2089858483,0ecaa5967403d082aa24f35e1b516d23) [PhysX] Initialized MultithreadedTaskDispatcher with 36 workers.
 -> (artifact id: '46d57de90e9886d27e2bad4ad3c50901') in 0.015360 seconds
Number of updated asset objects reloaded before import = 0
Number of asset objects unloaded after import = 3
========================================================================
Received Import Request.
  Time since last request: 0.000024 seconds.
  path: Assets/Sprites/hex-sliced_93.png
  artifactKey: Guid(e7f5aefc7ae08bf45a901437ed13565f) Importer(2089858483,0ecaa5967403d082aa24f35e1b516d23)
Start importing Assets/Sprites/hex-sliced_93.png using Guid(e7f5aefc7ae08bf45a901437ed13565f) Importer(2089858483,0ecaa5967403d082aa24f35e1b516d23) [PhysX] Initialized MultithreadedTaskDispatcher with 36 workers.
 -> (artifact id: '124b8e9d81a6994d1eb7efa8aeac5026') in 0.022121 seconds
Number of updated asset objects reloaded before import = 0
Number of asset objects unloaded after import = 3
========================================================================
Received Import Request.
  Time since last request: 0.000020 seconds.
  path: Assets/Sprites/hex-sliced_95.png
  artifactKey: Guid(8c04a113f6facdb42ab10e953358033f) Importer(2089858483,0ecaa5967403d082aa24f35e1b516d23)
Start importing Assets/Sprites/hex-sliced_95.png using Guid(8c04a113f6facdb42ab10e953358033f) Importer(2089858483,0ecaa5967403d082aa24f35e1b516d23) [PhysX] Initialized MultithreadedTaskDispatcher with 36 workers.
 -> (artifact id: 'ed0fdd7935a2f998fb5e022e27d4b675') in 0.033926 seconds
Number of updated asset objects reloaded before import = 0
Number of asset objects unloaded after import = 3
========================================================================
Received Import Request.
  Time since last request: 0.000041 seconds.
  path: Assets/Sprites/hex-sliced_85.png
  artifactKey: Guid(5f09d51a6b541d648a6fd166bd3e5fcf) Importer(2089858483,0ecaa5967403d082aa24f35e1b516d23)
Start importing Assets/Sprites/hex-sliced_85.png using Guid(5f09d51a6b541d648a6fd166bd3e5fcf) Importer(2089858483,0ecaa5967403d082aa24f35e1b516d23) [PhysX] Initialized MultithreadedTaskDispatcher with 36 workers.
 -> (artifact id: '93ec471b5fca913bf5e250b85e403337') in 0.037311 seconds
Number of updated asset objects reloaded before import = 0
Number of asset objects unloaded after import = 3
========================================================================
Received Import Request.
  Time since last request: 0.000029 seconds.
  path: Assets/Tiles/hex-sliced_108.asset
  artifactKey: Guid(12aa0395a431bf84ebc8c16acf22d6e0) Importer(2089858483,0ecaa5967403d082aa24f35e1b516d23)
Start importing Assets/Tiles/hex-sliced_108.asset using Guid(12aa0395a431bf84ebc8c16acf22d6e0) Importer(2089858483,0ecaa5967403d082aa24f35e1b516d23) [PhysX] Initialized MultithreadedTaskDispatcher with 36 workers.
 -> (artifact id: 'db5a853a713d11ca77925d5f7167e6e2') in 0.020459 seconds
Number of updated asset objects reloaded before import = 0
Number of asset objects unloaded after import = 3
========================================================================
Received Import Request.
  Time since last request: 0.000034 seconds.
  path: Assets/Tiles/hex-sliced_114.asset
  artifactKey: Guid(48eb3a0e82c4fb246be79ae17e79a897) Importer(2089858483,0ecaa5967403d082aa24f35e1b516d23)
Start importing Assets/Tiles/hex-sliced_114.asset using Guid(48eb3a0e82c4fb246be79ae17e79a897) Importer(2089858483,0ecaa5967403d082aa24f35e1b516d23) [PhysX] Initialized MultithreadedTaskDispatcher with 36 workers.
 -> (artifact id: 'ca6e400faf1228219da710e0d8ed4b7d') in 0.014522 seconds
Number of updated asset objects reloaded before import = 0
Number of asset objects unloaded after import = 3
========================================================================
Received Import Request.
  Time since last request: 0.000027 seconds.
  path: Assets/Tiles/hex-sliced_123.asset
  artifactKey: Guid(cd2e955db0678f84587c5ebd4af5ac64) Importer(2089858483,0ecaa5967403d082aa24f35e1b516d23)
Start importing Assets/Tiles/hex-sliced_123.asset using Guid(cd2e955db0678f84587c5ebd4af5ac64) Importer(2089858483,0ecaa5967403d082aa24f35e1b516d23) [PhysX] Initialized MultithreadedTaskDispatcher with 36 workers.
 -> (artifact id: 'bbf9f964af31cd60d0eb97c033f9fe5f') in 0.013690 seconds
Number of updated asset objects reloaded before import = 0
Number of asset objects unloaded after import = 3
========================================================================
Received Import Request.
  Time since last request: 0.000020 seconds.
  path: Assets/Tiles/hex-sliced_119.asset
  artifactKey: Guid(cce54873cdaa13344b4734f5ff4153a2) Importer(2089858483,0ecaa5967403d082aa24f35e1b516d23)
Start importing Assets/Tiles/hex-sliced_119.asset using Guid(cce54873cdaa13344b4734f5ff4153a2) Importer(2089858483,0ecaa5967403d082aa24f35e1b516d23) [PhysX] Initialized MultithreadedTaskDispatcher with 36 workers.
 -> (artifact id: 'cb19b07348d17932816f6ba14128930f') in 0.015589 seconds
Number of updated asset objects reloaded before import = 0
Number of asset objects unloaded after import = 3
========================================================================
Received Import Request.
  Time since last request: 0.000022 seconds.
  path: Assets/Tiles/hex-sliced_01.asset
  artifactKey: Guid(6051973bef24621419cc11b5a5847267) Importer(2089858483,0ecaa5967403d082aa24f35e1b516d23)
Start importing Assets/Tiles/hex-sliced_01.asset using Guid(6051973bef24621419cc11b5a5847267) Importer(2089858483,0ecaa5967403d082aa24f35e1b516d23) [PhysX] Initialized MultithreadedTaskDispatcher with 36 workers.
 -> (artifact id: 'bd20208a59c2fccc8fd6f6cc0d5264c6') in 0.016889 seconds
Number of updated asset objects reloaded before import = 0
Number of asset objects unloaded after import = 3
========================================================================
Received Import Request.
  Time since last request: 0.000020 seconds.
  path: Assets/Tiles/hex-sliced_124.asset
  artifactKey: Guid(e715e3cdb95a96944a263c8ac8118c0f) Importer(2089858483,0ecaa5967403d082aa24f35e1b516d23)
Start importing Assets/Tiles/hex-sliced_124.asset using Guid(e715e3cdb95a96944a263c8ac8118c0f) Importer(2089858483,0ecaa5967403d082aa24f35e1b516d23) [PhysX] Initialized MultithreadedTaskDispatcher with 36 workers.
 -> (artifact id: '793d3f76b4dc64b45f78477e0f439a4e') in 0.022688 seconds
Number of updated asset objects reloaded before import = 0
Number of asset objects unloaded after import = 3
========================================================================
Received Import Request.
  Time since last request: 0.000022 seconds.
  path: Assets/Sprites/hex-sliced_29.png
  artifactKey: Guid(c764768038379494b9f8f951d9439747) Importer(2089858483,0ecaa5967403d082aa24f35e1b516d23)
Start importing Assets/Sprites/hex-sliced_29.png using Guid(c764768038379494b9f8f951d9439747) Importer(2089858483,0ecaa5967403d082aa24f35e1b516d23) [PhysX] Initialized MultithreadedTaskDispatcher with 36 workers.
 -> (artifact id: '769709457eb66c621fdd61c37228f037') in 0.025166 seconds
Number of updated asset objects reloaded before import = 0
Number of asset objects unloaded after import = 3
========================================================================
Received Import Request.
  Time since last request: 0.000026 seconds.
  path: Assets/Sprites/hex-sliced_127.png
  artifactKey: Guid(08fcfbabab29b494f9691a675a93b74e) Importer(2089858483,0ecaa5967403d082aa24f35e1b516d23)
Start importing Assets/Sprites/hex-sliced_127.png using Guid(08fcfbabab29b494f9691a675a93b74e) Importer(2089858483,0ecaa5967403d082aa24f35e1b516d23) [PhysX] Initialized MultithreadedTaskDispatcher with 36 workers.
 -> (artifact id: 'ad7cdb44f4174c8516376627ce63e5d9') in 0.025613 seconds
Number of updated asset objects reloaded before import = 0
Number of asset objects unloaded after import = 3
========================================================================
Received Import Request.
  Time since last request: 0.000027 seconds.
  path: Assets/Sprites/hex-sliced_70.png
  artifactKey: Guid(5e3cbc69ba919b5408466a6ffee40694) Importer(2089858483,0ecaa5967403d082aa24f35e1b516d23)
Start importing Assets/Sprites/hex-sliced_70.png using Guid(5e3cbc69ba919b5408466a6ffee40694) Importer(2089858483,0ecaa5967403d082aa24f35e1b516d23) [PhysX] Initialized MultithreadedTaskDispatcher with 36 workers.
 -> (artifact id: 'eb2b80450ad7d01f1c4efeec87ceecce') in 0.023513 seconds
Number of updated asset objects reloaded before import = 0
Number of asset objects unloaded after import = 3
========================================================================
Received Import Request.
  Time since last request: 0.000031 seconds.
  path: Assets/Sprites/hex-sliced_109.png
  artifactKey: Guid(ad36d52cca272eb499f0d771657645ea) Importer(2089858483,0ecaa5967403d082aa24f35e1b516d23)
Start importing Assets/Sprites/hex-sliced_109.png using Guid(ad36d52cca272eb499f0d771657645ea) Importer(2089858483,0ecaa5967403d082aa24f35e1b516d23) [PhysX] Initialized MultithreadedTaskDispatcher with 36 workers.
 -> (artifact id: '521779983f3ea90b659423fbd6b14e9e') in 0.026083 seconds
Number of updated asset objects reloaded before import = 0
Number of asset objects unloaded after import = 3
========================================================================
Received Import Request.
  Time since last request: 0.000027 seconds.
  path: Assets/HexPalette/hex-sliced_32.asset
  artifactKey: Guid(e21a66026ec92214e982ed03e08e4ab5) Importer(2089858483,0ecaa5967403d082aa24f35e1b516d23)
Start importing Assets/HexPalette/hex-sliced_32.asset using Guid(e21a66026ec92214e982ed03e08e4ab5) Importer(2089858483,0ecaa5967403d082aa24f35e1b516d23) [PhysX] Initialized MultithreadedTaskDispatcher with 36 workers.
 -> (artifact id: 'b260b3b1fdb9059098c3ba118385c0d9') in 0.025493 seconds
Number of updated asset objects reloaded before import = 0
Number of asset objects unloaded after import = 3
========================================================================
Received Import Request.
  Time since last request: 0.000022 seconds.
  path: Assets/Tiles/hex-sliced_112.asset
  artifactKey: Guid(c0c7221d80d0a404c9e71d912bb165de) Importer(2089858483,0ecaa5967403d082aa24f35e1b516d23)
Start importing Assets/Tiles/hex-sliced_112.asset using Guid(c0c7221d80d0a404c9e71d912bb165de) Importer(2089858483,0ecaa5967403d082aa24f35e1b516d23) [PhysX] Initialized MultithreadedTaskDispatcher with 36 workers.
 -> (artifact id: '0e1f52ac0fb4ebbf8a7b513e10fd5951') in 0.017312 seconds
Number of updated asset objects reloaded before import = 0
Number of asset objects unloaded after import = 3
========================================================================
Received Import Request.
  Time since last request: 0.000021 seconds.
  path: Assets/Tiles/hex-sliced_58.asset
  artifactKey: Guid(b8224a0c1e180854ba1a73f210bffab3) Importer(2089858483,0ecaa5967403d082aa24f35e1b516d23)
Start importing Assets/Tiles/hex-sliced_58.asset using Guid(b8224a0c1e180854ba1a73f210bffab3) Importer(2089858483,0ecaa5967403d082aa24f35e1b516d23) [PhysX] Initialized MultithreadedTaskDispatcher with 36 workers.
 -> (artifact id: '7aa8b39b79452455af4b6a259a35f021') in 0.019028 seconds
Number of updated asset objects reloaded before import = 0
Number of asset objects unloaded after import = 3
========================================================================
Received Import Request.
  Time since last request: 0.000021 seconds.
  path: Assets/Tiles/hex-sliced_61.asset
  artifactKey: Guid(5ee024a18fe675741a97dfc88bb68025) Importer(2089858483,0ecaa5967403d082aa24f35e1b516d23)
Start importing Assets/Tiles/hex-sliced_61.asset using Guid(5ee024a18fe675741a97dfc88bb68025) Importer(2089858483,0ecaa5967403d082aa24f35e1b516d23) [PhysX] Initialized MultithreadedTaskDispatcher with 36 workers.
 -> (artifact id: 'b90c543b77cfe99fd2cb3eaa53d0aed5') in 0.018338 seconds
Number of updated asset objects reloaded before import = 0
Number of asset objects unloaded after import = 3
========================================================================
Received Import Request.
  Time since last request: 0.000024 seconds.
  path: Assets/Tiles/hex-sliced_139.asset
  artifactKey: Guid(4b531030752c2fd42b074ef451ded1a3) Importer(2089858483,0ecaa5967403d082aa24f35e1b516d23)
Start importing Assets/Tiles/hex-sliced_139.asset using Guid(4b531030752c2fd42b074ef451ded1a3) Importer(2089858483,0ecaa5967403d082aa24f35e1b516d23) [PhysX] Initialized MultithreadedTaskDispatcher with 36 workers.
 -> (artifact id: '869b3145de60eaaf9d52cf8cf5f6d13d') in 0.021269 seconds
Number of updated asset objects reloaded before import = 0
Number of asset objects unloaded after import = 3
========================================================================
Received Import Request.
  Time since last request: 0.000022 seconds.
  path: Assets/Tiles/hex-sliced_25.asset
  artifactKey: Guid(67d111d2f2478e849aa863137799c82f) Importer(2089858483,0ecaa5967403d082aa24f35e1b516d23)
Start importing Assets/Tiles/hex-sliced_25.asset using Guid(67d111d2f2478e849aa863137799c82f) Importer(2089858483,0ecaa5967403d082aa24f35e1b516d23) [PhysX] Initialized MultithreadedTaskDispatcher with 36 workers.
 -> (artifact id: '11743d86bfa1622acd1d7c37d72f7017') in 0.015653 seconds
Number of updated asset objects reloaded before import = 0
Number of asset objects unloaded after import = 3
========================================================================
Received Import Request.
  Time since last request: 0.000024 seconds.
  path: Assets/Tiles/hex-sliced_54.asset
  artifactKey: Guid(9e60c8e4b5e9f2942b31f69ae5fffe53) Importer(2089858483,0ecaa5967403d082aa24f35e1b516d23)
Start importing Assets/Tiles/hex-sliced_54.asset using Guid(9e60c8e4b5e9f2942b31f69ae5fffe53) Importer(2089858483,0ecaa5967403d082aa24f35e1b516d23) [PhysX] Initialized MultithreadedTaskDispatcher with 36 workers.
 -> (artifact id: 'df178ebcde7f02dcb36851ec093a0a0b') in 0.015058 seconds
Number of updated asset objects reloaded before import = 0
Number of asset objects unloaded after import = 3
========================================================================
Received Import Request.
  Time since last request: 0.000028 seconds.
  path: Assets/Tiles/hex-sliced_30.asset
  artifactKey: Guid(68732efeda68bb54797cc65bccac423f) Importer(2089858483,0ecaa5967403d082aa24f35e1b516d23)
Start importing Assets/Tiles/hex-sliced_30.asset using Guid(68732efeda68bb54797cc65bccac423f) Importer(2089858483,0ecaa5967403d082aa24f35e1b516d23) [PhysX] Initialized MultithreadedTaskDispatcher with 36 workers.
 -> (artifact id: 'be7619e0bb18f4bcd7b35b0bb0eafaaf') in 0.017798 seconds
Number of updated asset objects reloaded before import = 0
Number of asset objects unloaded after import = 3
========================================================================
Received Import Request.
  Time since last request: 0.000036 seconds.
  path: Assets/Tiles/hex-sliced_51.asset
  artifactKey: Guid(6842c9e91af91714cabc364f2ce29a99) Importer(2089858483,0ecaa5967403d082aa24f35e1b516d23)
Start importing Assets/Tiles/hex-sliced_51.asset using Guid(6842c9e91af91714cabc364f2ce29a99) Importer(2089858483,0ecaa5967403d082aa24f35e1b516d23) [PhysX] Initialized MultithreadedTaskDispatcher with 36 workers.
 -> (artifact id: 'c65af214e518ec1a6ac729265c56ec55') in 0.014194 seconds
Number of updated asset objects reloaded before import = 0
Number of asset objects unloaded after import = 3
========================================================================
Received Import Request.
  Time since last request: 0.000020 seconds.
  path: Assets/Tiles/hex-sliced_82.asset
  artifactKey: Guid(eaecfcbc4516e41469d1cab6d666eb7d) Importer(2089858483,0ecaa5967403d082aa24f35e1b516d23)
Start importing Assets/Tiles/hex-sliced_82.asset using Guid(eaecfcbc4516e41469d1cab6d666eb7d) Importer(2089858483,0ecaa5967403d082aa24f35e1b516d23) [PhysX] Initialized MultithreadedTaskDispatcher with 36 workers.
 -> (artifact id: '6524e01b3d683e01e089771c39420427') in 0.017359 seconds
Number of updated asset objects reloaded before import = 0
Number of asset objects unloaded after import = 3
========================================================================
Received Import Request.
  Time since last request: 0.000021 seconds.
  path: Assets/Tiles/hex-sliced_81.asset
  artifactKey: Guid(e09d98932554e674bb8a267b35616d60) Importer(2089858483,0ecaa5967403d082aa24f35e1b516d23)
Start importing Assets/Tiles/hex-sliced_81.asset using Guid(e09d98932554e674bb8a267b35616d60) Importer(2089858483,0ecaa5967403d082aa24f35e1b516d23) [PhysX] Initialized MultithreadedTaskDispatcher with 36 workers.
 -> (artifact id: 'ae58ff8fdc0d45044d69184fcd7573f1') in 0.017181 seconds
Number of updated asset objects reloaded before import = 0
Number of asset objects unloaded after import = 3
========================================================================
Received Import Request.
  Time since last request: 0.000021 seconds.
  path: Assets/Tiles/hex-sliced_74.asset
  artifactKey: Guid(84ef63960515d9948b1f391b1f6c7c34) Importer(2089858483,0ecaa5967403d082aa24f35e1b516d23)
Start importing Assets/Tiles/hex-sliced_74.asset using Guid(84ef63960515d9948b1f391b1f6c7c34) Importer(2089858483,0ecaa5967403d082aa24f35e1b516d23) [PhysX] Initialized MultithreadedTaskDispatcher with 36 workers.
 -> (artifact id: 'a2937ea5fb6f8d729d194bad1a4e157d') in 0.020415 seconds
Number of updated asset objects reloaded before import = 0
Number of asset objects unloaded after import = 3
========================================================================
Received Import Request.
  Time since last request: 0.000022 seconds.
  path: Assets/Tiles/hex-sliced_16.asset
  artifactKey: Guid(1286ea72911f44a4288b090d094c0029) Importer(2089858483,0ecaa5967403d082aa24f35e1b516d23)
Start importing Assets/Tiles/hex-sliced_16.asset using Guid(1286ea72911f44a4288b090d094c0029) Importer(2089858483,0ecaa5967403d082aa24f35e1b516d23) [PhysX] Initialized MultithreadedTaskDispatcher with 36 workers.
 -> (artifact id: '8f850668901fa125babdc86fb1c04ca7') in 0.015714 seconds
Number of updated asset objects reloaded before import = 0
Number of asset objects unloaded after import = 3
========================================================================
Received Import Request.
  Time since last request: 0.000022 seconds.
  path: Assets/Tiles/hex-sliced_47.asset
  artifactKey: Guid(f1bd04dc9b9a6d9499a52977255583fd) Importer(2089858483,0ecaa5967403d082aa24f35e1b516d23)
Start importing Assets/Tiles/hex-sliced_47.asset using Guid(f1bd04dc9b9a6d9499a52977255583fd) Importer(2089858483,0ecaa5967403d082aa24f35e1b516d23) [PhysX] Initialized MultithreadedTaskDispatcher with 36 workers.
 -> (artifact id: 'bdec9f3ca87f772910a5505c28ad195d') in 0.015116 seconds
Number of updated asset objects reloaded before import = 0
Number of asset objects unloaded after import = 3
========================================================================
Received Import Request.
  Time since last request: 0.000034 seconds.
  path: Assets/Tiles/hex-sliced_31.asset
  artifactKey: Guid(e387d55e72f0fd1499f3044c8746bc1d) Importer(2089858483,0ecaa5967403d082aa24f35e1b516d23)
Start importing Assets/Tiles/hex-sliced_31.asset using Guid(e387d55e72f0fd1499f3044c8746bc1d) Importer(2089858483,0ecaa5967403d082aa24f35e1b516d23) [PhysX] Initialized MultithreadedTaskDispatcher with 36 workers.
 -> (artifact id: '487ed010901b0d314182132cfac22b15') in 0.014178 seconds
Number of updated asset objects reloaded before import = 0
Number of asset objects unloaded after import = 3
========================================================================
Received Import Request.
  Time since last request: 0.000024 seconds.
  path: Assets/Tiles/hex-sliced_24.asset
  artifactKey: Guid(1cff4ac1b4b0fa144a0465d3253c8f9a) Importer(2089858483,0ecaa5967403d082aa24f35e1b516d23)
Start importing Assets/Tiles/hex-sliced_24.asset using Guid(1cff4ac1b4b0fa144a0465d3253c8f9a) Importer(2089858483,0ecaa5967403d082aa24f35e1b516d23) [PhysX] Initialized MultithreadedTaskDispatcher with 36 workers.
 -> (artifact id: '4ea4efc84c29c1e58c65a72ae09739b6') in 0.017652 seconds
Number of updated asset objects reloaded before import = 0
Number of asset objects unloaded after import = 3
========================================================================
Received Import Request.
  Time since last request: 0.000032 seconds.
  path: Assets/Tiles/hex-sliced_142.asset
  artifactKey: Guid(5609b30cd807ee240bd4b9612cb8aea6) Importer(2089858483,0ecaa5967403d082aa24f35e1b516d23)
Start importing Assets/Tiles/hex-sliced_142.asset using Guid(5609b30cd807ee240bd4b9612cb8aea6) Importer(2089858483,0ecaa5967403d082aa24f35e1b516d23) [PhysX] Initialized MultithreadedTaskDispatcher with 36 workers.
 -> (artifact id: '1ecea0e2c1b498a0d86a332133989f2d') in 0.020324 seconds
Number of updated asset objects reloaded before import = 0
Number of asset objects unloaded after import = 3
========================================================================
Received Import Request.
  Time since last request: 0.000019 seconds.
  path: Assets/Tiles/hex-sliced_26.asset
  artifactKey: Guid(9396a948554a21646a1440ea4f42db53) Importer(2089858483,0ecaa5967403d082aa24f35e1b516d23)
Start importing Assets/Tiles/hex-sliced_26.asset using Guid(9396a948554a21646a1440ea4f42db53) Importer(2089858483,0ecaa5967403d082aa24f35e1b516d23) [PhysX] Initialized MultithreadedTaskDispatcher with 36 workers.
 -> (artifact id: 'f8a9de928354a71eacbb142cb61a226e') in 0.014125 seconds
Number of updated asset objects reloaded before import = 0
Number of asset objects unloaded after import = 3
========================================================================
Received Import Request.
  Time since last request: 0.000018 seconds.
  path: Assets/Tiles/hex-sliced_97.asset
  artifactKey: Guid(fd1879faa41d82c429c6ca28f3e98c7e) Importer(2089858483,0ecaa5967403d082aa24f35e1b516d23)
Start importing Assets/Tiles/hex-sliced_97.asset using Guid(fd1879faa41d82c429c6ca28f3e98c7e) Importer(2089858483,0ecaa5967403d082aa24f35e1b516d23) [PhysX] Initialized MultithreadedTaskDispatcher with 36 workers.
 -> (artifact id: 'e440acaa5cde184d58ffe0d6f2881431') in 0.016668 seconds
Number of updated asset objects reloaded before import = 0
Number of asset objects unloaded after import = 3
========================================================================
Received Import Request.
  Time since last request: 0.000029 seconds.
  path: Assets/Tiles/hex-sliced_92.asset
  artifactKey: Guid(ab7999ecac4e2b641baa08f006dfe266) Importer(2089858483,0ecaa5967403d082aa24f35e1b516d23)
Start importing Assets/Tiles/hex-sliced_92.asset using Guid(ab7999ecac4e2b641baa08f006dfe266) Importer(2089858483,0ecaa5967403d082aa24f35e1b516d23) [PhysX] Initialized MultithreadedTaskDispatcher with 36 workers.
 -> (artifact id: '676aa9bfa9a2824871623825a1388075') in 0.015037 seconds
Number of updated asset objects reloaded before import = 0
Number of asset objects unloaded after import = 3
========================================================================
Received Import Request.
  Time since last request: 0.000037 seconds.
  path: Assets/Sprites/hex-sliced_135.png
  artifactKey: Guid(bc936ac6a1de38b4d8247a0f42f43078) Importer(2089858483,0ecaa5967403d082aa24f35e1b516d23)
Start importing Assets/Sprites/hex-sliced_135.png using Guid(bc936ac6a1de38b4d8247a0f42f43078) Importer(2089858483,0ecaa5967403d082aa24f35e1b516d23) [PhysX] Initialized MultithreadedTaskDispatcher with 36 workers.
 -> (artifact id: 'c0897ee4a6eb9f0c254eef866fec6192') in 0.028115 seconds
Number of updated asset objects reloaded before import = 0
Number of asset objects unloaded after import = 3
Editor requested this worker to shutdown with reason: Scaling down because of idle timeout
TcpMessagingSession - receive error: operation aborted. errorcode: 995, details: The I/O operation has been aborted because of either a thread exit or an application request.
AssetImportWorker is now disconnected from the server
Process exiting
Exiting without the bug reporter. Application will terminate with return code 0