Using pre-set license
Built from '2022.3/staging' branch; Version is '2022.3.36f1 (95a4219250e5) revision 9806881'; Using compiler version '192829333'; Build Type 'Release'
OS: 'Windows 10  (10.0.19045) 64bit Enterprise' Language: 'en' Physical Memory: 65234 MB
BatchMode: 1, IsHumanControllingUs: 0, StartBugReporterOnCrash: 0, Is64bit: 1, IsPro: 1

COMMAND LINE ARGUMENTS:
C:\Program Files\Unity\Hub\Editor\2022.3.36f1\Editor\Unity.exe
-adb2
-batchMode
-noUpm
-name
AssetImportWorker1
-projectPath
D:/penda/Unity/Cross_Platform_Second_Year/CardGameBase
-logFile
Logs/AssetImportWorker1.log
-srvPort
64648
Successfully changed project path to: D:/penda/Unity/Cross_Platform_Second_Year/CardGameBase
D:/penda/Unity/Cross_Platform_Second_Year/CardGameBase
[UnityMemory] Configuration Parameters - Can be set up in boot.config
    "memorysetup-bucket-allocator-granularity=16"
    "memorysetup-bucket-allocator-bucket-count=8"
    "memorysetup-bucket-allocator-block-size=33554432"
    "memorysetup-bucket-allocator-block-count=8"
    "memorysetup-main-allocator-block-size=16777216"
    "memorysetup-thread-allocator-block-size=16777216"
    "memorysetup-gfx-main-allocator-block-size=16777216"
    "memorysetup-gfx-thread-allocator-block-size=16777216"
    "memorysetup-cache-allocator-block-size=4194304"
    "memorysetup-typetree-allocator-block-size=2097152"
    "memorysetup-profiler-bucket-allocator-granularity=16"
    "memorysetup-profiler-bucket-allocator-bucket-count=8"
    "memorysetup-profiler-bucket-allocator-block-size=33554432"
    "memorysetup-profiler-bucket-allocator-block-count=8"
    "memorysetup-profiler-allocator-block-size=16777216"
    "memorysetup-profiler-editor-allocator-block-size=1048576"
    "memorysetup-temp-allocator-size-main=16777216"
    "memorysetup-job-temp-allocator-block-size=2097152"
    "memorysetup-job-temp-allocator-block-size-background=1048576"
    "memorysetup-job-temp-allocator-reduction-small-platforms=262144"
    "memorysetup-allocator-temp-initial-block-size-main=262144"
    "memorysetup-allocator-temp-initial-block-size-worker=262144"
    "memorysetup-temp-allocator-size-background-worker=32768"
    "memorysetup-temp-allocator-size-job-worker=262144"
    "memorysetup-temp-allocator-size-preload-manager=33554432"
    "memorysetup-temp-allocator-size-nav-mesh-worker=65536"
    "memorysetup-temp-allocator-size-audio-worker=65536"
    "memorysetup-temp-allocator-size-cloud-worker=32768"
    "memorysetup-temp-allocator-size-gi-baking-worker=262144"
    "memorysetup-temp-allocator-size-gfx=262144"
Player connection [6176] Host "[IP] 10.129.33.56 [Port] 0 [Flags] 2 [Guid] 2473584496 [EditorId] 2473584496 [Version] 1048832 [Id] WindowsEditor(7,DMW6F22) [Debug] 1 [PackageName] WindowsEditor [ProjectName] Editor" joined multi-casting on [225.0.0.222:54997]...

Player connection [6176] Host "[IP] 10.129.33.56 [Port] 0 [Flags] 2 [Guid] 2473584496 [EditorId] 2473584496 [Version] 1048832 [Id] WindowsEditor(7,DMW6F22) [Debug] 1 [PackageName] WindowsEditor [ProjectName] Editor" joined alternative multi-casting on [225.0.0.222:34997]...

[PhysX] Initialized MultithreadedTaskDispatcher with 36 workers.
Refreshing native plugins compatible for Editor in 11.03 ms, found 4 plugins.
Preloading 0 native plugins for Editor in 0.00 ms.
Initialize engine version: 2022.3.36f1 (95a4219250e5)
[Subsystems] Discovering subsystems at path C:/Program Files/Unity/Hub/Editor/2022.3.36f1/Editor/Data/Resources/UnitySubsystems
[Subsystems] Discovering subsystems at path D:/penda/Unity/Cross_Platform_Second_Year/CardGameBase/Assets
GfxDevice: creating device client; threaded=0; jobified=0
Direct3D:
    Version:  Direct3D 11.0 [level 11.1]
    Renderer: NVIDIA GeForce RTX 2080 Ti (ID=0x1e07)
    Vendor:   NVIDIA
    VRAM:     11027 MB
    Driver:   32.0.15.6081
Initialize mono
Mono path[0] = 'C:/Program Files/Unity/Hub/Editor/2022.3.36f1/Editor/Data/Managed'
Mono path[1] = 'C:/Program Files/Unity/Hub/Editor/2022.3.36f1/Editor/Data/MonoBleedingEdge/lib/mono/unityjit-win32'
Mono config path = 'C:/Program Files/Unity/Hub/Editor/2022.3.36f1/Editor/Data/MonoBleedingEdge/etc'
Using monoOptions --debugger-agent=transport=dt_socket,embedding=1,server=y,suspend=n,address=127.0.0.1:56536
Begin MonoManager ReloadAssembly
Registering precompiled unity dll's ...
Register platform support module: C:/Program Files/Unity/Hub/Editor/2022.3.36f1/Editor/Data/PlaybackEngines/WebGLSupport/UnityEditor.WebGL.Extensions.dll
Register platform support module: C:/Program Files/Unity/Hub/Editor/2022.3.36f1/Editor/Data/PlaybackEngines/AndroidPlayer/UnityEditor.Android.Extensions.dll
Register platform support module: C:/Program Files/Unity/Hub/Editor/2022.3.36f1/Editor/Data/PlaybackEngines/WindowsStandaloneSupport/UnityEditor.WindowsStandalone.Extensions.dll
Register platform support module: C:/Program Files/Unity/Hub/Editor/2022.3.36f1/Editor/Data/PlaybackEngines/MetroSupport/UnityEditor.UWP.Extensions.dll
Registered in 0.011792 seconds.
- Loaded All Assemblies, in  0.413 seconds
Native extension for UWP target not found
Native extension for WindowsStandalone target not found
Native extension for Android target not found
Android Extension - Scanning For ADB Devices 331 ms
Native extension for WebGL target not found
Mono: successfully reloaded assembly
- Finished resetting the current domain, in  0.732 seconds
Domain Reload Profiling: 1143ms
	BeginReloadAssembly (116ms)
		ExecutionOrderSort (0ms)
		DisableScriptedObjects (0ms)
		BackupInstance (0ms)
		ReleaseScriptingObjects (0ms)
		CreateAndSetChildDomain (1ms)
	RebuildCommonClasses (37ms)
	RebuildNativeTypeToScriptingClass (12ms)
	initialDomainReloadingComplete (62ms)
	LoadAllAssembliesAndSetupDomain (184ms)
		LoadAssemblies (115ms)
		RebuildTransferFunctionScriptingTraits (0ms)
		AnalyzeDomain (181ms)
			TypeCache.Refresh (179ms)
				TypeCache.ScanAssembly (163ms)
			ScanForSourceGeneratedMonoScriptInfo (0ms)
			ResolveRequiredComponents (0ms)
	FinalizeReload (732ms)
		ReleaseScriptCaches (0ms)
		RebuildScriptCaches (0ms)
		SetupLoadedEditorAssemblies (662ms)
			LogAssemblyErrors (0ms)
			InitializePlatformSupportModulesInManaged (467ms)
			SetLoadedEditorAssemblies (4ms)
			RefreshPlugins (0ms)
			BeforeProcessingInitializeOnLoad (2ms)
			ProcessInitializeOnLoadAttributes (136ms)
			ProcessInitializeOnLoadMethodAttributes (53ms)
			AfterProcessingInitializeOnLoad (0ms)
			EditorAssembliesLoaded (0ms)
		ExecutionOrderSort2 (0ms)
		AwakeInstancesAfterBackupRestoration (0ms)
========================================================================
Worker process is ready to serve import requests
Begin MonoManager ReloadAssembly
- Loaded All Assemblies, in  0.833 seconds
Refreshing native plugins compatible for Editor in 2.85 ms, found 4 plugins.
Native extension for UWP target not found
Native extension for WindowsStandalone target not found
Native extension for Android target not found
Native extension for WebGL target not found
Package Manager log level set to [2]
[Package Manager] Server::EnsureServerProcessIsRunning -- launch failed, reason: Unity was launched with the -noUpm command-line argument
[Package Manager] UpmClient::Send -- Unable to send message (not connected to UPM process).
[Package Manager] Cannot connect to Unity Package Manager local server
Mono: successfully reloaded assembly
- Finished resetting the current domain, in  0.890 seconds
Domain Reload Profiling: 1722ms
	BeginReloadAssembly (173ms)
		ExecutionOrderSort (0ms)
		DisableScriptedObjects (6ms)
		BackupInstance (0ms)
		ReleaseScriptingObjects (0ms)
		CreateAndSetChildDomain (33ms)
	RebuildCommonClasses (38ms)
	RebuildNativeTypeToScriptingClass (12ms)
	initialDomainReloadingComplete (40ms)
	LoadAllAssembliesAndSetupDomain (568ms)
		LoadAssemblies (391ms)
		RebuildTransferFunctionScriptingTraits (0ms)
		AnalyzeDomain (274ms)
			TypeCache.Refresh (223ms)
				TypeCache.ScanAssembly (199ms)
			ScanForSourceGeneratedMonoScriptInfo (38ms)
			ResolveRequiredComponents (11ms)
	FinalizeReload (891ms)
		ReleaseScriptCaches (0ms)
		RebuildScriptCaches (0ms)
		SetupLoadedEditorAssemblies (673ms)
			LogAssemblyErrors (0ms)
			InitializePlatformSupportModulesInManaged (29ms)
			SetLoadedEditorAssemblies (5ms)
			RefreshPlugins (0ms)
			BeforeProcessingInitializeOnLoad (93ms)
			ProcessInitializeOnLoadAttributes (456ms)
			ProcessInitializeOnLoadMethodAttributes (85ms)
			AfterProcessingInitializeOnLoad (6ms)
			EditorAssembliesLoaded (0ms)
		ExecutionOrderSort2 (0ms)
		AwakeInstancesAfterBackupRestoration (6ms)
Launched and connected shader compiler UnityShaderCompiler.exe after 0.06 seconds
Refreshing native plugins compatible for Editor in 5.39 ms, found 4 plugins.
Preloading 0 native plugins for Editor in 0.00 ms.
Unloading 6058 Unused Serialized files (Serialized files now loaded: 0)
Unloading 93 unused Assets / (352.7 KB). Loaded Objects now: 6521.
Memory consumption went from 231.5 MB to 231.2 MB.
Total: 9.438200 ms (FindLiveObjects: 0.869400 ms CreateObjectMapping: 0.666700 ms MarkObjects: 7.523200 ms  DeleteObjects: 0.377100 ms)

AssetImportParameters requested are different than current active one (requested -> active):
  custom:container-demuxer-ogg: 62fdf1f143b41e24485cea50d1cbac27 -> 
  custom:video-decoder-ogg-theora: a1e56fd34408186e4bbccfd4996cb3dc -> 
  custom:framework-win-MediaFoundation: 216162199b28c13a410421893ffa2e32 -> 
  custom:CustomObjectIndexerAttribute: 72b91833f83ae208fae7752999fa3104 -> 
  custom:container-demuxer-webm: 4f35f7cbe854078d1ac9338744f61a02 -> 
  custom:container-muxer-webm: aa71ff27fc2769a1b78a27578f13a17b -> 
  custom:video-decoder-webm-vp8: 9c59270c3fd7afecdb556c50c9e8de78 -> 
  custom:SearchIndexIgnoredProperties: e643bd26f0fe6173181afceb89e7c659 -> 
  custom:AudioImporter_EditorPlatform: d09bf68614088b80899f8185d706f6e7 -> 
  custom:video-encoder-webm-vp8: eb34c28f22e8b96e1ab97ce403110664 -> 
  custom:audio-decoder-ogg-vorbis: bf7c407c2cedff20999df2af8eb42d56 -> 
  custom:audio-encoder-webm-vorbis: bf7c407c2cedff20999df2af8eb42d56 -> 
========================================================================
Received Import Request.
  Time since last request: 46008.517802 seconds.
  path: Assets/HexPalette/hex-sliced_38.asset
  artifactKey: Guid(e85c24af2bd4e4441b6d74d72d882ac5) Importer(2089858483,0ecaa5967403d082aa24f35e1b516d23)
Start importing Assets/HexPalette/hex-sliced_38.asset using Guid(e85c24af2bd4e4441b6d74d72d882ac5) Importer(2089858483,0ecaa5967403d082aa24f35e1b516d23) [PhysX] Initialized MultithreadedTaskDispatcher with 36 workers.
 -> (artifact id: 'b0d441aff90100a96ed9eedc56d9eea1') in 0.276162 seconds
Number of updated asset objects reloaded before import = 0
Number of asset objects unloaded after import = 3
========================================================================
Received Import Request.
  Time since last request: 0.000033 seconds.
  path: Assets/HexPalette/hex-sliced_24.asset
  artifactKey: Guid(3b29bb6b363a0034c83eff53bd996e72) Importer(2089858483,0ecaa5967403d082aa24f35e1b516d23)
Start importing Assets/HexPalette/hex-sliced_24.asset using Guid(3b29bb6b363a0034c83eff53bd996e72) Importer(2089858483,0ecaa5967403d082aa24f35e1b516d23) [PhysX] Initialized MultithreadedTaskDispatcher with 36 workers.
 -> (artifact id: '140bc60792f390e3c80db34c6076855f') in 0.024078 seconds
Number of updated asset objects reloaded before import = 0
Number of asset objects unloaded after import = 3
========================================================================
Received Import Request.
  Time since last request: 0.000022 seconds.
  path: Assets/HexPalette/hex-sliced_07.asset
  artifactKey: Guid(4302a5ee7eee69c40b68c975727ee766) Importer(2089858483,0ecaa5967403d082aa24f35e1b516d23)
Start importing Assets/HexPalette/hex-sliced_07.asset using Guid(4302a5ee7eee69c40b68c975727ee766) Importer(2089858483,0ecaa5967403d082aa24f35e1b516d23) [PhysX] Initialized MultithreadedTaskDispatcher with 36 workers.
 -> (artifact id: 'b8f068bf0e79d5960a14e5b06d7f12b9') in 0.020970 seconds
Number of updated asset objects reloaded before import = 0
Number of asset objects unloaded after import = 3
========================================================================
Received Import Request.
  Time since last request: 0.000040 seconds.
  path: Assets/HexPalette/hex-sliced_26.asset
  artifactKey: Guid(d7964cd0042c5284b90e1ae38fc5eae0) Importer(2089858483,0ecaa5967403d082aa24f35e1b516d23)
Start importing Assets/HexPalette/hex-sliced_26.asset using Guid(d7964cd0042c5284b90e1ae38fc5eae0) Importer(2089858483,0ecaa5967403d082aa24f35e1b516d23) [PhysX] Initialized MultithreadedTaskDispatcher with 36 workers.
 -> (artifact id: '81ba91a2b163cb1427655433a83265ad') in 0.019009 seconds
Number of updated asset objects reloaded before import = 0
Number of asset objects unloaded after import = 3
========================================================================
Received Import Request.
  Time since last request: 0.000038 seconds.
  path: Assets/HexPalette/hex-sliced_109.asset
  artifactKey: Guid(37c689046d08be54e8174fcd7377de94) Importer(2089858483,0ecaa5967403d082aa24f35e1b516d23)
Start importing Assets/HexPalette/hex-sliced_109.asset using Guid(37c689046d08be54e8174fcd7377de94) Importer(2089858483,0ecaa5967403d082aa24f35e1b516d23) [PhysX] Initialized MultithreadedTaskDispatcher with 36 workers.
 -> (artifact id: '6af0fe9131244fe3edd7b89c6b3e65ae') in 0.015612 seconds
Number of updated asset objects reloaded before import = 0
Number of asset objects unloaded after import = 3
========================================================================
Received Import Request.
  Time since last request: 0.000028 seconds.
  path: Assets/HexPalette/hex-sliced_49.asset
  artifactKey: Guid(fe489eba246be4d449d9cc10b8265b4d) Importer(2089858483,0ecaa5967403d082aa24f35e1b516d23)
Start importing Assets/HexPalette/hex-sliced_49.asset using Guid(fe489eba246be4d449d9cc10b8265b4d) Importer(2089858483,0ecaa5967403d082aa24f35e1b516d23) [PhysX] Initialized MultithreadedTaskDispatcher with 36 workers.
 -> (artifact id: '791d484379acecc174d76969d71b9924') in 0.024557 seconds
Number of updated asset objects reloaded before import = 0
Number of asset objects unloaded after import = 3
========================================================================
Received Import Request.
  Time since last request: 0.000022 seconds.
  path: Assets/HexPalette/hex-sliced_29.asset
  artifactKey: Guid(c141c0f878e770c44917745dd96ee09d) Importer(2089858483,0ecaa5967403d082aa24f35e1b516d23)
Start importing Assets/HexPalette/hex-sliced_29.asset using Guid(c141c0f878e770c44917745dd96ee09d) Importer(2089858483,0ecaa5967403d082aa24f35e1b516d23) [PhysX] Initialized MultithreadedTaskDispatcher with 36 workers.
 -> (artifact id: '8383ea28e47811f3abbc2e369f5b3796') in 0.012986 seconds
Number of updated asset objects reloaded before import = 0
Number of asset objects unloaded after import = 3
========================================================================
Received Import Request.
  Time since last request: 0.000020 seconds.
  path: Assets/HexPalette/hex-sliced_114.asset
  artifactKey: Guid(5ca6b9b61110b5d45a3cf757fd44ad8c) Importer(2089858483,0ecaa5967403d082aa24f35e1b516d23)
Start importing Assets/HexPalette/hex-sliced_114.asset using Guid(5ca6b9b61110b5d45a3cf757fd44ad8c) Importer(2089858483,0ecaa5967403d082aa24f35e1b516d23) [PhysX] Initialized MultithreadedTaskDispatcher with 36 workers.
 -> (artifact id: '34aa2fc526dca80faa135de31d7ed2e9') in 0.014060 seconds
Number of updated asset objects reloaded before import = 0
Number of asset objects unloaded after import = 3
========================================================================
Received Import Request.
  Time since last request: 0.000042 seconds.
  path: Assets/HexPalette/hex-sliced_42.asset
  artifactKey: Guid(452e9da742707f248978879ba01ca1e0) Importer(2089858483,0ecaa5967403d082aa24f35e1b516d23)
Start importing Assets/HexPalette/hex-sliced_42.asset using Guid(452e9da742707f248978879ba01ca1e0) Importer(2089858483,0ecaa5967403d082aa24f35e1b516d23) [PhysX] Initialized MultithreadedTaskDispatcher with 36 workers.
 -> (artifact id: '38df1c3e429dd4c4298f0162a9993b4d') in 0.014050 seconds
Number of updated asset objects reloaded before import = 0
Number of asset objects unloaded after import = 3
========================================================================
Received Import Request.
  Time since last request: 0.000030 seconds.
  path: Assets/HexPalette/hex-sliced_44.asset
  artifactKey: Guid(15a53342649fded439a355aa620edfe0) Importer(2089858483,0ecaa5967403d082aa24f35e1b516d23)
Start importing Assets/HexPalette/hex-sliced_44.asset using Guid(15a53342649fded439a355aa620edfe0) Importer(2089858483,0ecaa5967403d082aa24f35e1b516d23) [PhysX] Initialized MultithreadedTaskDispatcher with 36 workers.
 -> (artifact id: 'dc65785715cd8e075c874c0770506f6e') in 0.014313 seconds
Number of updated asset objects reloaded before import = 0
Number of asset objects unloaded after import = 3
========================================================================
Received Import Request.
  Time since last request: 0.000035 seconds.
  path: Assets/HexPalette/hex-sliced_52.asset
  artifactKey: Guid(31a84479019eef7438241f8cd7be4421) Importer(2089858483,0ecaa5967403d082aa24f35e1b516d23)
Start importing Assets/HexPalette/hex-sliced_52.asset using Guid(31a84479019eef7438241f8cd7be4421) Importer(2089858483,0ecaa5967403d082aa24f35e1b516d23) [PhysX] Initialized MultithreadedTaskDispatcher with 36 workers.
 -> (artifact id: 'ad5b60e8a95c85d3f15f5a7457bd47e6') in 0.014056 seconds
Number of updated asset objects reloaded before import = 0
Number of asset objects unloaded after import = 3
========================================================================
Received Import Request.
  Time since last request: 0.000021 seconds.
  path: Assets/HexPalette/hex-sliced_104.asset
  artifactKey: Guid(38399cb9ef5583b41b68a1665749d23f) Importer(2089858483,0ecaa5967403d082aa24f35e1b516d23)
Start importing Assets/HexPalette/hex-sliced_104.asset using Guid(38399cb9ef5583b41b68a1665749d23f) Importer(2089858483,0ecaa5967403d082aa24f35e1b516d23) [PhysX] Initialized MultithreadedTaskDispatcher with 36 workers.
 -> (artifact id: '8affc3a7ecbb5cf7c61b93050163b6e5') in 0.015192 seconds
Number of updated asset objects reloaded before import = 0
Number of asset objects unloaded after import = 3
========================================================================
Received Import Request.
  Time since last request: 0.000020 seconds.
  path: Assets/HexPalette/hex-sliced_11.asset
  artifactKey: Guid(b06e26d1c7c53ba4fb16e92532a33b51) Importer(2089858483,0ecaa5967403d082aa24f35e1b516d23)
Start importing Assets/HexPalette/hex-sliced_11.asset using Guid(b06e26d1c7c53ba4fb16e92532a33b51) Importer(2089858483,0ecaa5967403d082aa24f35e1b516d23) [PhysX] Initialized MultithreadedTaskDispatcher with 36 workers.
 -> (artifact id: '59a0028a40b8a8900fc144c59536eb9d') in 0.020931 seconds
Number of updated asset objects reloaded before import = 0
Number of asset objects unloaded after import = 3
========================================================================
Received Import Request.
  Time since last request: 0.000036 seconds.
  path: Assets/HexPalette/hex-sliced_30.asset
  artifactKey: Guid(a27a8a2880804f240916f6ef64d9c763) Importer(2089858483,0ecaa5967403d082aa24f35e1b516d23)
Start importing Assets/HexPalette/hex-sliced_30.asset using Guid(a27a8a2880804f240916f6ef64d9c763) Importer(2089858483,0ecaa5967403d082aa24f35e1b516d23) [PhysX] Initialized MultithreadedTaskDispatcher with 36 workers.
 -> (artifact id: '68fd52b96dddf9558d79ad9d247d0962') in 0.023936 seconds
Number of updated asset objects reloaded before import = 0
Number of asset objects unloaded after import = 3
========================================================================
Received Import Request.
  Time since last request: 0.000038 seconds.
  path: Assets/HexPalette/hex-sliced_40.asset
  artifactKey: Guid(a35e494b73f18c244b0273af43918a66) Importer(2089858483,0ecaa5967403d082aa24f35e1b516d23)
Start importing Assets/HexPalette/hex-sliced_40.asset using Guid(a35e494b73f18c244b0273af43918a66) Importer(2089858483,0ecaa5967403d082aa24f35e1b516d23) [PhysX] Initialized MultithreadedTaskDispatcher with 36 workers.
 -> (artifact id: 'c54c4135b5ac2795465a83eb7c9f7eb9') in 0.013858 seconds
Number of updated asset objects reloaded before import = 0
Number of asset objects unloaded after import = 3
========================================================================
Received Import Request.
  Time since last request: 0.000021 seconds.
  path: Assets/HexPalette/hex-sliced_50.asset
  artifactKey: Guid(a1fd951fa9e0a494299479ca522faac9) Importer(2089858483,0ecaa5967403d082aa24f35e1b516d23)
Start importing Assets/HexPalette/hex-sliced_50.asset using Guid(a1fd951fa9e0a494299479ca522faac9) Importer(2089858483,0ecaa5967403d082aa24f35e1b516d23) [PhysX] Initialized MultithreadedTaskDispatcher with 36 workers.
 -> (artifact id: 'fc7dc944452a13202c4e90383197912b') in 0.016147 seconds
Number of updated asset objects reloaded before import = 0
Number of asset objects unloaded after import = 3
========================================================================
Received Import Request.
  Time since last request: 0.000024 seconds.
  path: Assets/HexPalette/hex-sliced_48.asset
  artifactKey: Guid(8bdc3a7603c89a649b046e8d7185a608) Importer(2089858483,0ecaa5967403d082aa24f35e1b516d23)
Start importing Assets/HexPalette/hex-sliced_48.asset using Guid(8bdc3a7603c89a649b046e8d7185a608) Importer(2089858483,0ecaa5967403d082aa24f35e1b516d23) [PhysX] Initialized MultithreadedTaskDispatcher with 36 workers.
 -> (artifact id: '4defeca25ed15785803b995e183009e6') in 0.016556 seconds
Number of updated asset objects reloaded before import = 0
Number of asset objects unloaded after import = 3
========================================================================
Received Import Request.
  Time since last request: 0.000045 seconds.
  path: Assets/HexPalette/hex-sliced_06.asset
  artifactKey: Guid(84a4356c62d7d7a4f9afaad2c423d6fb) Importer(2089858483,0ecaa5967403d082aa24f35e1b516d23)
Start importing Assets/HexPalette/hex-sliced_06.asset using Guid(84a4356c62d7d7a4f9afaad2c423d6fb) Importer(2089858483,0ecaa5967403d082aa24f35e1b516d23) [PhysX] Initialized MultithreadedTaskDispatcher with 36 workers.
 -> (artifact id: '3d76ad3beb0a8120f449ef908dc8e3db') in 0.016815 seconds
Number of updated asset objects reloaded before import = 0
Number of asset objects unloaded after import = 3
========================================================================
Received Import Request.
  Time since last request: 0.000029 seconds.
  path: Assets/HexPalette/hex-sliced_20.asset
  artifactKey: Guid(a50e3555f78e8a94c8845b1826b6e7f5) Importer(2089858483,0ecaa5967403d082aa24f35e1b516d23)
Start importing Assets/HexPalette/hex-sliced_20.asset using Guid(a50e3555f78e8a94c8845b1826b6e7f5) Importer(2089858483,0ecaa5967403d082aa24f35e1b516d23) [PhysX] Initialized MultithreadedTaskDispatcher with 36 workers.
 -> (artifact id: '87cbddc2cb6b56df2e3679d185e39da9') in 0.013445 seconds
Number of updated asset objects reloaded before import = 0
Number of asset objects unloaded after import = 3
========================================================================
Received Import Request.
  Time since last request: 0.000020 seconds.
  path: Assets/HexPalette/hex-sliced_76.asset
  artifactKey: Guid(d3beddecaf45cf744bc03395c5d63a84) Importer(2089858483,0ecaa5967403d082aa24f35e1b516d23)
Start importing Assets/HexPalette/hex-sliced_76.asset using Guid(d3beddecaf45cf744bc03395c5d63a84) Importer(2089858483,0ecaa5967403d082aa24f35e1b516d23) [PhysX] Initialized MultithreadedTaskDispatcher with 36 workers.
 -> (artifact id: '1ea99cd00deb730fecb403f2ba034351') in 0.016919 seconds
Number of updated asset objects reloaded before import = 0
Number of asset objects unloaded after import = 3
========================================================================
Received Import Request.
  Time since last request: 0.000021 seconds.
  path: Assets/HexPalette/hex-sliced_83.asset
  artifactKey: Guid(e11fdb78c5f113f47ba9cb4336cf77f1) Importer(2089858483,0ecaa5967403d082aa24f35e1b516d23)
Start importing Assets/HexPalette/hex-sliced_83.asset using Guid(e11fdb78c5f113f47ba9cb4336cf77f1) Importer(2089858483,0ecaa5967403d082aa24f35e1b516d23) [PhysX] Initialized MultithreadedTaskDispatcher with 36 workers.
 -> (artifact id: '0af903133c463b688c9c481b1a63247f') in 0.023900 seconds
Number of updated asset objects reloaded before import = 0
Number of asset objects unloaded after import = 3
========================================================================
Received Import Request.
  Time since last request: 0.000038 seconds.
  path: Assets/Sprites/hex-sliced_11.png
  artifactKey: Guid(9773f54f825daa34180a946d9e6895c3) Importer(2089858483,0ecaa5967403d082aa24f35e1b516d23)
Start importing Assets/Sprites/hex-sliced_11.png using Guid(9773f54f825daa34180a946d9e6895c3) Importer(2089858483,0ecaa5967403d082aa24f35e1b516d23) [PhysX] Initialized MultithreadedTaskDispatcher with 36 workers.
 -> (artifact id: '1d3ef78371ee8331f0b39adf667e19d2') in 0.083344 seconds
Number of updated asset objects reloaded before import = 0
Number of asset objects unloaded after import = 3
========================================================================
Received Import Request.
  Time since last request: 0.000024 seconds.
  path: Assets/Sprites/hex-sliced_129.png
  artifactKey: Guid(4b6f31529f762e443bbdd38c8eaeb99b) Importer(2089858483,0ecaa5967403d082aa24f35e1b516d23)
Start importing Assets/Sprites/hex-sliced_129.png using Guid(4b6f31529f762e443bbdd38c8eaeb99b) Importer(2089858483,0ecaa5967403d082aa24f35e1b516d23) [PhysX] Initialized MultithreadedTaskDispatcher with 36 workers.
 -> (artifact id: 'a22452d62fe539c8fc42d26d94f6c11d') in 0.024937 seconds
Number of updated asset objects reloaded before import = 0
Number of asset objects unloaded after import = 3
========================================================================
Received Import Request.
  Time since last request: 0.000024 seconds.
  path: Assets/Sprites/hex-sliced_141.png
  artifactKey: Guid(b8a5d8bd1fed5a84b8c5ef3b6e7925ea) Importer(2089858483,0ecaa5967403d082aa24f35e1b516d23)
Start importing Assets/Sprites/hex-sliced_141.png using Guid(b8a5d8bd1fed5a84b8c5ef3b6e7925ea) Importer(2089858483,0ecaa5967403d082aa24f35e1b516d23) [PhysX] Initialized MultithreadedTaskDispatcher with 36 workers.
 -> (artifact id: '29fa2c182e64d0261dd0d27a231e1774') in 0.023808 seconds
Number of updated asset objects reloaded before import = 0
Number of asset objects unloaded after import = 3
========================================================================
Received Import Request.
  Time since last request: 0.000033 seconds.
  path: Assets/HexPalette/hex-sliced_92.asset
  artifactKey: Guid(7856000c5b90ab4458e1bf5194738a6c) Importer(2089858483,0ecaa5967403d082aa24f35e1b516d23)
Start importing Assets/HexPalette/hex-sliced_92.asset using Guid(7856000c5b90ab4458e1bf5194738a6c) Importer(2089858483,0ecaa5967403d082aa24f35e1b516d23) [PhysX] Initialized MultithreadedTaskDispatcher with 36 workers.
 -> (artifact id: 'd6bb14cb3719d899d249637a62932149') in 0.018134 seconds
Number of updated asset objects reloaded before import = 0
Number of asset objects unloaded after import = 3
========================================================================
Received Import Request.
  Time since last request: 0.000032 seconds.
  path: Assets/HexPalette/hex-sliced_95.asset
  artifactKey: Guid(bf5346f66d29dda49a0f6d749f7d2ff5) Importer(2089858483,0ecaa5967403d082aa24f35e1b516d23)
Start importing Assets/HexPalette/hex-sliced_95.asset using Guid(bf5346f66d29dda49a0f6d749f7d2ff5) Importer(2089858483,0ecaa5967403d082aa24f35e1b516d23) [PhysX] Initialized MultithreadedTaskDispatcher with 36 workers.
 -> (artifact id: '16d501fe15d2bce1d8d21f76dbfa23d3') in 0.016504 seconds
Number of updated asset objects reloaded before import = 0
Number of asset objects unloaded after import = 3
========================================================================
Received Import Request.
  Time since last request: 0.000022 seconds.
  path: Assets/Scenes/MovementMap.unity
  artifactKey: Guid(400ff914f46c9c547a48bd38a65021fd) Importer(2089858483,0ecaa5967403d082aa24f35e1b516d23)
Start importing Assets/Scenes/MovementMap.unity using Guid(400ff914f46c9c547a48bd38a65021fd) Importer(2089858483,0ecaa5967403d082aa24f35e1b516d23) [PhysX] Initialized MultithreadedTaskDispatcher with 36 workers.
 -> (artifact id: 'e61e9e83c6924e6446b631a50126df43') in 0.013035 seconds
Number of updated asset objects reloaded before import = 0
Number of asset objects unloaded after import = 1
========================================================================
Received Import Request.
  Time since last request: 0.000020 seconds.
  path: Assets/Sprites/hex-sliced_101.png
  artifactKey: Guid(c64441a5f95750142a099ac238256744) Importer(2089858483,0ecaa5967403d082aa24f35e1b516d23)
Start importing Assets/Sprites/hex-sliced_101.png using Guid(c64441a5f95750142a099ac238256744) Importer(2089858483,0ecaa5967403d082aa24f35e1b516d23) [PhysX] Initialized MultithreadedTaskDispatcher with 36 workers.
 -> (artifact id: '32f7793202a5077c7f071bd5e7bf7a95') in 0.026405 seconds
Number of updated asset objects reloaded before import = 0
Number of asset objects unloaded after import = 3
========================================================================
Received Import Request.
  Time since last request: 0.000104 seconds.
  path: Assets/Sprites/hex-sliced_03.png
  artifactKey: Guid(25a968242dba53f4daeb862228d2a57e) Importer(2089858483,0ecaa5967403d082aa24f35e1b516d23)
Start importing Assets/Sprites/hex-sliced_03.png using Guid(25a968242dba53f4daeb862228d2a57e) Importer(2089858483,0ecaa5967403d082aa24f35e1b516d23) [PhysX] Initialized MultithreadedTaskDispatcher with 36 workers.
 -> (artifact id: '7775adcc9aad6edb77b03d65be829ebe') in 0.030994 seconds
Number of updated asset objects reloaded before import = 0
Number of asset objects unloaded after import = 3
========================================================================
Received Import Request.
  Time since last request: 0.000021 seconds.
  path: Assets/Sprites/hex-sliced_119.png
  artifactKey: Guid(2bb8ace67277aec47a53827d4d033556) Importer(2089858483,0ecaa5967403d082aa24f35e1b516d23)
Start importing Assets/Sprites/hex-sliced_119.png using Guid(2bb8ace67277aec47a53827d4d033556) Importer(2089858483,0ecaa5967403d082aa24f35e1b516d23) [PhysX] Initialized MultithreadedTaskDispatcher with 36 workers.
 -> (artifact id: '16b28d05d0c709c009b1752b5812db5b') in 0.031695 seconds
Number of updated asset objects reloaded before import = 0
Number of asset objects unloaded after import = 3
========================================================================
Received Import Request.
  Time since last request: 0.000039 seconds.
  path: Assets/Settings/Renderer2D.asset
  artifactKey: Guid(424799608f7334c24bf367e4bbfa7f9a) Importer(2089858483,0ecaa5967403d082aa24f35e1b516d23)
Start importing Assets/Settings/Renderer2D.asset using Guid(424799608f7334c24bf367e4bbfa7f9a) Importer(2089858483,0ecaa5967403d082aa24f35e1b516d23) [PhysX] Initialized MultithreadedTaskDispatcher with 36 workers.
 -> (artifact id: '9749bff4cacb1a16ffe5ab7395e0acbd') in 0.027567 seconds
Number of updated asset objects reloaded before import = 0
Number of asset objects unloaded after import = 1
========================================================================
Received Import Request.
  Time since last request: 0.000023 seconds.
  path: Assets/Sprites/hex-sliced_144.png
  artifactKey: Guid(9dedfa7bef1d98a46b3b646f73f84b55) Importer(2089858483,0ecaa5967403d082aa24f35e1b516d23)
Start importing Assets/Sprites/hex-sliced_144.png using Guid(9dedfa7bef1d98a46b3b646f73f84b55) Importer(2089858483,0ecaa5967403d082aa24f35e1b516d23) [PhysX] Initialized MultithreadedTaskDispatcher with 36 workers.
 -> (artifact id: 'c82418e3beee85ad0dcecb4f774cf969') in 0.026506 seconds
Number of updated asset objects reloaded before import = 0
Number of asset objects unloaded after import = 3
========================================================================
Received Import Request.
  Time since last request: 0.000029 seconds.
  path: Assets/Sprites/hex-sliced_105.png
  artifactKey: Guid(6cd881b9e38e94e4d97844abf2cd8b09) Importer(2089858483,0ecaa5967403d082aa24f35e1b516d23)
Start importing Assets/Sprites/hex-sliced_105.png using Guid(6cd881b9e38e94e4d97844abf2cd8b09) Importer(2089858483,0ecaa5967403d082aa24f35e1b516d23) [PhysX] Initialized MultithreadedTaskDispatcher with 36 workers.
 -> (artifact id: '2375622b758b189d4e94302fa188a90d') in 0.023271 seconds
Number of updated asset objects reloaded before import = 0
Number of asset objects unloaded after import = 3
========================================================================
Received Import Request.
  Time since last request: 0.000025 seconds.
  path: Assets/Scripts/GameManager.cs
  artifactKey: Guid(767fedd27c4f6ae4bb1ac2a868bb3ff2) Importer(2089858483,0ecaa5967403d082aa24f35e1b516d23)
Start importing Assets/Scripts/GameManager.cs using Guid(767fedd27c4f6ae4bb1ac2a868bb3ff2) Importer(2089858483,0ecaa5967403d082aa24f35e1b516d23) [PhysX] Initialized MultithreadedTaskDispatcher with 36 workers.
 -> (artifact id: '14750f8f461560843ceccd895bf9c0d0') in 0.012652 seconds
Number of updated asset objects reloaded before import = 0
Number of asset objects unloaded after import = 1
========================================================================
Received Import Request.
  Time since last request: 0.000025 seconds.
  path: Assets/Sprites/hex-sliced_74.png
  artifactKey: Guid(753fac88efecbc44fa405846227e3c2c) Importer(2089858483,0ecaa5967403d082aa24f35e1b516d23)
Start importing Assets/Sprites/hex-sliced_74.png using Guid(753fac88efecbc44fa405846227e3c2c) Importer(2089858483,0ecaa5967403d082aa24f35e1b516d23) [PhysX] Initialized MultithreadedTaskDispatcher with 36 workers.
 -> (artifact id: 'e09e351b48270409e2f586de07585c3a') in 0.030048 seconds
Number of updated asset objects reloaded before import = 0
Number of asset objects unloaded after import = 3
========================================================================
Received Import Request.
  Time since last request: 0.000022 seconds.
  path: Assets/Sprites/hex-sliced_56.png
  artifactKey: Guid(686ee9eeb368418408fdf3cc4909abcd) Importer(2089858483,0ecaa5967403d082aa24f35e1b516d23)
Start importing Assets/Sprites/hex-sliced_56.png using Guid(686ee9eeb368418408fdf3cc4909abcd) Importer(2089858483,0ecaa5967403d082aa24f35e1b516d23) [PhysX] Initialized MultithreadedTaskDispatcher with 36 workers.
 -> (artifact id: 'b2e2ba95fec29a4077cf09790ea89718') in 0.025741 seconds
Number of updated asset objects reloaded before import = 0
Number of asset objects unloaded after import = 3
========================================================================
Received Import Request.
  Time since last request: 0.000048 seconds.
  path: Assets/Sprites/hex-sliced_75.png
  artifactKey: Guid(033c2aef259ea7d41b5a8858d3d0b384) Importer(2089858483,0ecaa5967403d082aa24f35e1b516d23)
Start importing Assets/Sprites/hex-sliced_75.png using Guid(033c2aef259ea7d41b5a8858d3d0b384) Importer(2089858483,0ecaa5967403d082aa24f35e1b516d23) [PhysX] Initialized MultithreadedTaskDispatcher with 36 workers.
 -> (artifact id: '76585e01b85f57f7f2123c14c564d8b1') in 0.025713 seconds
Number of updated asset objects reloaded before import = 0
Number of asset objects unloaded after import = 3
========================================================================
Received Import Request.
  Time since last request: 0.000023 seconds.
  path: Assets/Sprites/hex-sliced_38.png
  artifactKey: Guid(6a1d37c534e8fa3499655c6e1e2e4c50) Importer(2089858483,0ecaa5967403d082aa24f35e1b516d23)
Start importing Assets/Sprites/hex-sliced_38.png using Guid(6a1d37c534e8fa3499655c6e1e2e4c50) Importer(2089858483,0ecaa5967403d082aa24f35e1b516d23) [PhysX] Initialized MultithreadedTaskDispatcher with 36 workers.
 -> (artifact id: '0e4869549a6556915980fef32d4ad54d') in 0.025400 seconds
Number of updated asset objects reloaded before import = 0
Number of asset objects unloaded after import = 3
========================================================================
Received Import Request.
  Time since last request: 0.000028 seconds.
  path: Assets/Sprites/hex-sliced_71.png
  artifactKey: Guid(d971a38a4309aab409f13e7849a82a47) Importer(2089858483,0ecaa5967403d082aa24f35e1b516d23)
Start importing Assets/Sprites/hex-sliced_71.png using Guid(d971a38a4309aab409f13e7849a82a47) Importer(2089858483,0ecaa5967403d082aa24f35e1b516d23) [PhysX] Initialized MultithreadedTaskDispatcher with 36 workers.
 -> (artifact id: '6f40403bec847f298df067fa759f3597') in 0.027842 seconds
Number of updated asset objects reloaded before import = 0
Number of asset objects unloaded after import = 3
========================================================================
Received Import Request.
  Time since last request: 0.000031 seconds.
  path: Assets/Sprites/hex-sliced_33.png
  artifactKey: Guid(b065c566495121c4189b4c46ba6807c0) Importer(2089858483,0ecaa5967403d082aa24f35e1b516d23)
Start importing Assets/Sprites/hex-sliced_33.png using Guid(b065c566495121c4189b4c46ba6807c0) Importer(2089858483,0ecaa5967403d082aa24f35e1b516d23) [PhysX] Initialized MultithreadedTaskDispatcher with 36 workers.
 -> (artifact id: 'dd102f3fef613f02828999f4eabb2002') in 0.028315 seconds
Number of updated asset objects reloaded before import = 0
Number of asset objects unloaded after import = 3
========================================================================
Received Import Request.
  Time since last request: 0.000023 seconds.
  path: Assets/Sprites/hex-sliced_34.png
  artifactKey: Guid(8106b417afff10d4fa35cfd800501443) Importer(2089858483,0ecaa5967403d082aa24f35e1b516d23)
Start importing Assets/Sprites/hex-sliced_34.png using Guid(8106b417afff10d4fa35cfd800501443) Importer(2089858483,0ecaa5967403d082aa24f35e1b516d23) [PhysX] Initialized MultithreadedTaskDispatcher with 36 workers.
 -> (artifact id: '9a23663976c3aa73df7cd443d5256fb3') in 0.032029 seconds
Number of updated asset objects reloaded before import = 0
Number of asset objects unloaded after import = 3
========================================================================
Received Import Request.
  Time since last request: 0.000035 seconds.
  path: Assets/Sprites/hex-sliced_78.png
  artifactKey: Guid(bf2e77be3ae8e12468a9a99de7247bdb) Importer(2089858483,0ecaa5967403d082aa24f35e1b516d23)
Start importing Assets/Sprites/hex-sliced_78.png using Guid(bf2e77be3ae8e12468a9a99de7247bdb) Importer(2089858483,0ecaa5967403d082aa24f35e1b516d23) [PhysX] Initialized MultithreadedTaskDispatcher with 36 workers.
 -> (artifact id: 'b04db03b8d54ac88e5e2d308562c82df') in 0.031481 seconds
Number of updated asset objects reloaded before import = 0
Number of asset objects unloaded after import = 3
========================================================================
Received Import Request.
  Time since last request: 0.000020 seconds.
  path: Assets/Sprites/hex-sliced_27.png
  artifactKey: Guid(42944e4d4dfd0db4383fea3ac007a80a) Importer(2089858483,0ecaa5967403d082aa24f35e1b516d23)
Start importing Assets/Sprites/hex-sliced_27.png using Guid(42944e4d4dfd0db4383fea3ac007a80a) Importer(2089858483,0ecaa5967403d082aa24f35e1b516d23) [PhysX] Initialized MultithreadedTaskDispatcher with 36 workers.
 -> (artifact id: 'edf55c489765db4437d18f9f11db585b') in 0.022693 seconds
Number of updated asset objects reloaded before import = 0
Number of asset objects unloaded after import = 3
========================================================================
Received Import Request.
  Time since last request: 0.000022 seconds.
  path: Assets/Sprites/hex-sliced_65.png
  artifactKey: Guid(34b49ee9e992b6a46a32eb078f445796) Importer(2089858483,0ecaa5967403d082aa24f35e1b516d23)
Start importing Assets/Sprites/hex-sliced_65.png using Guid(34b49ee9e992b6a46a32eb078f445796) Importer(2089858483,0ecaa5967403d082aa24f35e1b516d23) [PhysX] Initialized MultithreadedTaskDispatcher with 36 workers.
 -> (artifact id: 'd67f0edcac1d5862cd4be4242d437bb8') in 0.036798 seconds
Number of updated asset objects reloaded before import = 0
Number of asset objects unloaded after import = 3
========================================================================
Received Import Request.
  Time since last request: 0.000023 seconds.
  path: Assets/Sprites/hex-sliced_77.png
  artifactKey: Guid(adad7775e2bc2924280baafc68dcf67f) Importer(2089858483,0ecaa5967403d082aa24f35e1b516d23)
Start importing Assets/Sprites/hex-sliced_77.png using Guid(adad7775e2bc2924280baafc68dcf67f) Importer(2089858483,0ecaa5967403d082aa24f35e1b516d23) [PhysX] Initialized MultithreadedTaskDispatcher with 36 workers.
 -> (artifact id: 'f16b9741b10bada2363b1467897dab64') in 0.022854 seconds
Number of updated asset objects reloaded before import = 0
Number of asset objects unloaded after import = 3
========================================================================
Received Import Request.
  Time since last request: 0.000029 seconds.
  path: Assets/Sprites/hex-sliced_128.png
  artifactKey: Guid(5311a383e70d5b041be0e5b29911c0ae) Importer(2089858483,0ecaa5967403d082aa24f35e1b516d23)
Start importing Assets/Sprites/hex-sliced_128.png using Guid(5311a383e70d5b041be0e5b29911c0ae) Importer(2089858483,0ecaa5967403d082aa24f35e1b516d23) [PhysX] Initialized MultithreadedTaskDispatcher with 36 workers.
 -> (artifact id: '7e2b67e0d7f2a6fd3dc4c7510667468f') in 0.042493 seconds
Number of updated asset objects reloaded before import = 0
Number of asset objects unloaded after import = 3
========================================================================
Received Import Request.
  Time since last request: 0.000025 seconds.
  path: Assets/Sprites/hex-sliced_23.png
  artifactKey: Guid(c525bb7533aacb64181d64f7a5fc6e48) Importer(2089858483,0ecaa5967403d082aa24f35e1b516d23)
Start importing Assets/Sprites/hex-sliced_23.png using Guid(c525bb7533aacb64181d64f7a5fc6e48) Importer(2089858483,0ecaa5967403d082aa24f35e1b516d23) [PhysX] Initialized MultithreadedTaskDispatcher with 36 workers.
 -> (artifact id: '420e6a22642a1d0daf51eb37d71a6bfd') in 0.023217 seconds
Number of updated asset objects reloaded before import = 0
Number of asset objects unloaded after import = 3
========================================================================
Received Import Request.
  Time since last request: 0.000026 seconds.
  path: Assets/Tiles/hex-sliced_05.asset
  artifactKey: Guid(9e7f882ac796e2a4ab2a9f38cde63c93) Importer(2089858483,0ecaa5967403d082aa24f35e1b516d23)
Start importing Assets/Tiles/hex-sliced_05.asset using Guid(9e7f882ac796e2a4ab2a9f38cde63c93) Importer(2089858483,0ecaa5967403d082aa24f35e1b516d23) [PhysX] Initialized MultithreadedTaskDispatcher with 36 workers.
 -> (artifact id: '973027ed7b684f842357287d857e65cc') in 0.017032 seconds
Number of updated asset objects reloaded before import = 0
Number of asset objects unloaded after import = 3
========================================================================
Received Import Request.
  Time since last request: 0.000023 seconds.
  path: Assets/Sprites/hex-sliced_94.png
  artifactKey: Guid(3cd77d90aca648b4083023abc0e517c6) Importer(2089858483,0ecaa5967403d082aa24f35e1b516d23)
Start importing Assets/Sprites/hex-sliced_94.png using Guid(3cd77d90aca648b4083023abc0e517c6) Importer(2089858483,0ecaa5967403d082aa24f35e1b516d23) [PhysX] Initialized MultithreadedTaskDispatcher with 36 workers.
 -> (artifact id: 'efdfd0296023d35ad8df64733d854018') in 0.023414 seconds
Number of updated asset objects reloaded before import = 0
Number of asset objects unloaded after import = 3
========================================================================
Received Import Request.
  Time since last request: 0.000024 seconds.
  path: Assets/Sprites/hex-sliced_87.png
  artifactKey: Guid(926d014392355784caddf6738be12fe7) Importer(2089858483,0ecaa5967403d082aa24f35e1b516d23)
Start importing Assets/Sprites/hex-sliced_87.png using Guid(926d014392355784caddf6738be12fe7) Importer(2089858483,0ecaa5967403d082aa24f35e1b516d23) [PhysX] Initialized MultithreadedTaskDispatcher with 36 workers.
 -> (artifact id: 'f60197f7f80169d5fa203a2a8f4f0174') in 0.024090 seconds
Number of updated asset objects reloaded before import = 0
Number of asset objects unloaded after import = 3
========================================================================
Received Import Request.
  Time since last request: 0.000019 seconds.
  path: Assets/Tiles/hex-sliced_110.asset
  artifactKey: Guid(a2e64b382328ed94682fee11b8d79236) Importer(2089858483,0ecaa5967403d082aa24f35e1b516d23)
Start importing Assets/Tiles/hex-sliced_110.asset using Guid(a2e64b382328ed94682fee11b8d79236) Importer(2089858483,0ecaa5967403d082aa24f35e1b516d23) [PhysX] Initialized MultithreadedTaskDispatcher with 36 workers.
 -> (artifact id: 'fa1926e28448fa1a9cf42b6a7ebf9af8') in 0.015549 seconds
Number of updated asset objects reloaded before import = 0
Number of asset objects unloaded after import = 3
========================================================================
Received Import Request.
  Time since last request: 0.000021 seconds.
  path: Assets/Tiles/hex-sliced_129.asset
  artifactKey: Guid(cf98be6877ab5aa46a025e69a156f0d1) Importer(2089858483,0ecaa5967403d082aa24f35e1b516d23)
Start importing Assets/Tiles/hex-sliced_129.asset using Guid(cf98be6877ab5aa46a025e69a156f0d1) Importer(2089858483,0ecaa5967403d082aa24f35e1b516d23) [PhysX] Initialized MultithreadedTaskDispatcher with 36 workers.
 -> (artifact id: 'ecbd51e11c7c47292f0160f1502e5ca0') in 0.020501 seconds
Number of updated asset objects reloaded before import = 0
Number of asset objects unloaded after import = 3
========================================================================
Received Import Request.
  Time since last request: 0.000025 seconds.
  path: Assets/Sprites/hex-sliced_89.png
  artifactKey: Guid(8a1b1de13fadc0245abc251a1e8fa5d3) Importer(2089858483,0ecaa5967403d082aa24f35e1b516d23)
Start importing Assets/Sprites/hex-sliced_89.png using Guid(8a1b1de13fadc0245abc251a1e8fa5d3) Importer(2089858483,0ecaa5967403d082aa24f35e1b516d23) [PhysX] Initialized MultithreadedTaskDispatcher with 36 workers.
 -> (artifact id: 'd18185266c5a62a59838afc7885ef170') in 0.026902 seconds
Number of updated asset objects reloaded before import = 0
Number of asset objects unloaded after import = 3
========================================================================
Received Import Request.
  Time since last request: 0.000048 seconds.
  path: Assets/Tiles/hex-sliced_09.asset
  artifactKey: Guid(7b02052af2f2c9643bdbc1fbaf137883) Importer(2089858483,0ecaa5967403d082aa24f35e1b516d23)
Start importing Assets/Tiles/hex-sliced_09.asset using Guid(7b02052af2f2c9643bdbc1fbaf137883) Importer(2089858483,0ecaa5967403d082aa24f35e1b516d23) [PhysX] Initialized MultithreadedTaskDispatcher with 36 workers.
 -> (artifact id: '3d018e09622b30164909d28199c0e512') in 0.017867 seconds
Number of updated asset objects reloaded before import = 0
Number of asset objects unloaded after import = 3
========================================================================
Received Import Request.
  Time since last request: 0.000036 seconds.
  path: Assets/Tiles/hex-sliced_104.asset
  artifactKey: Guid(8b827b49bfe1a0e41ac371eccdb18265) Importer(2089858483,0ecaa5967403d082aa24f35e1b516d23)
Start importing Assets/Tiles/hex-sliced_104.asset using Guid(8b827b49bfe1a0e41ac371eccdb18265) Importer(2089858483,0ecaa5967403d082aa24f35e1b516d23) [PhysX] Initialized MultithreadedTaskDispatcher with 36 workers.
 -> (artifact id: 'd2ba96452403bb25a6945f346b51c556') in 0.017514 seconds
Number of updated asset objects reloaded before import = 0
Number of asset objects unloaded after import = 3
========================================================================
Received Import Request.
  Time since last request: 0.000028 seconds.
  path: Assets/Tiles/hex-sliced_117.asset
  artifactKey: Guid(488c7cd536dcc9d46b066fedbba75329) Importer(2089858483,0ecaa5967403d082aa24f35e1b516d23)
Start importing Assets/Tiles/hex-sliced_117.asset using Guid(488c7cd536dcc9d46b066fedbba75329) Importer(2089858483,0ecaa5967403d082aa24f35e1b516d23) [PhysX] Initialized MultithreadedTaskDispatcher with 36 workers.
 -> (artifact id: '277385ed96abf66f315f8d7572d3d9ec') in 0.015271 seconds
Number of updated asset objects reloaded before import = 0
Number of asset objects unloaded after import = 3
========================================================================
Received Import Request.
  Time since last request: 0.000023 seconds.
  path: Assets/Tiles/hex-sliced_102.asset
  artifactKey: Guid(58c0c40c2d52dde4eb529c230edfb43b) Importer(2089858483,0ecaa5967403d082aa24f35e1b516d23)
Start importing Assets/Tiles/hex-sliced_102.asset using Guid(58c0c40c2d52dde4eb529c230edfb43b) Importer(2089858483,0ecaa5967403d082aa24f35e1b516d23) [PhysX] Initialized MultithreadedTaskDispatcher with 36 workers.
 -> (artifact id: 'd57fc011f0f7beb4e532d446ac911427') in 0.016042 seconds
Number of updated asset objects reloaded before import = 0
Number of asset objects unloaded after import = 3
========================================================================
Received Import Request.
  Time since last request: 0.000038 seconds.
  path: Assets/Tiles/hex-sliced_10.asset
  artifactKey: Guid(b833b5a97574e78489accb6ee415259b) Importer(2089858483,0ecaa5967403d082aa24f35e1b516d23)
Start importing Assets/Tiles/hex-sliced_10.asset using Guid(b833b5a97574e78489accb6ee415259b) Importer(2089858483,0ecaa5967403d082aa24f35e1b516d23) [PhysX] Initialized MultithreadedTaskDispatcher with 36 workers.
 -> (artifact id: '66937e512eeb022aeef5e8d433d8f8c0') in 0.014595 seconds
Number of updated asset objects reloaded before import = 0
Number of asset objects unloaded after import = 3
========================================================================
Received Import Request.
  Time since last request: 0.000022 seconds.
  path: Assets/Tiles/hex-sliced_130.asset
  artifactKey: Guid(338f49fc4fa1bb441951de0a60c2524a) Importer(2089858483,0ecaa5967403d082aa24f35e1b516d23)
Start importing Assets/Tiles/hex-sliced_130.asset using Guid(338f49fc4fa1bb441951de0a60c2524a) Importer(2089858483,0ecaa5967403d082aa24f35e1b516d23) [PhysX] Initialized MultithreadedTaskDispatcher with 36 workers.
 -> (artifact id: '7445fb8cd045043196ed2784afd59072') in 0.016785 seconds
Number of updated asset objects reloaded before import = 0
Number of asset objects unloaded after import = 3
========================================================================
Received Import Request.
  Time since last request: 0.000022 seconds.
  path: Assets/Tiles/hex-sliced_132.asset
  artifactKey: Guid(c9fbebea7de0f464dbb9915131bb15e5) Importer(2089858483,0ecaa5967403d082aa24f35e1b516d23)
Start importing Assets/Tiles/hex-sliced_132.asset using Guid(c9fbebea7de0f464dbb9915131bb15e5) Importer(2089858483,0ecaa5967403d082aa24f35e1b516d23) [PhysX] Initialized MultithreadedTaskDispatcher with 36 workers.
 -> (artifact id: 'b1b982d2fcc5835753e0bef557555933') in 0.023065 seconds
Number of updated asset objects reloaded before import = 0
Number of asset objects unloaded after import = 3
========================================================================
Received Import Request.
  Time since last request: 0.000044 seconds.
  path: Assets/Sprites/hex-sliced_100.png
  artifactKey: Guid(6ff4991c40aa0d743a7a36cb3176ef72) Importer(2089858483,0ecaa5967403d082aa24f35e1b516d23)
Start importing Assets/Sprites/hex-sliced_100.png using Guid(6ff4991c40aa0d743a7a36cb3176ef72) Importer(2089858483,0ecaa5967403d082aa24f35e1b516d23) [PhysX] Initialized MultithreadedTaskDispatcher with 36 workers.
 -> (artifact id: 'ea7faf7a4b089957c5a3c879eabe245c') in 0.027694 seconds
Number of updated asset objects reloaded before import = 0
Number of asset objects unloaded after import = 3
========================================================================
Received Import Request.
  Time since last request: 0.000032 seconds.
  path: Assets/Sprites/hex-sliced_142.png
  artifactKey: Guid(23bad977132839547971a488d3337fee) Importer(2089858483,0ecaa5967403d082aa24f35e1b516d23)
Start importing Assets/Sprites/hex-sliced_142.png using Guid(23bad977132839547971a488d3337fee) Importer(2089858483,0ecaa5967403d082aa24f35e1b516d23) [PhysX] Initialized MultithreadedTaskDispatcher with 36 workers.
 -> (artifact id: '060cadfa80d27a80c6004470aca8ec98') in 0.020791 seconds
Number of updated asset objects reloaded before import = 0
Number of asset objects unloaded after import = 3
========================================================================
Received Import Request.
  Time since last request: 0.000035 seconds.
  path: Assets/HexPalette/hex-sliced_41.asset
  artifactKey: Guid(ab0d3fa1681925b45bf8b4949dd26f6f) Importer(2089858483,0ecaa5967403d082aa24f35e1b516d23)
Start importing Assets/HexPalette/hex-sliced_41.asset using Guid(ab0d3fa1681925b45bf8b4949dd26f6f) Importer(2089858483,0ecaa5967403d082aa24f35e1b516d23) [PhysX] Initialized MultithreadedTaskDispatcher with 36 workers.
 -> (artifact id: '2ae777ca80ef79a0fc84bfe2ab73b12e') in 0.014879 seconds
Number of updated asset objects reloaded before import = 0
Number of asset objects unloaded after import = 3
========================================================================
Received Import Request.
  Time since last request: 0.000023 seconds.
  path: Assets/Tiles/hex-sliced_143.asset
  artifactKey: Guid(d8452ed706383ee46b5a0a318f14277c) Importer(2089858483,0ecaa5967403d082aa24f35e1b516d23)
Start importing Assets/Tiles/hex-sliced_143.asset using Guid(d8452ed706383ee46b5a0a318f14277c) Importer(2089858483,0ecaa5967403d082aa24f35e1b516d23) [PhysX] Initialized MultithreadedTaskDispatcher with 36 workers.
 -> (artifact id: 'e670bd412162a42394b29dc023efe8d4') in 0.020050 seconds
Number of updated asset objects reloaded before import = 0
Number of asset objects unloaded after import = 3
========================================================================
Received Import Request.
  Time since last request: 0.000036 seconds.
  path: Assets/Sprites/hex-sliced_114.png
  artifactKey: Guid(e5ae1bffceb57d940a2af6e3b08ea951) Importer(2089858483,0ecaa5967403d082aa24f35e1b516d23)
Start importing Assets/Sprites/hex-sliced_114.png using Guid(e5ae1bffceb57d940a2af6e3b08ea951) Importer(2089858483,0ecaa5967403d082aa24f35e1b516d23) [PhysX] Initialized MultithreadedTaskDispatcher with 36 workers.
 -> (artifact id: 'deff1f6727c0be14080622ec3ba837b5') in 0.025073 seconds
Number of updated asset objects reloaded before import = 0
Number of asset objects unloaded after import = 3
========================================================================
Received Import Request.
  Time since last request: 0.000021 seconds.
  path: Assets/Tiles/hex-sliced_60.asset
  artifactKey: Guid(7d162cabf8434114a860b2b02c5db93d) Importer(2089858483,0ecaa5967403d082aa24f35e1b516d23)
Start importing Assets/Tiles/hex-sliced_60.asset using Guid(7d162cabf8434114a860b2b02c5db93d) Importer(2089858483,0ecaa5967403d082aa24f35e1b516d23) [PhysX] Initialized MultithreadedTaskDispatcher with 36 workers.
 -> (artifact id: '7ea123e2b3ade7fc992910039545aae2') in 0.014387 seconds
Number of updated asset objects reloaded before import = 0
Number of asset objects unloaded after import = 3
========================================================================
Received Import Request.
  Time since last request: 0.000022 seconds.
  path: Assets/Tiles/hex-sliced_84.asset
  artifactKey: Guid(c53530d6f1ce6d44eb6f7414220c9d23) Importer(2089858483,0ecaa5967403d082aa24f35e1b516d23)
Start importing Assets/Tiles/hex-sliced_84.asset using Guid(c53530d6f1ce6d44eb6f7414220c9d23) Importer(2089858483,0ecaa5967403d082aa24f35e1b516d23) [PhysX] Initialized MultithreadedTaskDispatcher with 36 workers.
 -> (artifact id: '975246e376bb5d68f0c4b2bd817fc0cd') in 0.016068 seconds
Number of updated asset objects reloaded before import = 0
Number of asset objects unloaded after import = 3
========================================================================
Received Import Request.
  Time since last request: 0.000019 seconds.
  path: Assets/Tiles/hex-sliced_73.asset
  artifactKey: Guid(2def1a232ab02b847b161408527c3c19) Importer(2089858483,0ecaa5967403d082aa24f35e1b516d23)
Start importing Assets/Tiles/hex-sliced_73.asset using Guid(2def1a232ab02b847b161408527c3c19) Importer(2089858483,0ecaa5967403d082aa24f35e1b516d23) [PhysX] Initialized MultithreadedTaskDispatcher with 36 workers.
 -> (artifact id: '0ff19c61783380db4caa6e973cd62edf') in 0.017286 seconds
Number of updated asset objects reloaded before import = 0
Number of asset objects unloaded after import = 3
========================================================================
Received Import Request.
  Time since last request: 0.000043 seconds.
  path: Assets/Tiles/hex-sliced_17.asset
  artifactKey: Guid(a20a7752127e5a249a166738ee065bf3) Importer(2089858483,0ecaa5967403d082aa24f35e1b516d23)
Start importing Assets/Tiles/hex-sliced_17.asset using Guid(a20a7752127e5a249a166738ee065bf3) Importer(2089858483,0ecaa5967403d082aa24f35e1b516d23) [PhysX] Initialized MultithreadedTaskDispatcher with 36 workers.
 -> (artifact id: '3094066ac8447becebabac05fbcb3096') in 0.015903 seconds
Number of updated asset objects reloaded before import = 0
Number of asset objects unloaded after import = 3
========================================================================
Received Import Request.
  Time since last request: 0.000033 seconds.
  path: Assets/Tiles/hex-sliced_14.asset
  artifactKey: Guid(db59496b5ee7cbf44a942d2dabdedf2b) Importer(2089858483,0ecaa5967403d082aa24f35e1b516d23)
Start importing Assets/Tiles/hex-sliced_14.asset using Guid(db59496b5ee7cbf44a942d2dabdedf2b) Importer(2089858483,0ecaa5967403d082aa24f35e1b516d23) [PhysX] Initialized MultithreadedTaskDispatcher with 36 workers.
 -> (artifact id: '86c9210f97406b31605b662a7075e091') in 0.017694 seconds
Number of updated asset objects reloaded before import = 0
Number of asset objects unloaded after import = 3
========================================================================
Received Import Request.
  Time since last request: 0.000023 seconds.
  path: Assets/Tiles/hex-sliced_41.asset
  artifactKey: Guid(8e27677f196069e4eb094d7bfa23ae1b) Importer(2089858483,0ecaa5967403d082aa24f35e1b516d23)
Start importing Assets/Tiles/hex-sliced_41.asset using Guid(8e27677f196069e4eb094d7bfa23ae1b) Importer(2089858483,0ecaa5967403d082aa24f35e1b516d23) [PhysX] Initialized MultithreadedTaskDispatcher with 36 workers.
 -> (artifact id: 'b76af315b54eb368b066ae3f6ba2f7e4') in 0.015567 seconds
Number of updated asset objects reloaded before import = 0
Number of asset objects unloaded after import = 3
========================================================================
Received Import Request.
  Time since last request: 0.000022 seconds.
  path: Assets/Tiles/hex-sliced_44.asset
  artifactKey: Guid(9768aa0aa838b2c43b9f5eb80f5655e8) Importer(2089858483,0ecaa5967403d082aa24f35e1b516d23)
Start importing Assets/Tiles/hex-sliced_44.asset using Guid(9768aa0aa838b2c43b9f5eb80f5655e8) Importer(2089858483,0ecaa5967403d082aa24f35e1b516d23) [PhysX] Initialized MultithreadedTaskDispatcher with 36 workers.
 -> (artifact id: '730849332f60c13157cc69d3872ff925') in 0.023304 seconds
Number of updated asset objects reloaded before import = 0
Number of asset objects unloaded after import = 3
========================================================================
Received Import Request.
  Time since last request: 0.000022 seconds.
  path: Assets/Tiles/hex-sliced_86.asset
  artifactKey: Guid(6ddf65af5cb7f2148a4d4e5fd2d2e6a6) Importer(2089858483,0ecaa5967403d082aa24f35e1b516d23)
Start importing Assets/Tiles/hex-sliced_86.asset using Guid(6ddf65af5cb7f2148a4d4e5fd2d2e6a6) Importer(2089858483,0ecaa5967403d082aa24f35e1b516d23) [PhysX] Initialized MultithreadedTaskDispatcher with 36 workers.
 -> (artifact id: '3e856abb1385758102c34df82686841c') in 0.015586 seconds
Number of updated asset objects reloaded before import = 0
Number of asset objects unloaded after import = 3
========================================================================
Received Import Request.
  Time since last request: 0.000022 seconds.
  path: Assets/Tiles/hex-sliced_43.asset
  artifactKey: Guid(2dd76be72bcc4c2438218756842a3012) Importer(2089858483,0ecaa5967403d082aa24f35e1b516d23)
Start importing Assets/Tiles/hex-sliced_43.asset using Guid(2dd76be72bcc4c2438218756842a3012) Importer(2089858483,0ecaa5967403d082aa24f35e1b516d23) [PhysX] Initialized MultithreadedTaskDispatcher with 36 workers.
 -> (artifact id: 'ed5544da503e18b69365c323e7c8851a') in 0.019684 seconds
Number of updated asset objects reloaded before import = 0
Number of asset objects unloaded after import = 3
========================================================================
Received Import Request.
  Time since last request: 0.000030 seconds.
  path: Assets/Tiles/hex-sliced_70.asset
  artifactKey: Guid(8a3d75fe1332ec4459cd41109418050e) Importer(2089858483,0ecaa5967403d082aa24f35e1b516d23)
Start importing Assets/Tiles/hex-sliced_70.asset using Guid(8a3d75fe1332ec4459cd41109418050e) Importer(2089858483,0ecaa5967403d082aa24f35e1b516d23) [PhysX] Initialized MultithreadedTaskDispatcher with 36 workers.
 -> (artifact id: '774d75c7ffb686d29a2fdc11c7cfeb44') in 0.023429 seconds
Number of updated asset objects reloaded before import = 0
Number of asset objects unloaded after import = 3
========================================================================
Received Import Request.
  Time since last request: 0.000022 seconds.
  path: Assets/Tiles/hex-sliced_52.asset
  artifactKey: Guid(173e46ca051d6824789469aefe5b0129) Importer(2089858483,0ecaa5967403d082aa24f35e1b516d23)
Start importing Assets/Tiles/hex-sliced_52.asset using Guid(173e46ca051d6824789469aefe5b0129) Importer(2089858483,0ecaa5967403d082aa24f35e1b516d23) [PhysX] Initialized MultithreadedTaskDispatcher with 36 workers.
 -> (artifact id: '667db7a32c72e20453f8fd192093d533') in 0.018280 seconds
Number of updated asset objects reloaded before import = 0
Number of asset objects unloaded after import = 3
========================================================================
Received Import Request.
  Time since last request: 0.000025 seconds.
  path: Assets/Tiles/hex-sliced_34.asset
  artifactKey: Guid(1ad91ffe64c20bf4eaae4c9eab4291bc) Importer(2089858483,0ecaa5967403d082aa24f35e1b516d23)
Start importing Assets/Tiles/hex-sliced_34.asset using Guid(1ad91ffe64c20bf4eaae4c9eab4291bc) Importer(2089858483,0ecaa5967403d082aa24f35e1b516d23) [PhysX] Initialized MultithreadedTaskDispatcher with 36 workers.
 -> (artifact id: '2bf76a7e3accd7edea852f5b9d9a5410') in 0.020681 seconds
Number of updated asset objects reloaded before import = 0
Number of asset objects unloaded after import = 3
========================================================================
Received Import Request.
  Time since last request: 0.000030 seconds.
  path: Assets/Tiles/hex-sliced_87.asset
  artifactKey: Guid(db8416a749c2161489d9db91494e9300) Importer(2089858483,0ecaa5967403d082aa24f35e1b516d23)
Start importing Assets/Tiles/hex-sliced_87.asset using Guid(db8416a749c2161489d9db91494e9300) Importer(2089858483,0ecaa5967403d082aa24f35e1b516d23) [PhysX] Initialized MultithreadedTaskDispatcher with 36 workers.
 -> (artifact id: '85cc95c4cfafd2da8ee003035da294b4') in 0.013974 seconds
Number of updated asset objects reloaded before import = 0
Number of asset objects unloaded after import = 3
========================================================================
Received Import Request.
  Time since last request: 0.000036 seconds.
  path: Assets/Tiles/hex-sliced_78.asset
  artifactKey: Guid(66c8d940edd4c784aa159dc56bbcc254) Importer(2089858483,0ecaa5967403d082aa24f35e1b516d23)
Start importing Assets/Tiles/hex-sliced_78.asset using Guid(66c8d940edd4c784aa159dc56bbcc254) Importer(2089858483,0ecaa5967403d082aa24f35e1b516d23) [PhysX] Initialized MultithreadedTaskDispatcher with 36 workers.
 -> (artifact id: 'cc4269294deb47b8adb408aa85544114') in 0.017165 seconds
Number of updated asset objects reloaded before import = 0
Number of asset objects unloaded after import = 3
========================================================================
Received Import Request.
  Time since last request: 0.000020 seconds.
  path: Assets/Tiles/hex-sliced_83.asset
  artifactKey: Guid(63f5e4b6d46cc1a4aaf3e45669c34ca5) Importer(2089858483,0ecaa5967403d082aa24f35e1b516d23)
Start importing Assets/Tiles/hex-sliced_83.asset using Guid(63f5e4b6d46cc1a4aaf3e45669c34ca5) Importer(2089858483,0ecaa5967403d082aa24f35e1b516d23) [PhysX] Initialized MultithreadedTaskDispatcher with 36 workers.
 -> (artifact id: '2742db2fa6655b25c7789d610e57b2f6') in 0.015189 seconds
Number of updated asset objects reloaded before import = 0
Number of asset objects unloaded after import = 3
========================================================================
Received Import Request.
  Time since last request: 0.000019 seconds.
  path: Assets/Tiles/hex-sliced_48.asset
  artifactKey: Guid(cac85c1e1a0fbf647817683b9832f0ba) Importer(2089858483,0ecaa5967403d082aa24f35e1b516d23)
Start importing Assets/Tiles/hex-sliced_48.asset using Guid(cac85c1e1a0fbf647817683b9832f0ba) Importer(2089858483,0ecaa5967403d082aa24f35e1b516d23) [PhysX] Initialized MultithreadedTaskDispatcher with 36 workers.
 -> (artifact id: '821c01eefafa3e4e9105a3eeb30e4577') in 0.017432 seconds
Number of updated asset objects reloaded before import = 0
Number of asset objects unloaded after import = 3
========================================================================
Received Import Request.
  Time since last request: 0.000021 seconds.
  path: Assets/Tiles/hex-sliced_89.asset
  artifactKey: Guid(f1fe0a0420b434f4c95ab0715476f20c) Importer(2089858483,0ecaa5967403d082aa24f35e1b516d23)
Start importing Assets/Tiles/hex-sliced_89.asset using Guid(f1fe0a0420b434f4c95ab0715476f20c) Importer(2089858483,0ecaa5967403d082aa24f35e1b516d23) [PhysX] Initialized MultithreadedTaskDispatcher with 36 workers.
 -> (artifact id: 'a2402d8f3b359cdadd708799acaac859') in 0.016677 seconds
Number of updated asset objects reloaded before import = 0
Number of asset objects unloaded after import = 3
========================================================================
Received Import Request.
  Time since last request: 0.000024 seconds.
  path: Assets/Tiles/hex-sliced_99.asset
  artifactKey: Guid(fe63c163c953a444b997af743cebba39) Importer(2089858483,0ecaa5967403d082aa24f35e1b516d23)
Start importing Assets/Tiles/hex-sliced_99.asset using Guid(fe63c163c953a444b997af743cebba39) Importer(2089858483,0ecaa5967403d082aa24f35e1b516d23) [PhysX] Initialized MultithreadedTaskDispatcher with 36 workers.
 -> (artifact id: 'cadd9eef3e518d13e37e5da734e1a9fd') in 0.015760 seconds
Number of updated asset objects reloaded before import = 0
Number of asset objects unloaded after import = 3
========================================================================
Received Import Request.
  Time since last request: 0.000038 seconds.
  path: Assets/Tiles/hex-sliced_96.asset
  artifactKey: Guid(4c75c28e28e6dc4459b15b06b5c3d9f9) Importer(2089858483,0ecaa5967403d082aa24f35e1b516d23)
Start importing Assets/Tiles/hex-sliced_96.asset using Guid(4c75c28e28e6dc4459b15b06b5c3d9f9) Importer(2089858483,0ecaa5967403d082aa24f35e1b516d23) [PhysX] Initialized MultithreadedTaskDispatcher with 36 workers.
 -> (artifact id: '52740f15cb7481ff278d70e3ad5b4b2c') in 0.015539 seconds
Number of updated asset objects reloaded before import = 0
Number of asset objects unloaded after import = 3
========================================================================
Received Import Request.
  Time since last request: 0.000036 seconds.
  path: Assets/Sprites/hex-sliced_32.png
  artifactKey: Guid(6116a469054b956468c62d4805e1d26d) Importer(2089858483,0ecaa5967403d082aa24f35e1b516d23)
Start importing Assets/Sprites/hex-sliced_32.png using Guid(6116a469054b956468c62d4805e1d26d) Importer(2089858483,0ecaa5967403d082aa24f35e1b516d23) [PhysX] Initialized MultithreadedTaskDispatcher with 36 workers.
 -> (artifact id: '41323e52105b3d98bf13920e45f02c55') in 0.036990 seconds
Number of updated asset objects reloaded before import = 0
Number of asset objects unloaded after import = 3
Editor requested this worker to shutdown with reason: Scaling down because of idle timeout
TcpMessagingSession - receive error: operation aborted. errorcode: 995, details: The I/O operation has been aborted because of either a thread exit or an application request.
AssetImportWorker is now disconnected from the server
Process exiting
Exiting without the bug reporter. Application will terminate with return code 0