Using pre-set license
Built from '2022.3/staging' branch; Version is '2022.3.36f1 (95a4219250e5) revision 9806881'; Using compiler version '192829333'; Build Type 'Release'
OS: 'Windows 10  (10.0.19045) 64bit Enterprise' Language: 'en' Physical Memory: 65234 MB
BatchMode: 1, IsHumanControllingUs: 0, StartBugReporterOnCrash: 0, Is64bit: 1, IsPro: 1

COMMAND LINE ARGUMENTS:
C:\Program Files\Unity\Hub\Editor\2022.3.36f1\Editor\Unity.exe
-adb2
-batchMode
-noUpm
-name
AssetImportWorker2
-projectPath
D:/penda/Unity/Cross_Platform_Second_Year/CardGameBase
-logFile
Logs/AssetImportWorker2.log
-srvPort
64648
Successfully changed project path to: D:/penda/Unity/Cross_Platform_Second_Year/CardGameBase
D:/penda/Unity/Cross_Platform_Second_Year/CardGameBase
[UnityMemory] Configuration Parameters - Can be set up in boot.config
    "memorysetup-bucket-allocator-granularity=16"
    "memorysetup-bucket-allocator-bucket-count=8"
    "memorysetup-bucket-allocator-block-size=33554432"
    "memorysetup-bucket-allocator-block-count=8"
    "memorysetup-main-allocator-block-size=16777216"
    "memorysetup-thread-allocator-block-size=16777216"
    "memorysetup-gfx-main-allocator-block-size=16777216"
    "memorysetup-gfx-thread-allocator-block-size=16777216"
    "memorysetup-cache-allocator-block-size=4194304"
    "memorysetup-typetree-allocator-block-size=2097152"
    "memorysetup-profiler-bucket-allocator-granularity=16"
    "memorysetup-profiler-bucket-allocator-bucket-count=8"
    "memorysetup-profiler-bucket-allocator-block-size=33554432"
    "memorysetup-profiler-bucket-allocator-block-count=8"
    "memorysetup-profiler-allocator-block-size=16777216"
    "memorysetup-profiler-editor-allocator-block-size=1048576"
    "memorysetup-temp-allocator-size-main=16777216"
    "memorysetup-job-temp-allocator-block-size=2097152"
    "memorysetup-job-temp-allocator-block-size-background=1048576"
    "memorysetup-job-temp-allocator-reduction-small-platforms=262144"
    "memorysetup-allocator-temp-initial-block-size-main=262144"
    "memorysetup-allocator-temp-initial-block-size-worker=262144"
    "memorysetup-temp-allocator-size-background-worker=32768"
    "memorysetup-temp-allocator-size-job-worker=262144"
    "memorysetup-temp-allocator-size-preload-manager=33554432"
    "memorysetup-temp-allocator-size-nav-mesh-worker=65536"
    "memorysetup-temp-allocator-size-audio-worker=65536"
    "memorysetup-temp-allocator-size-cloud-worker=32768"
    "memorysetup-temp-allocator-size-gi-baking-worker=262144"
    "memorysetup-temp-allocator-size-gfx=262144"
Player connection [27496] Host "[IP] 10.129.33.56 [Port] 0 [Flags] 2 [Guid] 589819497 [EditorId] 589819497 [Version] 1048832 [Id] WindowsEditor(7,DMW6F22) [Debug] 1 [PackageName] WindowsEditor [ProjectName] Editor" joined multi-casting on [225.0.0.222:54997]...

Player connection [27496] Host "[IP] 10.129.33.56 [Port] 0 [Flags] 2 [Guid] 589819497 [EditorId] 589819497 [Version] 1048832 [Id] WindowsEditor(7,DMW6F22) [Debug] 1 [PackageName] WindowsEditor [ProjectName] Editor" joined alternative multi-casting on [225.0.0.222:34997]...

[PhysX] Initialized MultithreadedTaskDispatcher with 36 workers.
Refreshing native plugins compatible for Editor in 10.70 ms, found 4 plugins.
Preloading 0 native plugins for Editor in 0.00 ms.
Initialize engine version: 2022.3.36f1 (95a4219250e5)
[Subsystems] Discovering subsystems at path C:/Program Files/Unity/Hub/Editor/2022.3.36f1/Editor/Data/Resources/UnitySubsystems
[Subsystems] Discovering subsystems at path D:/penda/Unity/Cross_Platform_Second_Year/CardGameBase/Assets
GfxDevice: creating device client; threaded=0; jobified=0
Direct3D:
    Version:  Direct3D 11.0 [level 11.1]
    Renderer: NVIDIA GeForce RTX 2080 Ti (ID=0x1e07)
    Vendor:   NVIDIA
    VRAM:     11027 MB
    Driver:   32.0.15.6081
Initialize mono
Mono path[0] = 'C:/Program Files/Unity/Hub/Editor/2022.3.36f1/Editor/Data/Managed'
Mono path[1] = 'C:/Program Files/Unity/Hub/Editor/2022.3.36f1/Editor/Data/MonoBleedingEdge/lib/mono/unityjit-win32'
Mono config path = 'C:/Program Files/Unity/Hub/Editor/2022.3.36f1/Editor/Data/MonoBleedingEdge/etc'
Using monoOptions --debugger-agent=transport=dt_socket,embedding=1,server=y,suspend=n,address=127.0.0.1:56016
Begin MonoManager ReloadAssembly
Registering precompiled unity dll's ...
Register platform support module: C:/Program Files/Unity/Hub/Editor/2022.3.36f1/Editor/Data/PlaybackEngines/WebGLSupport/UnityEditor.WebGL.Extensions.dll
Register platform support module: C:/Program Files/Unity/Hub/Editor/2022.3.36f1/Editor/Data/PlaybackEngines/AndroidPlayer/UnityEditor.Android.Extensions.dll
Register platform support module: C:/Program Files/Unity/Hub/Editor/2022.3.36f1/Editor/Data/PlaybackEngines/WindowsStandaloneSupport/UnityEditor.WindowsStandalone.Extensions.dll
Register platform support module: C:/Program Files/Unity/Hub/Editor/2022.3.36f1/Editor/Data/PlaybackEngines/MetroSupport/UnityEditor.UWP.Extensions.dll
Registered in 0.016271 seconds.
- Loaded All Assemblies, in  0.419 seconds
Native extension for UWP target not found
Native extension for WindowsStandalone target not found
Native extension for Android target not found
Android Extension - Scanning For ADB Devices 305 ms
Native extension for WebGL target not found
Mono: successfully reloaded assembly
- Finished resetting the current domain, in  0.713 seconds
Domain Reload Profiling: 1131ms
	BeginReloadAssembly (110ms)
		ExecutionOrderSort (0ms)
		DisableScriptedObjects (0ms)
		BackupInstance (0ms)
		ReleaseScriptingObjects (0ms)
		CreateAndSetChildDomain (1ms)
	RebuildCommonClasses (36ms)
	RebuildNativeTypeToScriptingClass (19ms)
	initialDomainReloadingComplete (70ms)
	LoadAllAssembliesAndSetupDomain (182ms)
		LoadAssemblies (109ms)
		RebuildTransferFunctionScriptingTraits (0ms)
		AnalyzeDomain (179ms)
			TypeCache.Refresh (178ms)
				TypeCache.ScanAssembly (161ms)
			ScanForSourceGeneratedMonoScriptInfo (0ms)
			ResolveRequiredComponents (0ms)
	FinalizeReload (714ms)
		ReleaseScriptCaches (0ms)
		RebuildScriptCaches (0ms)
		SetupLoadedEditorAssemblies (645ms)
			LogAssemblyErrors (0ms)
			InitializePlatformSupportModulesInManaged (440ms)
			SetLoadedEditorAssemblies (4ms)
			RefreshPlugins (0ms)
			BeforeProcessingInitializeOnLoad (2ms)
			ProcessInitializeOnLoadAttributes (122ms)
			ProcessInitializeOnLoadMethodAttributes (76ms)
			AfterProcessingInitializeOnLoad (0ms)
			EditorAssembliesLoaded (0ms)
		ExecutionOrderSort2 (0ms)
		AwakeInstancesAfterBackupRestoration (0ms)
========================================================================
Worker process is ready to serve import requests
Begin MonoManager ReloadAssembly
- Loaded All Assemblies, in  0.828 seconds
Refreshing native plugins compatible for Editor in 2.87 ms, found 4 plugins.
Native extension for UWP target not found
Native extension for WindowsStandalone target not found
Native extension for Android target not found
Native extension for WebGL target not found
Package Manager log level set to [2]
[Package Manager] Server::EnsureServerProcessIsRunning -- launch failed, reason: Unity was launched with the -noUpm command-line argument
[Package Manager] UpmClient::Send -- Unable to send message (not connected to UPM process).
[Package Manager] Cannot connect to Unity Package Manager local server
Mono: successfully reloaded assembly
- Finished resetting the current domain, in  0.866 seconds
Domain Reload Profiling: 1692ms
	BeginReloadAssembly (185ms)
		ExecutionOrderSort (0ms)
		DisableScriptedObjects (7ms)
		BackupInstance (0ms)
		ReleaseScriptingObjects (0ms)
		CreateAndSetChildDomain (48ms)
	RebuildCommonClasses (37ms)
	RebuildNativeTypeToScriptingClass (12ms)
	initialDomainReloadingComplete (42ms)
	LoadAllAssembliesAndSetupDomain (551ms)
		LoadAssemblies (364ms)
		RebuildTransferFunctionScriptingTraits (0ms)
		AnalyzeDomain (272ms)
			TypeCache.Refresh (226ms)
				TypeCache.ScanAssembly (204ms)
			ScanForSourceGeneratedMonoScriptInfo (33ms)
			ResolveRequiredComponents (12ms)
	FinalizeReload (866ms)
		ReleaseScriptCaches (0ms)
		RebuildScriptCaches (0ms)
		SetupLoadedEditorAssemblies (637ms)
			LogAssemblyErrors (0ms)
			InitializePlatformSupportModulesInManaged (31ms)
			SetLoadedEditorAssemblies (5ms)
			RefreshPlugins (0ms)
			BeforeProcessingInitializeOnLoad (97ms)
			ProcessInitializeOnLoadAttributes (405ms)
			ProcessInitializeOnLoadMethodAttributes (93ms)
			AfterProcessingInitializeOnLoad (6ms)
			EditorAssembliesLoaded (0ms)
		ExecutionOrderSort2 (0ms)
		AwakeInstancesAfterBackupRestoration (6ms)
Launched and connected shader compiler UnityShaderCompiler.exe after 0.09 seconds
Refreshing native plugins compatible for Editor in 5.45 ms, found 4 plugins.
Preloading 0 native plugins for Editor in 0.00 ms.
Unloading 6058 Unused Serialized files (Serialized files now loaded: 0)
Unloading 93 unused Assets / (351.7 KB). Loaded Objects now: 6521.
Memory consumption went from 231.6 MB to 231.2 MB.
Total: 10.602200 ms (FindLiveObjects: 0.855200 ms CreateObjectMapping: 0.798200 ms MarkObjects: 8.585600 ms  DeleteObjects: 0.361700 ms)

AssetImportParameters requested are different than current active one (requested -> active):
  custom:container-demuxer-ogg: 62fdf1f143b41e24485cea50d1cbac27 -> 
  custom:video-decoder-ogg-theora: a1e56fd34408186e4bbccfd4996cb3dc -> 
  custom:framework-win-MediaFoundation: 216162199b28c13a410421893ffa2e32 -> 
  custom:CustomObjectIndexerAttribute: 72b91833f83ae208fae7752999fa3104 -> 
  custom:container-demuxer-webm: 4f35f7cbe854078d1ac9338744f61a02 -> 
  custom:container-muxer-webm: aa71ff27fc2769a1b78a27578f13a17b -> 
  custom:video-decoder-webm-vp8: 9c59270c3fd7afecdb556c50c9e8de78 -> 
  custom:SearchIndexIgnoredProperties: e643bd26f0fe6173181afceb89e7c659 -> 
  custom:AudioImporter_EditorPlatform: d09bf68614088b80899f8185d706f6e7 -> 
  custom:video-encoder-webm-vp8: eb34c28f22e8b96e1ab97ce403110664 -> 
  custom:audio-decoder-ogg-vorbis: bf7c407c2cedff20999df2af8eb42d56 -> 
  custom:audio-encoder-webm-vorbis: bf7c407c2cedff20999df2af8eb42d56 -> 
========================================================================
Received Import Request.
  Time since last request: 46008.557829 seconds.
  path: Assets/HexPalette/hex-sliced_53.asset
  artifactKey: Guid(86ae4a4f579885646a522a60f5c55194) Importer(2089858483,0ecaa5967403d082aa24f35e1b516d23)
Start importing Assets/HexPalette/hex-sliced_53.asset using Guid(86ae4a4f579885646a522a60f5c55194) Importer(2089858483,0ecaa5967403d082aa24f35e1b516d23) [PhysX] Initialized MultithreadedTaskDispatcher with 36 workers.
 -> (artifact id: '1f70978a5dae3467cbbef3811d47a8c8') in 0.268615 seconds
Number of updated asset objects reloaded before import = 0
Number of asset objects unloaded after import = 3
========================================================================
Received Import Request.
  Time since last request: 0.000059 seconds.
  path: Assets/HexPalette/hex-sliced_78.asset
  artifactKey: Guid(ed7ad437e5859524b872c695423214b0) Importer(2089858483,0ecaa5967403d082aa24f35e1b516d23)
Start importing Assets/HexPalette/hex-sliced_78.asset using Guid(ed7ad437e5859524b872c695423214b0) Importer(2089858483,0ecaa5967403d082aa24f35e1b516d23) [PhysX] Initialized MultithreadedTaskDispatcher with 36 workers.
 -> (artifact id: '9c943838aa4f35b892260d83b42b919c') in 0.023980 seconds
Number of updated asset objects reloaded before import = 0
Number of asset objects unloaded after import = 3
========================================================================
Received Import Request.
  Time since last request: 0.000022 seconds.
  path: Assets/HexPalette/hex-sliced_70.asset
  artifactKey: Guid(de567e1590446b64b9d459bc5b8a8180) Importer(2089858483,0ecaa5967403d082aa24f35e1b516d23)
Start importing Assets/HexPalette/hex-sliced_70.asset using Guid(de567e1590446b64b9d459bc5b8a8180) Importer(2089858483,0ecaa5967403d082aa24f35e1b516d23) [PhysX] Initialized MultithreadedTaskDispatcher with 36 workers.
 -> (artifact id: '31a38786e669ad6edbe3af87191eb3da') in 0.022419 seconds
Number of updated asset objects reloaded before import = 0
Number of asset objects unloaded after import = 3
========================================================================
Received Import Request.
  Time since last request: 0.000021 seconds.
  path: Assets/HexPalette/hex-sliced_34.asset
  artifactKey: Guid(0cd9fe6c51bc4034880da6554bfe2285) Importer(2089858483,0ecaa5967403d082aa24f35e1b516d23)
Start importing Assets/HexPalette/hex-sliced_34.asset using Guid(0cd9fe6c51bc4034880da6554bfe2285) Importer(2089858483,0ecaa5967403d082aa24f35e1b516d23) [PhysX] Initialized MultithreadedTaskDispatcher with 36 workers.
 -> (artifact id: 'f158c587534bb36474ccd30a50935166') in 0.019570 seconds
Number of updated asset objects reloaded before import = 0
Number of asset objects unloaded after import = 3
========================================================================
Received Import Request.
  Time since last request: 0.000018 seconds.
  path: Assets/HexPalette/hex-sliced_63.asset
  artifactKey: Guid(06302e52164122d4eb038da1e6a04fc0) Importer(2089858483,0ecaa5967403d082aa24f35e1b516d23)
Start importing Assets/HexPalette/hex-sliced_63.asset using Guid(06302e52164122d4eb038da1e6a04fc0) Importer(2089858483,0ecaa5967403d082aa24f35e1b516d23) [PhysX] Initialized MultithreadedTaskDispatcher with 36 workers.
 -> (artifact id: 'd93ad5a5b2abbb5b18dddcce47e3f0fa') in 0.014511 seconds
Number of updated asset objects reloaded before import = 0
Number of asset objects unloaded after import = 3
========================================================================
Received Import Request.
  Time since last request: 0.000019 seconds.
  path: Assets/HexPalette/hex-sliced_113.asset
  artifactKey: Guid(b27b38dabdc9a0846a4ace1dbe9419a2) Importer(2089858483,0ecaa5967403d082aa24f35e1b516d23)
Start importing Assets/HexPalette/hex-sliced_113.asset using Guid(b27b38dabdc9a0846a4ace1dbe9419a2) Importer(2089858483,0ecaa5967403d082aa24f35e1b516d23) [PhysX] Initialized MultithreadedTaskDispatcher with 36 workers.
 -> (artifact id: '138b2963aab57461da72b64d850fd205') in 0.014505 seconds
Number of updated asset objects reloaded before import = 0
Number of asset objects unloaded after import = 3
========================================================================
Received Import Request.
  Time since last request: 0.000020 seconds.
  path: Assets/HexPalette/hex-sliced_04.asset
  artifactKey: Guid(ae8e57c0ad34b6d46b81e59a76392a0c) Importer(2089858483,0ecaa5967403d082aa24f35e1b516d23)
Start importing Assets/HexPalette/hex-sliced_04.asset using Guid(ae8e57c0ad34b6d46b81e59a76392a0c) Importer(2089858483,0ecaa5967403d082aa24f35e1b516d23) [PhysX] Initialized MultithreadedTaskDispatcher with 36 workers.
 -> (artifact id: 'db9df52ff5cb4d6ba9e18b881f89e6c5') in 0.019048 seconds
Number of updated asset objects reloaded before import = 0
Number of asset objects unloaded after import = 3
========================================================================
Received Import Request.
  Time since last request: 0.000021 seconds.
  path: Assets/HexPalette/hex-sliced_18.asset
  artifactKey: Guid(59c63cb76a968bc4291f6ef924a1fc6f) Importer(2089858483,0ecaa5967403d082aa24f35e1b516d23)
Start importing Assets/HexPalette/hex-sliced_18.asset using Guid(59c63cb76a968bc4291f6ef924a1fc6f) Importer(2089858483,0ecaa5967403d082aa24f35e1b516d23) [PhysX] Initialized MultithreadedTaskDispatcher with 36 workers.
 -> (artifact id: 'bc1d003e93b8f0a28bd999c36f2a6156') in 0.016687 seconds
Number of updated asset objects reloaded before import = 0
Number of asset objects unloaded after import = 3
========================================================================
Received Import Request.
  Time since last request: 0.000054 seconds.
  path: Assets/HexPalette/hex-sliced_110.asset
  artifactKey: Guid(be6dae35f3984164ab042867472fecd9) Importer(2089858483,0ecaa5967403d082aa24f35e1b516d23)
Start importing Assets/HexPalette/hex-sliced_110.asset using Guid(be6dae35f3984164ab042867472fecd9) Importer(2089858483,0ecaa5967403d082aa24f35e1b516d23) [PhysX] Initialized MultithreadedTaskDispatcher with 36 workers.
 -> (artifact id: '4f238b0d591079c63b2c201eba050b2c') in 0.017059 seconds
Number of updated asset objects reloaded before import = 0
Number of asset objects unloaded after import = 3
========================================================================
Received Import Request.
  Time since last request: 0.000031 seconds.
  path: Assets/HexPalette/hex-sliced_71.asset
  artifactKey: Guid(b14b74ad31a50914992bbc386561db78) Importer(2089858483,0ecaa5967403d082aa24f35e1b516d23)
Start importing Assets/HexPalette/hex-sliced_71.asset using Guid(b14b74ad31a50914992bbc386561db78) Importer(2089858483,0ecaa5967403d082aa24f35e1b516d23) [PhysX] Initialized MultithreadedTaskDispatcher with 36 workers.
 -> (artifact id: '4b3a23ddb8a5ccfc1ad26213fa786e1f') in 0.015309 seconds
Number of updated asset objects reloaded before import = 0
Number of asset objects unloaded after import = 3
========================================================================
Received Import Request.
  Time since last request: 0.000035 seconds.
  path: Assets/HexPalette/hex-sliced_107.asset
  artifactKey: Guid(fba6748f226aff34bb513d863fbf387b) Importer(2089858483,0ecaa5967403d082aa24f35e1b516d23)
Start importing Assets/HexPalette/hex-sliced_107.asset using Guid(fba6748f226aff34bb513d863fbf387b) Importer(2089858483,0ecaa5967403d082aa24f35e1b516d23) [PhysX] Initialized MultithreadedTaskDispatcher with 36 workers.
 -> (artifact id: '937e0b324d705f606dd5a50a659ac3ce') in 0.019543 seconds
Number of updated asset objects reloaded before import = 0
Number of asset objects unloaded after import = 3
========================================================================
Received Import Request.
  Time since last request: 0.000023 seconds.
  path: Assets/HexPalette/hex-sliced_57.asset
  artifactKey: Guid(8a27db405986e224badc94fd7ea402b2) Importer(2089858483,0ecaa5967403d082aa24f35e1b516d23)
Start importing Assets/HexPalette/hex-sliced_57.asset using Guid(8a27db405986e224badc94fd7ea402b2) Importer(2089858483,0ecaa5967403d082aa24f35e1b516d23) [PhysX] Initialized MultithreadedTaskDispatcher with 36 workers.
 -> (artifact id: '8ca029b29cd865563ef4aba9763d8ed2') in 0.019027 seconds
Number of updated asset objects reloaded before import = 0
Number of asset objects unloaded after import = 3
========================================================================
Received Import Request.
  Time since last request: 0.000027 seconds.
  path: Assets/HexPalette/hex-sliced_66.asset
  artifactKey: Guid(036abbc5aa7a46542ad51729bafe00dd) Importer(2089858483,0ecaa5967403d082aa24f35e1b516d23)
Start importing Assets/HexPalette/hex-sliced_66.asset using Guid(036abbc5aa7a46542ad51729bafe00dd) Importer(2089858483,0ecaa5967403d082aa24f35e1b516d23) [PhysX] Initialized MultithreadedTaskDispatcher with 36 workers.
 -> (artifact id: '7a0b3b1083582d454e38648ea3036dd5') in 0.016423 seconds
Number of updated asset objects reloaded before import = 0
Number of asset objects unloaded after import = 3
========================================================================
Received Import Request.
  Time since last request: 0.000022 seconds.
  path: Assets/HexPalette/hex-sliced_74.asset
  artifactKey: Guid(30e94f3d5d9123e4cbe85536f0f6621e) Importer(2089858483,0ecaa5967403d082aa24f35e1b516d23)
Start importing Assets/HexPalette/hex-sliced_74.asset using Guid(30e94f3d5d9123e4cbe85536f0f6621e) Importer(2089858483,0ecaa5967403d082aa24f35e1b516d23) [PhysX] Initialized MultithreadedTaskDispatcher with 36 workers.
 -> (artifact id: '204bed25056375c10da3ad336ac574d4') in 0.017116 seconds
Number of updated asset objects reloaded before import = 0
Number of asset objects unloaded after import = 3
========================================================================
Received Import Request.
  Time since last request: 0.000021 seconds.
  path: Assets/HexPalette/hex-sliced_105.asset
  artifactKey: Guid(1410aae81b050304d9747f5a30b79b9d) Importer(2089858483,0ecaa5967403d082aa24f35e1b516d23)
Start importing Assets/HexPalette/hex-sliced_105.asset using Guid(1410aae81b050304d9747f5a30b79b9d) Importer(2089858483,0ecaa5967403d082aa24f35e1b516d23) [PhysX] Initialized MultithreadedTaskDispatcher with 36 workers.
 -> (artifact id: '932e9f9bf622340c6210998f311420e5') in 0.018756 seconds
Number of updated asset objects reloaded before import = 0
Number of asset objects unloaded after import = 3
========================================================================
Received Import Request.
  Time since last request: 0.000022 seconds.
  path: Assets/HexPalette/hex-sliced_111.asset
  artifactKey: Guid(34c2fe992723fca45a4bb9c4c6878eef) Importer(2089858483,0ecaa5967403d082aa24f35e1b516d23)
Start importing Assets/HexPalette/hex-sliced_111.asset using Guid(34c2fe992723fca45a4bb9c4c6878eef) Importer(2089858483,0ecaa5967403d082aa24f35e1b516d23) [PhysX] Initialized MultithreadedTaskDispatcher with 36 workers.
 -> (artifact id: '9cabe56572c287caafb2b218e5545f0c') in 0.016677 seconds
Number of updated asset objects reloaded before import = 0
Number of asset objects unloaded after import = 3
========================================================================
Received Import Request.
  Time since last request: 0.000037 seconds.
  path: Assets/HexPalette/hex-sliced_117.asset
  artifactKey: Guid(5fe41c358720c6c47b7eba29cec0299d) Importer(2089858483,0ecaa5967403d082aa24f35e1b516d23)
Start importing Assets/HexPalette/hex-sliced_117.asset using Guid(5fe41c358720c6c47b7eba29cec0299d) Importer(2089858483,0ecaa5967403d082aa24f35e1b516d23) [PhysX] Initialized MultithreadedTaskDispatcher with 36 workers.
 -> (artifact id: 'c1620857b02e43935cdbe6f07b29392b') in 0.015320 seconds
Number of updated asset objects reloaded before import = 0
Number of asset objects unloaded after import = 3
========================================================================
Received Import Request.
  Time since last request: 0.000023 seconds.
  path: Assets/HexPalette/hex-sliced_51.asset
  artifactKey: Guid(1c97a42f3d684b04b95dbe790b81ff50) Importer(2089858483,0ecaa5967403d082aa24f35e1b516d23)
Start importing Assets/HexPalette/hex-sliced_51.asset using Guid(1c97a42f3d684b04b95dbe790b81ff50) Importer(2089858483,0ecaa5967403d082aa24f35e1b516d23) [PhysX] Initialized MultithreadedTaskDispatcher with 36 workers.
 -> (artifact id: 'a6cbe66786dfb02a6f5f62eee076cf71') in 0.014216 seconds
Number of updated asset objects reloaded before import = 0
Number of asset objects unloaded after import = 3
========================================================================
Received Import Request.
  Time since last request: 0.000031 seconds.
  path: Assets/HexPalette/hex-sliced_72.asset
  artifactKey: Guid(8aa3aa0805482df48b1b9eb7b17b8ab3) Importer(2089858483,0ecaa5967403d082aa24f35e1b516d23)
Start importing Assets/HexPalette/hex-sliced_72.asset using Guid(8aa3aa0805482df48b1b9eb7b17b8ab3) Importer(2089858483,0ecaa5967403d082aa24f35e1b516d23) [PhysX] Initialized MultithreadedTaskDispatcher with 36 workers.
 -> (artifact id: '90abe68951d315c0e6b6905acd6c6522') in 0.014413 seconds
Number of updated asset objects reloaded before import = 0
Number of asset objects unloaded after import = 3
========================================================================
Received Import Request.
  Time since last request: 0.000022 seconds.
  path: Assets/HexPalette/hex-sliced_68.asset
  artifactKey: Guid(4c40ed6bdcd07354d86400f15c9701eb) Importer(2089858483,0ecaa5967403d082aa24f35e1b516d23)
Start importing Assets/HexPalette/hex-sliced_68.asset using Guid(4c40ed6bdcd07354d86400f15c9701eb) Importer(2089858483,0ecaa5967403d082aa24f35e1b516d23) [PhysX] Initialized MultithreadedTaskDispatcher with 36 workers.
 -> (artifact id: '7760481547192d270f71fd514a6fb0c6') in 0.019449 seconds
Number of updated asset objects reloaded before import = 0
Number of asset objects unloaded after import = 3
========================================================================
Received Import Request.
  Time since last request: 0.000021 seconds.
  path: Assets/Sprites/hex-sliced_120.png
  artifactKey: Guid(4088a0a26558c6049b82ec9dbe09ce65) Importer(2089858483,0ecaa5967403d082aa24f35e1b516d23)
Start importing Assets/Sprites/hex-sliced_120.png using Guid(4088a0a26558c6049b82ec9dbe09ce65) Importer(2089858483,0ecaa5967403d082aa24f35e1b516d23) [PhysX] Initialized MultithreadedTaskDispatcher with 36 workers.
 -> (artifact id: '548ce0e3a67c9a003f2a521604f385d2') in 0.074923 seconds
Number of updated asset objects reloaded before import = 0
Number of asset objects unloaded after import = 3
========================================================================
Received Import Request.
  Time since last request: 0.000036 seconds.
  path: Assets/Sprites/hex-sliced_15.png
  artifactKey: Guid(10c4b62cd7c42f441ac561633043c35d) Importer(2089858483,0ecaa5967403d082aa24f35e1b516d23)
Start importing Assets/Sprites/hex-sliced_15.png using Guid(10c4b62cd7c42f441ac561633043c35d) Importer(2089858483,0ecaa5967403d082aa24f35e1b516d23) [PhysX] Initialized MultithreadedTaskDispatcher with 36 workers.
 -> (artifact id: '6d770267b856a1715968671d5f93c983') in 0.033617 seconds
Number of updated asset objects reloaded before import = 0
Number of asset objects unloaded after import = 3
========================================================================
Received Import Request.
  Time since last request: 0.000030 seconds.
  path: Assets/Sprites/hex-sliced_04.png
  artifactKey: Guid(45250bc5105dacb44af42fa847bbbe3e) Importer(2089858483,0ecaa5967403d082aa24f35e1b516d23)
Start importing Assets/Sprites/hex-sliced_04.png using Guid(45250bc5105dacb44af42fa847bbbe3e) Importer(2089858483,0ecaa5967403d082aa24f35e1b516d23) [PhysX] Initialized MultithreadedTaskDispatcher with 36 workers.
 -> (artifact id: '8ba58df4896e2681c2417eb7065dddfe') in 0.029399 seconds
Number of updated asset objects reloaded before import = 0
Number of asset objects unloaded after import = 3
========================================================================
Received Import Request.
  Time since last request: 0.000026 seconds.
  path: Assets/Sprites/hex-sliced_115.png
  artifactKey: Guid(cdb2c408ac519d54fabf5a9509112e66) Importer(2089858483,0ecaa5967403d082aa24f35e1b516d23)
Start importing Assets/Sprites/hex-sliced_115.png using Guid(cdb2c408ac519d54fabf5a9509112e66) Importer(2089858483,0ecaa5967403d082aa24f35e1b516d23) [PhysX] Initialized MultithreadedTaskDispatcher with 36 workers.
 -> (artifact id: '410d700c41779dd8ceabe82d9a264c31') in 0.025108 seconds
Number of updated asset objects reloaded before import = 0
Number of asset objects unloaded after import = 3
========================================================================
Received Import Request.
  Time since last request: 0.000032 seconds.
  path: Assets/Sprites/hex-sliced_10.png
  artifactKey: Guid(f3671c3935f012845bff1027f68c40ab) Importer(2089858483,0ecaa5967403d082aa24f35e1b516d23)
Start importing Assets/Sprites/hex-sliced_10.png using Guid(f3671c3935f012845bff1027f68c40ab) Importer(2089858483,0ecaa5967403d082aa24f35e1b516d23) [PhysX] Initialized MultithreadedTaskDispatcher with 36 workers.
 -> (artifact id: '1ee0c008d28e5f82b7c3b1aed745caa3') in 0.030403 seconds
Number of updated asset objects reloaded before import = 0
Number of asset objects unloaded after import = 3
========================================================================
Received Import Request.
  Time since last request: 0.000020 seconds.
  path: Assets/HexPalette/hex-sliced_86.asset
  artifactKey: Guid(0a5422d3db993d64e941d1b521518f49) Importer(2089858483,0ecaa5967403d082aa24f35e1b516d23)
Start importing Assets/HexPalette/hex-sliced_86.asset using Guid(0a5422d3db993d64e941d1b521518f49) Importer(2089858483,0ecaa5967403d082aa24f35e1b516d23) [PhysX] Initialized MultithreadedTaskDispatcher with 36 workers.
 -> (artifact id: '336e15211e52660a9e2afe1f73c8b512') in 0.016285 seconds
Number of updated asset objects reloaded before import = 0
Number of asset objects unloaded after import = 3
========================================================================
Received Import Request.
  Time since last request: 0.000020 seconds.
  path: Assets/Scenes/Main Menu.unity
  artifactKey: Guid(2baa7283e6183d249a6b0fe7ee0bb561) Importer(2089858483,0ecaa5967403d082aa24f35e1b516d23)
Start importing Assets/Scenes/Main Menu.unity using Guid(2baa7283e6183d249a6b0fe7ee0bb561) Importer(2089858483,0ecaa5967403d082aa24f35e1b516d23) [PhysX] Initialized MultithreadedTaskDispatcher with 36 workers.
 -> (artifact id: '5e941f95d80bc34fe273498b5cfdc133') in 0.012798 seconds
Number of updated asset objects reloaded before import = 0
Number of asset objects unloaded after import = 1
========================================================================
Received Import Request.
  Time since last request: 0.000021 seconds.
  path: Assets/Sprites/hex-sliced_16.png
  artifactKey: Guid(d784325615a3c0b47aeb685fa0fcf7c5) Importer(2089858483,0ecaa5967403d082aa24f35e1b516d23)
Start importing Assets/Sprites/hex-sliced_16.png using Guid(d784325615a3c0b47aeb685fa0fcf7c5) Importer(2089858483,0ecaa5967403d082aa24f35e1b516d23) [PhysX] Initialized MultithreadedTaskDispatcher with 36 workers.
 -> (artifact id: '7aee20b5dd21e079e23ad372a56ee9ef') in 0.023088 seconds
Number of updated asset objects reloaded before import = 0
Number of asset objects unloaded after import = 3
========================================================================
Received Import Request.
  Time since last request: 0.000020 seconds.
  path: Assets/Sprites/hex-sliced_08.png
  artifactKey: Guid(0a59eb9d63c40ed4eaa8b0c2dd55bd06) Importer(2089858483,0ecaa5967403d082aa24f35e1b516d23)
Start importing Assets/Sprites/hex-sliced_08.png using Guid(0a59eb9d63c40ed4eaa8b0c2dd55bd06) Importer(2089858483,0ecaa5967403d082aa24f35e1b516d23) [PhysX] Initialized MultithreadedTaskDispatcher with 36 workers.
 -> (artifact id: '22d1489929b10437cb91e52e9cfe6f81') in 0.023302 seconds
Number of updated asset objects reloaded before import = 0
Number of asset objects unloaded after import = 3
========================================================================
Received Import Request.
  Time since last request: 0.000021 seconds.
  path: Assets/Sprites/hex-sliced_139.png
  artifactKey: Guid(54db4b61009e9b145adf84fb284e0c94) Importer(2089858483,0ecaa5967403d082aa24f35e1b516d23)
Start importing Assets/Sprites/hex-sliced_139.png using Guid(54db4b61009e9b145adf84fb284e0c94) Importer(2089858483,0ecaa5967403d082aa24f35e1b516d23) [PhysX] Initialized MultithreadedTaskDispatcher with 36 workers.
 -> (artifact id: 'e18b9c33d978dc755a19a09687e7f11a') in 0.024671 seconds
Number of updated asset objects reloaded before import = 0
Number of asset objects unloaded after import = 3
========================================================================
Received Import Request.
  Time since last request: 0.000049 seconds.
  path: Assets/InputSystem/CardGameControls.inputactions
  artifactKey: Guid(790d66c8f9c85f443bc890f0a08f072d) Importer(2089858483,0ecaa5967403d082aa24f35e1b516d23)
Start importing Assets/InputSystem/CardGameControls.inputactions using Guid(790d66c8f9c85f443bc890f0a08f072d) Importer(2089858483,0ecaa5967403d082aa24f35e1b516d23) [PhysX] Initialized MultithreadedTaskDispatcher with 36 workers.
 -> (artifact id: '0bc07abb469074a0591359b93f9dd170') in 0.032656 seconds
Number of updated asset objects reloaded before import = 0
Number of asset objects unloaded after import = 5
========================================================================
Received Import Request.
  Time since last request: 0.000029 seconds.
  path: Assets/Scripts/SceneManagerScript.cs
  artifactKey: Guid(270529f8376cb644097db56e12220b53) Importer(2089858483,0ecaa5967403d082aa24f35e1b516d23)
Start importing Assets/Scripts/SceneManagerScript.cs using Guid(270529f8376cb644097db56e12220b53) Importer(2089858483,0ecaa5967403d082aa24f35e1b516d23) [PhysX] Initialized MultithreadedTaskDispatcher with 36 workers.
 -> (artifact id: '0df6a7351ea98a0e11326fb841a03e43') in 0.013792 seconds
Number of updated asset objects reloaded before import = 0
Number of asset objects unloaded after import = 1
========================================================================
Received Import Request.
  Time since last request: 0.000030 seconds.
  path: Assets/Sprites/hex-sliced_123.png
  artifactKey: Guid(a8b8ff0561fbf6b4789c8b488510295c) Importer(2089858483,0ecaa5967403d082aa24f35e1b516d23)
Start importing Assets/Sprites/hex-sliced_123.png using Guid(a8b8ff0561fbf6b4789c8b488510295c) Importer(2089858483,0ecaa5967403d082aa24f35e1b516d23) [PhysX] Initialized MultithreadedTaskDispatcher with 36 workers.
 -> (artifact id: '123140411601e3a7a8b4dea076f1095e') in 0.028470 seconds
Number of updated asset objects reloaded before import = 0
Number of asset objects unloaded after import = 3
========================================================================
Received Import Request.
  Time since last request: 0.000036 seconds.
  path: Assets/Sprites/hex-sliced_19.png
  artifactKey: Guid(a033570a92209ae4d9c7c721159bc5b5) Importer(2089858483,0ecaa5967403d082aa24f35e1b516d23)
Start importing Assets/Sprites/hex-sliced_19.png using Guid(a033570a92209ae4d9c7c721159bc5b5) Importer(2089858483,0ecaa5967403d082aa24f35e1b516d23) [PhysX] Initialized MultithreadedTaskDispatcher with 36 workers.
 -> (artifact id: '9f4810e2f5aed91c8893e6342a646a15') in 0.024494 seconds
Number of updated asset objects reloaded before import = 0
Number of asset objects unloaded after import = 3
========================================================================
Received Import Request.
  Time since last request: 0.000019 seconds.
  path: Assets/Sprites/hex-sliced_59.png
  artifactKey: Guid(b627cf3cf4f824441a04c9168cd6b89a) Importer(2089858483,0ecaa5967403d082aa24f35e1b516d23)
Start importing Assets/Sprites/hex-sliced_59.png using Guid(b627cf3cf4f824441a04c9168cd6b89a) Importer(2089858483,0ecaa5967403d082aa24f35e1b516d23) [PhysX] Initialized MultithreadedTaskDispatcher with 36 workers.
 -> (artifact id: 'a6be879bd21137b73e809dcef68a2d19') in 0.043649 seconds
Number of updated asset objects reloaded before import = 0
Number of asset objects unloaded after import = 3
========================================================================
Received Import Request.
  Time since last request: 0.000033 seconds.
  path: Assets/Sprites/hex-sliced_41.png
  artifactKey: Guid(09c490b695820a04f807a86331d80b70) Importer(2089858483,0ecaa5967403d082aa24f35e1b516d23)
Start importing Assets/Sprites/hex-sliced_41.png using Guid(09c490b695820a04f807a86331d80b70) Importer(2089858483,0ecaa5967403d082aa24f35e1b516d23) [PhysX] Initialized MultithreadedTaskDispatcher with 36 workers.
 -> (artifact id: '0463e7e1034b19ef417813e7aadce04d') in 0.034696 seconds
Number of updated asset objects reloaded before import = 0
Number of asset objects unloaded after import = 3
========================================================================
Received Import Request.
  Time since last request: 0.000025 seconds.
  path: Assets/Sprites/hex-sliced_51.png
  artifactKey: Guid(bfa68fa1ecab7bc41b2b30c9fb798d0b) Importer(2089858483,0ecaa5967403d082aa24f35e1b516d23)
Start importing Assets/Sprites/hex-sliced_51.png using Guid(bfa68fa1ecab7bc41b2b30c9fb798d0b) Importer(2089858483,0ecaa5967403d082aa24f35e1b516d23) [PhysX] Initialized MultithreadedTaskDispatcher with 36 workers.
 -> (artifact id: '44c43ef4c7f6db3c96518ebec31eeda3') in 0.026456 seconds
Number of updated asset objects reloaded before import = 0
Number of asset objects unloaded after import = 3
========================================================================
Received Import Request.
  Time since last request: 0.000023 seconds.
  path: Assets/Sprites/hex-sliced_72.png
  artifactKey: Guid(fecd1baebeab5554bb270d803d43657f) Importer(2089858483,0ecaa5967403d082aa24f35e1b516d23)
Start importing Assets/Sprites/hex-sliced_72.png using Guid(fecd1baebeab5554bb270d803d43657f) Importer(2089858483,0ecaa5967403d082aa24f35e1b516d23) [PhysX] Initialized MultithreadedTaskDispatcher with 36 workers.
 -> (artifact id: '1d7f13a1480e7917f078f916ab09783a') in 0.029405 seconds
Number of updated asset objects reloaded before import = 0
Number of asset objects unloaded after import = 3
========================================================================
Received Import Request.
  Time since last request: 0.000034 seconds.
  path: Assets/Sprites/hex-sliced_21.png
  artifactKey: Guid(ef57de70729d97b4d8b65b13420a4975) Importer(2089858483,0ecaa5967403d082aa24f35e1b516d23)
Start importing Assets/Sprites/hex-sliced_21.png using Guid(ef57de70729d97b4d8b65b13420a4975) Importer(2089858483,0ecaa5967403d082aa24f35e1b516d23) [PhysX] Initialized MultithreadedTaskDispatcher with 36 workers.
 -> (artifact id: 'b1821aff6797895fc641bfec11077780') in 0.025859 seconds
Number of updated asset objects reloaded before import = 0
Number of asset objects unloaded after import = 3
========================================================================
Received Import Request.
  Time since last request: 0.000021 seconds.
  path: Assets/Sprites/hex-sliced_52.png
  artifactKey: Guid(6e63751acc85d5c43be35911455ea70a) Importer(2089858483,0ecaa5967403d082aa24f35e1b516d23)
Start importing Assets/Sprites/hex-sliced_52.png using Guid(6e63751acc85d5c43be35911455ea70a) Importer(2089858483,0ecaa5967403d082aa24f35e1b516d23) [PhysX] Initialized MultithreadedTaskDispatcher with 36 workers.
 -> (artifact id: 'e0acb14855314dadf5b0bd7d01e10a94') in 0.022073 seconds
Number of updated asset objects reloaded before import = 0
Number of asset objects unloaded after import = 3
========================================================================
Received Import Request.
  Time since last request: 0.000043 seconds.
  path: Assets/Sprites/hex-sliced_43.png
  artifactKey: Guid(65be6319845f0d7428ee5d6bfa87cb28) Importer(2089858483,0ecaa5967403d082aa24f35e1b516d23)
Start importing Assets/Sprites/hex-sliced_43.png using Guid(65be6319845f0d7428ee5d6bfa87cb28) Importer(2089858483,0ecaa5967403d082aa24f35e1b516d23) [PhysX] Initialized MultithreadedTaskDispatcher with 36 workers.
 -> (artifact id: '4b83290e5a9a9372d18d3e4f2a1c2f97') in 0.025647 seconds
Number of updated asset objects reloaded before import = 0
Number of asset objects unloaded after import = 3
========================================================================
Received Import Request.
  Time since last request: 0.000026 seconds.
  path: Assets/Sprites/hex-sliced_67.png
  artifactKey: Guid(0089e157e7d31024cb88a62282921e90) Importer(2089858483,0ecaa5967403d082aa24f35e1b516d23)
Start importing Assets/Sprites/hex-sliced_67.png using Guid(0089e157e7d31024cb88a62282921e90) Importer(2089858483,0ecaa5967403d082aa24f35e1b516d23) [PhysX] Initialized MultithreadedTaskDispatcher with 36 workers.
 -> (artifact id: '5cf768a8b386ca061e7ef261f446ad57') in 0.022669 seconds
Number of updated asset objects reloaded before import = 0
Number of asset objects unloaded after import = 3
========================================================================
Received Import Request.
  Time since last request: 0.000036 seconds.
  path: Assets/Sprites/hex-sliced_76.png
  artifactKey: Guid(49e28439b9be7154288a0cc1414875cd) Importer(2089858483,0ecaa5967403d082aa24f35e1b516d23)
Start importing Assets/Sprites/hex-sliced_76.png using Guid(49e28439b9be7154288a0cc1414875cd) Importer(2089858483,0ecaa5967403d082aa24f35e1b516d23) [PhysX] Initialized MultithreadedTaskDispatcher with 36 workers.
 -> (artifact id: 'f79d32c613f255e203ccda2aec2c300d') in 0.027547 seconds
Number of updated asset objects reloaded before import = 0
Number of asset objects unloaded after import = 3
========================================================================
Received Import Request.
  Time since last request: 0.000026 seconds.
  path: Assets/Sprites/hex-sliced_68.png
  artifactKey: Guid(0aa6683a3f361c24982077e89303ce29) Importer(2089858483,0ecaa5967403d082aa24f35e1b516d23)
Start importing Assets/Sprites/hex-sliced_68.png using Guid(0aa6683a3f361c24982077e89303ce29) Importer(2089858483,0ecaa5967403d082aa24f35e1b516d23) [PhysX] Initialized MultithreadedTaskDispatcher with 36 workers.
 -> (artifact id: 'd0e92994d2d564c8537b35a63bc1a2eb') in 0.032533 seconds
Number of updated asset objects reloaded before import = 0
Number of asset objects unloaded after import = 3
========================================================================
Received Import Request.
  Time since last request: 0.000044 seconds.
  path: Assets/Sprites/hex-sliced_14.png
  artifactKey: Guid(302510cb693c8f34d9883fbf95bc5ba1) Importer(2089858483,0ecaa5967403d082aa24f35e1b516d23)
Start importing Assets/Sprites/hex-sliced_14.png using Guid(302510cb693c8f34d9883fbf95bc5ba1) Importer(2089858483,0ecaa5967403d082aa24f35e1b516d23) [PhysX] Initialized MultithreadedTaskDispatcher with 36 workers.
 -> (artifact id: 'f60b6f094da811a2a9be715c1d589ceb') in 0.037077 seconds
Number of updated asset objects reloaded before import = 0
Number of asset objects unloaded after import = 3
========================================================================
Received Import Request.
  Time since last request: 0.000047 seconds.
  path: Assets/Sprites/hex-sliced_58.png
  artifactKey: Guid(e9b44863d12db21478e256a2bbd98a89) Importer(2089858483,0ecaa5967403d082aa24f35e1b516d23)
Start importing Assets/Sprites/hex-sliced_58.png using Guid(e9b44863d12db21478e256a2bbd98a89) Importer(2089858483,0ecaa5967403d082aa24f35e1b516d23) [PhysX] Initialized MultithreadedTaskDispatcher with 36 workers.
 -> (artifact id: 'e8c2df171ba92d58b0ea3011c58b28c0') in 0.027216 seconds
Number of updated asset objects reloaded before import = 0
Number of asset objects unloaded after import = 3
========================================================================
Received Import Request.
  Time since last request: 0.000021 seconds.
  path: Assets/Tiles/hex-sliced_109.asset
  artifactKey: Guid(e30ffe25848da364ebc09fe7a2d1055a) Importer(2089858483,0ecaa5967403d082aa24f35e1b516d23)
Start importing Assets/Tiles/hex-sliced_109.asset using Guid(e30ffe25848da364ebc09fe7a2d1055a) Importer(2089858483,0ecaa5967403d082aa24f35e1b516d23) [PhysX] Initialized MultithreadedTaskDispatcher with 36 workers.
 -> (artifact id: '17694a113169ffae0b2b7563a3537102') in 0.013845 seconds
Number of updated asset objects reloaded before import = 0
Number of asset objects unloaded after import = 3
========================================================================
Received Import Request.
  Time since last request: 0.000160 seconds.
  path: Assets/Tiles/hex-sliced_111.asset
  artifactKey: Guid(ead0e6ef53a516c45bfaca034e41e100) Importer(2089858483,0ecaa5967403d082aa24f35e1b516d23)
Start importing Assets/Tiles/hex-sliced_111.asset using Guid(ead0e6ef53a516c45bfaca034e41e100) Importer(2089858483,0ecaa5967403d082aa24f35e1b516d23) [PhysX] Initialized MultithreadedTaskDispatcher with 36 workers.
 -> (artifact id: 'a3720068c6cb88c007ba42fe96116218') in 0.021663 seconds
Number of updated asset objects reloaded before import = 0
Number of asset objects unloaded after import = 3
========================================================================
Received Import Request.
  Time since last request: 0.000022 seconds.
  path: Assets/Sprites/hex-sliced_90.png
  artifactKey: Guid(55904278798119041ae802a3bd7b49b8) Importer(2089858483,0ecaa5967403d082aa24f35e1b516d23)
Start importing Assets/Sprites/hex-sliced_90.png using Guid(55904278798119041ae802a3bd7b49b8) Importer(2089858483,0ecaa5967403d082aa24f35e1b516d23) [PhysX] Initialized MultithreadedTaskDispatcher with 36 workers.
 -> (artifact id: '36ff0ce2975420d7e087642bf728b72a') in 0.025334 seconds
Number of updated asset objects reloaded before import = 0
Number of asset objects unloaded after import = 3
========================================================================
Received Import Request.
  Time since last request: 0.000036 seconds.
  path: Assets/Tiles/hex-sliced_103.asset
  artifactKey: Guid(6b0c07156208385488ad3320971b2265) Importer(2089858483,0ecaa5967403d082aa24f35e1b516d23)
Start importing Assets/Tiles/hex-sliced_103.asset using Guid(6b0c07156208385488ad3320971b2265) Importer(2089858483,0ecaa5967403d082aa24f35e1b516d23) [PhysX] Initialized MultithreadedTaskDispatcher with 36 workers.
 -> (artifact id: 'ddbed9c697a24af178c5c46bf6a237ca') in 0.014091 seconds
Number of updated asset objects reloaded before import = 0
Number of asset objects unloaded after import = 3
========================================================================
Received Import Request.
  Time since last request: 0.000017 seconds.
  path: Assets/Tiles/hex-sliced_135.asset
  artifactKey: Guid(470da9e46e477be4f962391549e9fac4) Importer(2089858483,0ecaa5967403d082aa24f35e1b516d23)
Start importing Assets/Tiles/hex-sliced_135.asset using Guid(470da9e46e477be4f962391549e9fac4) Importer(2089858483,0ecaa5967403d082aa24f35e1b516d23) [PhysX] Initialized MultithreadedTaskDispatcher with 36 workers.
 -> (artifact id: '431b9c47cf2eac0699992e9942329eaf') in 0.018653 seconds
Number of updated asset objects reloaded before import = 0
Number of asset objects unloaded after import = 3
========================================================================
Received Import Request.
  Time since last request: 0.000022 seconds.
  path: Assets/Tiles/hex-sliced_137.asset
  artifactKey: Guid(f469ac7621f2170409ef6ea7460c9bc2) Importer(2089858483,0ecaa5967403d082aa24f35e1b516d23)
Start importing Assets/Tiles/hex-sliced_137.asset using Guid(f469ac7621f2170409ef6ea7460c9bc2) Importer(2089858483,0ecaa5967403d082aa24f35e1b516d23) [PhysX] Initialized MultithreadedTaskDispatcher with 36 workers.
 -> (artifact id: '345bd581f0f63c475ab3a270db1ad497') in 0.016642 seconds
Number of updated asset objects reloaded before import = 0
Number of asset objects unloaded after import = 3
========================================================================
Received Import Request.
  Time since last request: 0.000026 seconds.
  path: Assets/Tiles/hex-sliced_04.asset
  artifactKey: Guid(d76590c919e5b384e97ea1f9dc82e089) Importer(2089858483,0ecaa5967403d082aa24f35e1b516d23)
Start importing Assets/Tiles/hex-sliced_04.asset using Guid(d76590c919e5b384e97ea1f9dc82e089) Importer(2089858483,0ecaa5967403d082aa24f35e1b516d23) [PhysX] Initialized MultithreadedTaskDispatcher with 36 workers.
 -> (artifact id: 'fc084e3fec11f4db87b3aad3d23b456c') in 0.021358 seconds
Number of updated asset objects reloaded before import = 0
Number of asset objects unloaded after import = 3
========================================================================
Received Import Request.
  Time since last request: 0.000032 seconds.
  path: Assets/Sprites/hex-sliced_97.png
  artifactKey: Guid(99872dae8a07b1845aaae2f1166b6e56) Importer(2089858483,0ecaa5967403d082aa24f35e1b516d23)
Start importing Assets/Sprites/hex-sliced_97.png using Guid(99872dae8a07b1845aaae2f1166b6e56) Importer(2089858483,0ecaa5967403d082aa24f35e1b516d23) [PhysX] Initialized MultithreadedTaskDispatcher with 36 workers.
 -> (artifact id: '7b2d03890d2f7fe9cd98b5e9dd885279') in 0.033652 seconds
Number of updated asset objects reloaded before import = 0
Number of asset objects unloaded after import = 3
========================================================================
Received Import Request.
  Time since last request: 0.000027 seconds.
  path: Assets/Sprites/hex-sliced_96.png
  artifactKey: Guid(43fc633dedfc7bc46a60831521859131) Importer(2089858483,0ecaa5967403d082aa24f35e1b516d23)
Start importing Assets/Sprites/hex-sliced_96.png using Guid(43fc633dedfc7bc46a60831521859131) Importer(2089858483,0ecaa5967403d082aa24f35e1b516d23) [PhysX] Initialized MultithreadedTaskDispatcher with 36 workers.
 -> (artifact id: 'fab4082472d3b2ee111cc26472055ce7') in 0.031609 seconds
Number of updated asset objects reloaded before import = 0
Number of asset objects unloaded after import = 3
========================================================================
Received Import Request.
  Time since last request: 0.000045 seconds.
  path: Assets/Sprites/hex-sliced_84.png
  artifactKey: Guid(5f13dedd4f042a845b24c1425cbec013) Importer(2089858483,0ecaa5967403d082aa24f35e1b516d23)
Start importing Assets/Sprites/hex-sliced_84.png using Guid(5f13dedd4f042a845b24c1425cbec013) Importer(2089858483,0ecaa5967403d082aa24f35e1b516d23) [PhysX] Initialized MultithreadedTaskDispatcher with 36 workers.
 -> (artifact id: '64af17a875f02e3222813d103c55ee10') in 0.026276 seconds
Number of updated asset objects reloaded before import = 0
Number of asset objects unloaded after import = 3
========================================================================
Received Import Request.
  Time since last request: 0.000037 seconds.
  path: Assets/Tiles/hex-sliced_116.asset
  artifactKey: Guid(b6c57bd068aa78743ae63367151e351a) Importer(2089858483,0ecaa5967403d082aa24f35e1b516d23)
Start importing Assets/Tiles/hex-sliced_116.asset using Guid(b6c57bd068aa78743ae63367151e351a) Importer(2089858483,0ecaa5967403d082aa24f35e1b516d23) [PhysX] Initialized MultithreadedTaskDispatcher with 36 workers.
 -> (artifact id: 'aad3e7c4e477ccdcd4b046649d7f577e') in 0.018911 seconds
Number of updated asset objects reloaded before import = 0
Number of asset objects unloaded after import = 3
========================================================================
Received Import Request.
  Time since last request: 0.000023 seconds.
  path: Assets/Tiles/hex-sliced_08.asset
  artifactKey: Guid(4426f4237b863f844afb154b93a45a15) Importer(2089858483,0ecaa5967403d082aa24f35e1b516d23)
Start importing Assets/Tiles/hex-sliced_08.asset using Guid(4426f4237b863f844afb154b93a45a15) Importer(2089858483,0ecaa5967403d082aa24f35e1b516d23) [PhysX] Initialized MultithreadedTaskDispatcher with 36 workers.
 -> (artifact id: 'b2659f08a23cc75ca0fea1429e1d1add') in 0.019936 seconds
Number of updated asset objects reloaded before import = 0
Number of asset objects unloaded after import = 3
========================================================================
Received Import Request.
  Time since last request: 0.000020 seconds.
  path: Assets/HexPalette/hex-sliced_23.asset
  artifactKey: Guid(3e981bcc83236a34ca769afa4cb01147) Importer(2089858483,0ecaa5967403d082aa24f35e1b516d23)
Start importing Assets/HexPalette/hex-sliced_23.asset using Guid(3e981bcc83236a34ca769afa4cb01147) Importer(2089858483,0ecaa5967403d082aa24f35e1b516d23) [PhysX] Initialized MultithreadedTaskDispatcher with 36 workers.
 -> (artifact id: '2adc950b4344b4eee16d40f738937706') in 0.022735 seconds
Number of updated asset objects reloaded before import = 0
Number of asset objects unloaded after import = 3
========================================================================
Received Import Request.
  Time since last request: 0.000025 seconds.
  path: Assets/HexPalette/hex-sliced_79.asset
  artifactKey: Guid(cb5e0619ba9726a49bda553338d296cc) Importer(2089858483,0ecaa5967403d082aa24f35e1b516d23)
Start importing Assets/HexPalette/hex-sliced_79.asset using Guid(cb5e0619ba9726a49bda553338d296cc) Importer(2089858483,0ecaa5967403d082aa24f35e1b516d23) [PhysX] Initialized MultithreadedTaskDispatcher with 36 workers.
 -> (artifact id: 'c099b4a3852b8fef7c6164b42b237224') in 0.022186 seconds
Number of updated asset objects reloaded before import = 0
Number of asset objects unloaded after import = 3
========================================================================
Received Import Request.
  Time since last request: 0.000031 seconds.
  path: Assets/Sprites/hex-sliced_110.png
  artifactKey: Guid(2aa3b911dccb04147bb0e435767fe363) Importer(2089858483,0ecaa5967403d082aa24f35e1b516d23)
Start importing Assets/Sprites/hex-sliced_110.png using Guid(2aa3b911dccb04147bb0e435767fe363) Importer(2089858483,0ecaa5967403d082aa24f35e1b516d23) [PhysX] Initialized MultithreadedTaskDispatcher with 36 workers.
 -> (artifact id: '9c2f03415a4d1889039ed1fbdcf4b71f') in 0.024293 seconds
Number of updated asset objects reloaded before import = 0
Number of asset objects unloaded after import = 3
========================================================================
Received Import Request.
  Time since last request: 0.000020 seconds.
  path: Assets/Tiles/hex-sliced_21.asset
  artifactKey: Guid(e03542322addf7148b6be88daaa9987c) Importer(2089858483,0ecaa5967403d082aa24f35e1b516d23)
Start importing Assets/Tiles/hex-sliced_21.asset using Guid(e03542322addf7148b6be88daaa9987c) Importer(2089858483,0ecaa5967403d082aa24f35e1b516d23) [PhysX] Initialized MultithreadedTaskDispatcher with 36 workers.
 -> (artifact id: 'ce46d3cff3d0edc9ee3e97e7ef5d6718') in 0.022233 seconds
Number of updated asset objects reloaded before import = 0
Number of asset objects unloaded after import = 3
========================================================================
Received Import Request.
  Time since last request: 0.000022 seconds.
  path: Assets/Tiles/hex-sliced_39.asset
  artifactKey: Guid(f097a93671959b146bcd207cfbcf75f3) Importer(2089858483,0ecaa5967403d082aa24f35e1b516d23)
Start importing Assets/Tiles/hex-sliced_39.asset using Guid(f097a93671959b146bcd207cfbcf75f3) Importer(2089858483,0ecaa5967403d082aa24f35e1b516d23) [PhysX] Initialized MultithreadedTaskDispatcher with 36 workers.
 -> (artifact id: '5233cb608ff5b81f6077ed5c6c3a8b3c') in 0.015911 seconds
Number of updated asset objects reloaded before import = 0
Number of asset objects unloaded after import = 3
========================================================================
Received Import Request.
  Time since last request: 0.000020 seconds.
  path: Assets/Tiles/hex-sliced_77.asset
  artifactKey: Guid(dd6f6a25819da3c4babe849ee5298c8b) Importer(2089858483,0ecaa5967403d082aa24f35e1b516d23)
Start importing Assets/Tiles/hex-sliced_77.asset using Guid(dd6f6a25819da3c4babe849ee5298c8b) Importer(2089858483,0ecaa5967403d082aa24f35e1b516d23) [PhysX] Initialized MultithreadedTaskDispatcher with 36 workers.
 -> (artifact id: '119092317035c401259f4997489a5b3f') in 0.017868 seconds
Number of updated asset objects reloaded before import = 0
Number of asset objects unloaded after import = 3
========================================================================
Received Import Request.
  Time since last request: 0.000022 seconds.
  path: Assets/Tiles/hex-sliced_76.asset
  artifactKey: Guid(049a4ab9b41d0dc43b7c20de28d962d6) Importer(2089858483,0ecaa5967403d082aa24f35e1b516d23)
Start importing Assets/Tiles/hex-sliced_76.asset using Guid(049a4ab9b41d0dc43b7c20de28d962d6) Importer(2089858483,0ecaa5967403d082aa24f35e1b516d23) [PhysX] Initialized MultithreadedTaskDispatcher with 36 workers.
 -> (artifact id: '70c2d11b9576094902bd3ae18978746e') in 0.019639 seconds
Number of updated asset objects reloaded before import = 0
Number of asset objects unloaded after import = 3
========================================================================
Received Import Request.
  Time since last request: 0.000023 seconds.
  path: Assets/Tiles/hex-sliced_141.asset
  artifactKey: Guid(1f3a83975dcb15e4c950bd2a0ef84fbc) Importer(2089858483,0ecaa5967403d082aa24f35e1b516d23)
Start importing Assets/Tiles/hex-sliced_141.asset using Guid(1f3a83975dcb15e4c950bd2a0ef84fbc) Importer(2089858483,0ecaa5967403d082aa24f35e1b516d23) [PhysX] Initialized MultithreadedTaskDispatcher with 36 workers.
 -> (artifact id: '0ff0847100eaa550fe3f971c5fc0b36c') in 0.018102 seconds
Number of updated asset objects reloaded before import = 0
Number of asset objects unloaded after import = 3
========================================================================
Received Import Request.
  Time since last request: 0.000021 seconds.
  path: Assets/Tiles/hex-sliced_79.asset
  artifactKey: Guid(bb82b84a37f74084d82de813d3fc5753) Importer(2089858483,0ecaa5967403d082aa24f35e1b516d23)
Start importing Assets/Tiles/hex-sliced_79.asset using Guid(bb82b84a37f74084d82de813d3fc5753) Importer(2089858483,0ecaa5967403d082aa24f35e1b516d23) [PhysX] Initialized MultithreadedTaskDispatcher with 36 workers.
 -> (artifact id: '912f2dfe6351ea17f7bfbdfd74b34fde') in 0.017203 seconds
Number of updated asset objects reloaded before import = 0
Number of asset objects unloaded after import = 3
========================================================================
Received Import Request.
  Time since last request: 0.000023 seconds.
  path: Assets/Tiles/hex-sliced_53.asset
  artifactKey: Guid(1f847ef04d077c8478c842d5b9f5a5bd) Importer(2089858483,0ecaa5967403d082aa24f35e1b516d23)
Start importing Assets/Tiles/hex-sliced_53.asset using Guid(1f847ef04d077c8478c842d5b9f5a5bd) Importer(2089858483,0ecaa5967403d082aa24f35e1b516d23) [PhysX] Initialized MultithreadedTaskDispatcher with 36 workers.
 -> (artifact id: '5f7227a26b1326645add224d49fc087a') in 0.016013 seconds
Number of updated asset objects reloaded before import = 0
Number of asset objects unloaded after import = 3
========================================================================
Received Import Request.
  Time since last request: 0.000024 seconds.
  path: Assets/Tiles/hex-sliced_33.asset
  artifactKey: Guid(a8810b088f77f644ab11c95210cde2d2) Importer(2089858483,0ecaa5967403d082aa24f35e1b516d23)
Start importing Assets/Tiles/hex-sliced_33.asset using Guid(a8810b088f77f644ab11c95210cde2d2) Importer(2089858483,0ecaa5967403d082aa24f35e1b516d23) [PhysX] Initialized MultithreadedTaskDispatcher with 36 workers.
 -> (artifact id: 'd93032614ed9e70bcced5c50bb5f616d') in 0.018788 seconds
Number of updated asset objects reloaded before import = 0
Number of asset objects unloaded after import = 3
========================================================================
Received Import Request.
  Time since last request: 0.000034 seconds.
  path: Assets/Tiles/hex-sliced_28.asset
  artifactKey: Guid(5c09b0d75e1b2f340b423dda2ae7a332) Importer(2089858483,0ecaa5967403d082aa24f35e1b516d23)
Start importing Assets/Tiles/hex-sliced_28.asset using Guid(5c09b0d75e1b2f340b423dda2ae7a332) Importer(2089858483,0ecaa5967403d082aa24f35e1b516d23) [PhysX] Initialized MultithreadedTaskDispatcher with 36 workers.
 -> (artifact id: '7fa54ce6f24856cf8b26f0330759d667') in 0.017400 seconds
Number of updated asset objects reloaded before import = 0
Number of asset objects unloaded after import = 3
========================================================================
Received Import Request.
  Time since last request: 0.000024 seconds.
  path: Assets/Tiles/hex-sliced_55.asset
  artifactKey: Guid(65939cf902d2f1245a70e680f25f7443) Importer(2089858483,0ecaa5967403d082aa24f35e1b516d23)
Start importing Assets/Tiles/hex-sliced_55.asset using Guid(65939cf902d2f1245a70e680f25f7443) Importer(2089858483,0ecaa5967403d082aa24f35e1b516d23) [PhysX] Initialized MultithreadedTaskDispatcher with 36 workers.
 -> (artifact id: '9c2247c99346e3533dd2dbe408f8e38b') in 0.016375 seconds
Number of updated asset objects reloaded before import = 0
Number of asset objects unloaded after import = 3
========================================================================
Received Import Request.
  Time since last request: 0.000030 seconds.
  path: Assets/Tiles/hex-sliced_35.asset
  artifactKey: Guid(008cf23554895c149a9751b1da8d7906) Importer(2089858483,0ecaa5967403d082aa24f35e1b516d23)
Start importing Assets/Tiles/hex-sliced_35.asset using Guid(008cf23554895c149a9751b1da8d7906) Importer(2089858483,0ecaa5967403d082aa24f35e1b516d23) [PhysX] Initialized MultithreadedTaskDispatcher with 36 workers.
 -> (artifact id: 'a285fc4a4d2d7f75c86f00413f1ed2b1') in 0.021750 seconds
Number of updated asset objects reloaded before import = 0
Number of asset objects unloaded after import = 3
========================================================================
Received Import Request.
  Time since last request: 0.000052 seconds.
  path: Assets/Tiles/hex-sliced_23.asset
  artifactKey: Guid(d78a659c045b72c4f9055e2bcdaf5c7a) Importer(2089858483,0ecaa5967403d082aa24f35e1b516d23)
Start importing Assets/Tiles/hex-sliced_23.asset using Guid(d78a659c045b72c4f9055e2bcdaf5c7a) Importer(2089858483,0ecaa5967403d082aa24f35e1b516d23) [PhysX] Initialized MultithreadedTaskDispatcher with 36 workers.
 -> (artifact id: '9b79fc5b5d5d31a4c167d8ca93079779') in 0.023720 seconds
Number of updated asset objects reloaded before import = 0
Number of asset objects unloaded after import = 3
========================================================================
Received Import Request.
  Time since last request: 0.000022 seconds.
  path: Assets/Tiles/hex-sliced_45.asset
  artifactKey: Guid(b86919d8cfbb38145af3a6d9bc84dce8) Importer(2089858483,0ecaa5967403d082aa24f35e1b516d23)
Start importing Assets/Tiles/hex-sliced_45.asset using Guid(b86919d8cfbb38145af3a6d9bc84dce8) Importer(2089858483,0ecaa5967403d082aa24f35e1b516d23) [PhysX] Initialized MultithreadedTaskDispatcher with 36 workers.
 -> (artifact id: '710fc05bf91a1eb013e4f7caba411377') in 0.016428 seconds
Number of updated asset objects reloaded before import = 0
Number of asset objects unloaded after import = 3
========================================================================
Received Import Request.
  Time since last request: 0.000021 seconds.
  path: Assets/Tiles/hex-sliced_19.asset
  artifactKey: Guid(a975d059cad370b498522beb00a2d41f) Importer(2089858483,0ecaa5967403d082aa24f35e1b516d23)
Start importing Assets/Tiles/hex-sliced_19.asset using Guid(a975d059cad370b498522beb00a2d41f) Importer(2089858483,0ecaa5967403d082aa24f35e1b516d23) [PhysX] Initialized MultithreadedTaskDispatcher with 36 workers.
 -> (artifact id: '5f7c4868fd18ab22c1d4a54f361a298c') in 0.016209 seconds
Number of updated asset objects reloaded before import = 0
Number of asset objects unloaded after import = 3
========================================================================
Received Import Request.
  Time since last request: 0.000036 seconds.
  path: Assets/Tiles/hex-sliced_57.asset
  artifactKey: Guid(4357760d6f3028d40870ed546e3f5948) Importer(2089858483,0ecaa5967403d082aa24f35e1b516d23)
Start importing Assets/Tiles/hex-sliced_57.asset using Guid(4357760d6f3028d40870ed546e3f5948) Importer(2089858483,0ecaa5967403d082aa24f35e1b516d23) [PhysX] Initialized MultithreadedTaskDispatcher with 36 workers.
 -> (artifact id: '92fd8350b2c6a1a24ac28d4ed0766479') in 0.015147 seconds
Number of updated asset objects reloaded before import = 0
Number of asset objects unloaded after import = 3
========================================================================
Received Import Request.
  Time since last request: 0.000019 seconds.
  path: Assets/Tiles/hex-sliced_71.asset
  artifactKey: Guid(005381eb98b90f24bb06061cefab3076) Importer(2089858483,0ecaa5967403d082aa24f35e1b516d23)
Start importing Assets/Tiles/hex-sliced_71.asset using Guid(005381eb98b90f24bb06061cefab3076) Importer(2089858483,0ecaa5967403d082aa24f35e1b516d23) [PhysX] Initialized MultithreadedTaskDispatcher with 36 workers.
 -> (artifact id: '38f990d08f51575100e396df32d617ba') in 0.014010 seconds
Number of updated asset objects reloaded before import = 0
Number of asset objects unloaded after import = 3
========================================================================
Received Import Request.
  Time since last request: 0.000027 seconds.
  path: Assets/Sprites/hex-sliced_50.png
  artifactKey: Guid(4f9f4fa541bc1b346b9bc4e0e2e0596b) Importer(2089858483,0ecaa5967403d082aa24f35e1b516d23)
Start importing Assets/Sprites/hex-sliced_50.png using Guid(4f9f4fa541bc1b346b9bc4e0e2e0596b) Importer(2089858483,0ecaa5967403d082aa24f35e1b516d23) [PhysX] Initialized MultithreadedTaskDispatcher with 36 workers.
 -> (artifact id: 'bdfe95a366abd6816eb543539393edbc') in 0.029013 seconds
Number of updated asset objects reloaded before import = 0
Number of asset objects unloaded after import = 3
========================================================================
Received Import Request.
  Time since last request: 0.000034 seconds.
  path: Assets/HexPalette/hex-sliced_106.asset
  artifactKey: Guid(bfa9c4868b6c109449e0f198590c0a85) Importer(2089858483,0ecaa5967403d082aa24f35e1b516d23)
Start importing Assets/HexPalette/hex-sliced_106.asset using Guid(bfa9c4868b6c109449e0f198590c0a85) Importer(2089858483,0ecaa5967403d082aa24f35e1b516d23) [PhysX] Initialized MultithreadedTaskDispatcher with 36 workers.
 -> (artifact id: 'da5e2463a6792cb5e9c356f2a0a7f929') in 0.017009 seconds
Number of updated asset objects reloaded before import = 0
Number of asset objects unloaded after import = 3
========================================================================
Received Import Request.
  Time since last request: 0.000022 seconds.
  path: Assets/Tiles/hex-sliced_95.asset
  artifactKey: Guid(8ed438c24caba534eb44f75a6691707e) Importer(2089858483,0ecaa5967403d082aa24f35e1b516d23)
Start importing Assets/Tiles/hex-sliced_95.asset using Guid(8ed438c24caba534eb44f75a6691707e) Importer(2089858483,0ecaa5967403d082aa24f35e1b516d23) [PhysX] Initialized MultithreadedTaskDispatcher with 36 workers.
 -> (artifact id: 'dbd27873eb002ba9533cfbfda6b98bbe') in 0.013699 seconds
Number of updated asset objects reloaded before import = 0
Number of asset objects unloaded after import = 3
========================================================================
Received Import Request.
  Time since last request: 0.000021 seconds.
  path: Assets/Tiles/hex-sliced_93.asset
  artifactKey: Guid(d587d068e41da9f49a881fb3a99a4a0d) Importer(2089858483,0ecaa5967403d082aa24f35e1b516d23)
Start importing Assets/Tiles/hex-sliced_93.asset using Guid(d587d068e41da9f49a881fb3a99a4a0d) Importer(2089858483,0ecaa5967403d082aa24f35e1b516d23) [PhysX] Initialized MultithreadedTaskDispatcher with 36 workers.
 -> (artifact id: '0ff806c5f152f7be622eee81bc396f1f') in 0.014676 seconds
Number of updated asset objects reloaded before import = 0
Number of asset objects unloaded after import = 3
========================================================================
Received Import Request.
  Time since last request: 0.000020 seconds.
  path: Assets/Tiles/hex-sliced_94.asset
  artifactKey: Guid(56059bbe361e07442bd29aed294d978d) Importer(2089858483,0ecaa5967403d082aa24f35e1b516d23)
Start importing Assets/Tiles/hex-sliced_94.asset using Guid(56059bbe361e07442bd29aed294d978d) Importer(2089858483,0ecaa5967403d082aa24f35e1b516d23) [PhysX] Initialized MultithreadedTaskDispatcher with 36 workers.
 -> (artifact id: '9c262b8e364c3e4bd41f6fb5e5c581b0') in 0.015863 seconds
Number of updated asset objects reloaded before import = 0
Number of asset objects unloaded after import = 3
========================================================================
Received Import Request.
  Time since last request: 0.000036 seconds.
  path: Assets/Tiles/hex-sliced_69.asset
  artifactKey: Guid(937f822165b12824fafd72c3f1e2a106) Importer(2089858483,0ecaa5967403d082aa24f35e1b516d23)
Start importing Assets/Tiles/hex-sliced_69.asset using Guid(937f822165b12824fafd72c3f1e2a106) Importer(2089858483,0ecaa5967403d082aa24f35e1b516d23) [PhysX] Initialized MultithreadedTaskDispatcher with 36 workers.
 -> (artifact id: 'ca9aa9138b131c315bab97a94f9b1400') in 0.016373 seconds
Number of updated asset objects reloaded before import = 0
Number of asset objects unloaded after import = 3
========================================================================
Received Import Request.
  Time since last request: 0.000021 seconds.
  path: Assets/HexPalette/hex-sliced_25.asset
  artifactKey: Guid(958b219b7d09e2945940fb636efac205) Importer(2089858483,0ecaa5967403d082aa24f35e1b516d23)
Start importing Assets/HexPalette/hex-sliced_25.asset using Guid(958b219b7d09e2945940fb636efac205) Importer(2089858483,0ecaa5967403d082aa24f35e1b516d23) [PhysX] Initialized MultithreadedTaskDispatcher with 36 workers.
 -> (artifact id: '635df22353e3a676fc32950262cd45a6') in 0.015515 seconds
Number of updated asset objects reloaded before import = 0
Number of asset objects unloaded after import = 3
========================================================================
Received Import Request.
  Time since last request: 316.398986 seconds.
  path: Assets/Settings/UniversalRP.asset
  artifactKey: Guid(681886c5eb7344803b6206f758bf0b1c) Importer(815301076,1909f56bfc062723c751e8b465ee728b)
Start importing Assets/Settings/UniversalRP.asset using Guid(681886c5eb7344803b6206f758bf0b1c) Importer(815301076,1909f56bfc062723c751e8b465ee728b) [PhysX] Initialized MultithreadedTaskDispatcher with 36 workers.
 -> (artifact id: '9f4cf2d2e956f8a1855c9fb8129f1914') in 0.015338 seconds
Number of updated asset objects reloaded before import = 2
Number of asset objects unloaded after import = 0
========================================================================
Received Import Request.
  Time since last request: 0.885547 seconds.
  path: Assets/Settings/Renderer2D.asset
  artifactKey: Guid(424799608f7334c24bf367e4bbfa7f9a) Importer(2089858483,0ecaa5967403d082aa24f35e1b516d23)
Start importing Assets/Settings/Renderer2D.asset using Guid(424799608f7334c24bf367e4bbfa7f9a) Importer(2089858483,0ecaa5967403d082aa24f35e1b516d23) [PhysX] Initialized MultithreadedTaskDispatcher with 36 workers.
 -> (artifact id: '94065de4160344169c8e4a0b3608c26a') in 0.047746 seconds
Number of updated asset objects reloaded before import = 0
Number of asset objects unloaded after import = 1
========================================================================
Received Import Request.
  Time since last request: 0.000029 seconds.
  path: Assets/Scenes/MovementMap.unity
  artifactKey: Guid(400ff914f46c9c547a48bd38a65021fd) Importer(2089858483,0ecaa5967403d082aa24f35e1b516d23)
Start importing Assets/Scenes/MovementMap.unity using Guid(400ff914f46c9c547a48bd38a65021fd) Importer(2089858483,0ecaa5967403d082aa24f35e1b516d23) [PhysX] Initialized MultithreadedTaskDispatcher with 36 workers.
 -> (artifact id: '7c732592c1be5699a810b0b7d55403e1') in 0.019206 seconds
Number of updated asset objects reloaded before import = 0
Number of asset objects unloaded after import = 1
========================================================================
Received Prepare
Switching render pipeline 681886c5eb7344803b6206f758bf0b1c -> 00000000000000000000000000000000
Refreshing native plugins compatible for Editor in 7.15 ms, found 4 plugins.
Preloading 0 native plugins for Editor in 0.00 ms.
Unloading 2 Unused Serialized files (Serialized files now loaded: 0)
Unloading 55 unused Assets / (323.6 KB). Loaded Objects now: 6469.
Memory consumption went from 113.2 MB to 112.9 MB.
Total: 16.842300 ms (FindLiveObjects: 1.076900 ms CreateObjectMapping: 1.027000 ms MarkObjects: 12.967200 ms  DeleteObjects: 1.768900 ms)

Prepare: number of updated asset objects reloaded= 0
AssetImportParameters requested are different than current active one (requested -> active):
  custom:container-demuxer-ogg: 62fdf1f143b41e24485cea50d1cbac27 -> 
  custom:video-decoder-ogg-theora: a1e56fd34408186e4bbccfd4996cb3dc -> 
  custom:framework-win-MediaFoundation: 216162199b28c13a410421893ffa2e32 -> 
  custom:CustomObjectIndexerAttribute: 72b91833f83ae208fae7752999fa3104 -> 
  custom:container-demuxer-webm: 4f35f7cbe854078d1ac9338744f61a02 -> 
  custom:container-muxer-webm: aa71ff27fc2769a1b78a27578f13a17b -> 
  custom:video-decoder-webm-vp8: 9c59270c3fd7afecdb556c50c9e8de78 -> 
  custom:SearchIndexIgnoredProperties: e643bd26f0fe6173181afceb89e7c659 -> 
  custom:AudioImporter_EditorPlatform: d09bf68614088b80899f8185d706f6e7 -> 
  custom:video-encoder-webm-vp8: eb34c28f22e8b96e1ab97ce403110664 -> 
  custom:audio-decoder-ogg-vorbis: bf7c407c2cedff20999df2af8eb42d56 -> 
  custom:audio-encoder-webm-vorbis: bf7c407c2cedff20999df2af8eb42d56 -> 
========================================================================
Received Prepare
Refreshing native plugins compatible for Editor in 6.67 ms, found 4 plugins.
Preloading 0 native plugins for Editor in 0.00 ms.
Unloading 56 Unused Serialized files (Serialized files now loaded: 0)
Unloading 3 unused Assets / (309.0 KB). Loaded Objects now: 6525.
Memory consumption went from 117.8 MB to 117.5 MB.
Total: 14.628700 ms (FindLiveObjects: 1.102100 ms CreateObjectMapping: 0.900900 ms MarkObjects: 12.443900 ms  DeleteObjects: 0.180300 ms)

Prepare: number of updated asset objects reloaded= 0
AssetImportParameters requested are different than current active one (requested -> active):
  custom:container-demuxer-ogg: 62fdf1f143b41e24485cea50d1cbac27 -> 
  custom:video-decoder-ogg-theora: a1e56fd34408186e4bbccfd4996cb3dc -> 
  custom:framework-win-MediaFoundation: 216162199b28c13a410421893ffa2e32 -> 
  custom:CustomObjectIndexerAttribute: 72b91833f83ae208fae7752999fa3104 -> 
  custom:container-demuxer-webm: 4f35f7cbe854078d1ac9338744f61a02 -> 
  custom:container-muxer-webm: aa71ff27fc2769a1b78a27578f13a17b -> 
  custom:video-decoder-webm-vp8: 9c59270c3fd7afecdb556c50c9e8de78 -> 
  custom:SearchIndexIgnoredProperties: e643bd26f0fe6173181afceb89e7c659 -> 
  custom:AudioImporter_EditorPlatform: d09bf68614088b80899f8185d706f6e7 -> 
  custom:video-encoder-webm-vp8: eb34c28f22e8b96e1ab97ce403110664 -> 
  custom:audio-decoder-ogg-vorbis: bf7c407c2cedff20999df2af8eb42d56 -> 
  custom:audio-encoder-webm-vorbis: bf7c407c2cedff20999df2af8eb42d56 -> 
