Using pre-set license
Built from '2020.3/staging' branch; Version is '2020.3.13f1 (71691879b7f5) revision 7432472'; Using compiler version '192528614'; Build Type 'Release'
OS: 'Windows 10 Enterprise; OS build 19043.1237; Version 2009; 64bit' Language: 'en' Physical Memory: 65237 MB
BatchMode: 1, IsHumanControllingUs: 0, StartBugReporterOnCrash: 0, Is64bit: 1, IsPro: 0

 COMMAND LINE ARGUMENTS:
C:\Program Files\Unity\Hub\Editor\2020.3.13f1\Editor\Unity.exe
-adb2
-batchMode
-noUpm
-name
AssetImportWorker0
-projectPath
D:/2021/Penda/Unity Work/GAM2002/05 ProcGen
-logFile
Logs/AssetImportWorker0.log
-srvPort
58263
Successfully changed project path to: D:/2021/Penda/Unity Work/GAM2002/05 ProcGen
D:/2021/Penda/Unity Work/GAM2002/05 ProcGen
Using Asset Import Pipeline V2.
Refreshing native plugins compatible for Editor in 43.04 ms, found 2 plugins.
Preloading 0 native plugins for Editor in 0.00 ms.
Initialize engine version: 2020.3.13f1 (71691879b7f5)
[Subsystems] Discovering subsystems at path C:/Program Files/Unity/Hub/Editor/2020.3.13f1/Editor/Data/Resources/UnitySubsystems
[Subsystems] Discovering subsystems at path D:/2021/Penda/Unity Work/GAM2002/05 ProcGen/Assets
GfxDevice: creating device client; threaded=0
Direct3D:
    Version:  Direct3D 11.0 [level 11.1]
    Renderer: NVIDIA GeForce GTX 1080 Ti (ID=0x1b06)
    Vendor:   
    VRAM:     11127 MB
    Driver:   30.0.14.7168
Initialize mono
Mono path[0] = 'C:/Program Files/Unity/Hub/Editor/2020.3.13f1/Editor/Data/Managed'
Mono path[1] = 'C:/Program Files/Unity/Hub/Editor/2020.3.13f1/Editor/Data/MonoBleedingEdge/lib/mono/unityjit'
Mono config path = 'C:/Program Files/Unity/Hub/Editor/2020.3.13f1/Editor/Data/MonoBleedingEdge/etc'
Using monoOptions --debugger-agent=transport=dt_socket,embedding=1,server=y,suspend=n,address=127.0.0.1:56980
Begin MonoManager ReloadAssembly
Registering precompiled unity dll's ...
Register platform support module: C:/Program Files/Unity/Hub/Editor/2020.3.13f1/Editor/Data/PlaybackEngines/WindowsStandaloneSupport/UnityEditor.WindowsStandalone.Extensions.dll
Registered in 0.001261 seconds.
Native extension for WindowsStandalone target not found
Refreshing native plugins compatible for Editor in 37.92 ms, found 2 plugins.
Preloading 0 native plugins for Editor in 0.00 ms.
Mono: successfully reloaded assembly
- Completed reload, in  1.745 seconds
Platform modules already initialized, skipping
Registering precompiled user dll's ...
Registered in 0.004645 seconds.
Begin MonoManager ReloadAssembly
Native extension for WindowsStandalone target not found
Refreshing native plugins compatible for Editor in 1.08 ms, found 2 plugins.
Preloading 0 native plugins for Editor in 0.00 ms.
Mono: successfully reloaded assembly
- Completed reload, in  1.242 seconds
Platform modules already initialized, skipping
========================================================================
Worker process is ready to serve import requests
Launched and connected shader compiler UnityShaderCompiler.exe after 0.07 seconds
Refreshing native plugins compatible for Editor in 0.71 ms, found 2 plugins.
Preloading 0 native plugins for Editor in 0.00 ms.
Unloading 2134 Unused Serialized files (Serialized files now loaded: 0)
System memory in use before: 85.9 MB.
System memory in use after: 86.0 MB.

Unloading 62 unused Assets to reduce memory usage. Loaded Objects now: 2533.
Total: 8.585000 ms (FindLiveObjects: 0.322400 ms CreateObjectMapping: 0.133400 ms MarkObjects: 8.048900 ms  DeleteObjects: 0.078800 ms)

AssetImportParameters requested are different than current active one (requested -> active):
  custom:framework-win-MediaFoundation: 216162199b28c13a410421893ffa2e32 -> 
  custom:video-decoder-ogg-theora: a1e56fd34408186e4bbccfd4996cb3dc -> 
  custom:container-muxer-webm: aa71ff27fc2769a1b78a27578f13a17b -> 
  custom:container-demuxer-webm: 4f35f7cbe854078d1ac9338744f61a02 -> 
  custom:container-demuxer-ogg: 62fdf1f143b41e24485cea50d1cbac27 -> 
  custom:video-encoder-webm-vp8: eb34c28f22e8b96e1ab97ce403110664 -> 
  custom:video-decoder-webm-vp8: 9c59270c3fd7afecdb556c50c9e8de78 -> 
  custom:audio-decoder-ogg-vorbis: bf7c407c2cedff20999df2af8eb42d56 -> 
  custom:audio-encoder-webm-vorbis: bf7c407c2cedff20999df2af8eb42d56 -> 
========================================================================
Received Import Request.
  path: Assets/Prefabs/TD_RPG_PC.prefab
  artifactKey: Guid(494bdefa8054fdf4291303e8f6183a25) Importer(815301076,1909f56bfc062723c751e8b465ee728b)
Start importing Assets/Prefabs/TD_RPG_PC.prefab using Guid(494bdefa8054fdf4291303e8f6183a25) Importer(815301076,1909f56bfc062723c751e8b465ee728b)  -> (artifact id: 'dd6acd6d2859ce15286d3b5d9c14fd33') in 0.134889 seconds 
  Import took 0.138765 seconds .

========================================================================
Received Import Request.
  Time since last request: 0.000400 seconds.
  path: Assets/Prefabs/MapChunk_BottomEdge.prefab
  artifactKey: Guid(91044ef575b18504b8f65c09b57dfb7c) Importer(815301076,1909f56bfc062723c751e8b465ee728b)
Start importing Assets/Prefabs/MapChunk_BottomEdge.prefab using Guid(91044ef575b18504b8f65c09b57dfb7c) Importer(815301076,1909f56bfc062723c751e8b465ee728b)  -> (artifact id: '3cd6cc69b40b1ec552506712f4530ad6') in 0.024889 seconds 
  Import took 0.028602 seconds .

========================================================================
Received Import Request.
  Time since last request: 0.000258 seconds.
  path: Assets/Prefabs/Wall.prefab
  artifactKey: Guid(a5535cd522822b84cb2b8021f00e30d3) Importer(815301076,1909f56bfc062723c751e8b465ee728b)
Start importing Assets/Prefabs/Wall.prefab using Guid(a5535cd522822b84cb2b8021f00e30d3) Importer(815301076,1909f56bfc062723c751e8b465ee728b)  -> (artifact id: 'f7d9ef82b2027d9a6ef9842b785e4168') in 0.011640 seconds 
  Import took 0.015028 seconds .

========================================================================
Received Import Request.
  Time since last request: 0.000199 seconds.
  path: Assets/Prefabs/MapChunk_CrossCorridors.prefab
  artifactKey: Guid(c38ec6fa9a95c874295b2541535aac09) Importer(815301076,1909f56bfc062723c751e8b465ee728b)
Start importing Assets/Prefabs/MapChunk_CrossCorridors.prefab using Guid(c38ec6fa9a95c874295b2541535aac09) Importer(815301076,1909f56bfc062723c751e8b465ee728b)  -> (artifact id: '5928ac30a1fc4d875a2da30368aecc3f') in 0.013692 seconds 
  Import took 0.017512 seconds .

========================================================================
Received Import Request.
  Time since last request: 0.000209 seconds.
  path: Assets/Prefabs/MapChunk_TopLeftCorner.prefab
  artifactKey: Guid(3d52ed434b3df3c458b109392410b6b7) Importer(815301076,1909f56bfc062723c751e8b465ee728b)
Start importing Assets/Prefabs/MapChunk_TopLeftCorner.prefab using Guid(3d52ed434b3df3c458b109392410b6b7) Importer(815301076,1909f56bfc062723c751e8b465ee728b)  -> (artifact id: '4a21a233394939f37df17031a04b0100') in 0.013534 seconds 
  Import took 0.019946 seconds .

========================================================================
Received Import Request.
  Time since last request: 0.000215 seconds.
  path: Assets/Prefabs/MapChunk_TopEdge.prefab
  artifactKey: Guid(ae9bd4a355bb5974eba1252d1275613e) Importer(815301076,1909f56bfc062723c751e8b465ee728b)
Start importing Assets/Prefabs/MapChunk_TopEdge.prefab using Guid(ae9bd4a355bb5974eba1252d1275613e) Importer(815301076,1909f56bfc062723c751e8b465ee728b)  -> (artifact id: '1aa30862016b383ab5a9c70e66d2b049') in 0.011534 seconds 
  Import took 0.015238 seconds .

========================================================================
Received Import Request.
  Time since last request: 0.000154 seconds.
  path: Assets/Prefabs/TroubleSpawn.prefab
  artifactKey: Guid(749ca6b06ebc3c54c8ea889a244b18ec) Importer(815301076,1909f56bfc062723c751e8b465ee728b)
Start importing Assets/Prefabs/TroubleSpawn.prefab using Guid(749ca6b06ebc3c54c8ea889a244b18ec) Importer(815301076,1909f56bfc062723c751e8b465ee728b)  -> (artifact id: '639e6475de70e08b836610a60935a775') in 0.009651 seconds 
  Import took 0.015541 seconds .

========================================================================
Received Import Request.
  Time since last request: 0.000216 seconds.
  path: Assets/Prefabs/MapChunk_BottomRightCorner.prefab
  artifactKey: Guid(7be339153c9200f44b514b432ed5766c) Importer(815301076,1909f56bfc062723c751e8b465ee728b)
Start importing Assets/Prefabs/MapChunk_BottomRightCorner.prefab using Guid(7be339153c9200f44b514b432ed5766c) Importer(815301076,1909f56bfc062723c751e8b465ee728b)  -> (artifact id: '805d9e55c4355e74f54ba5a6abae2a74') in 0.012555 seconds 
  Import took 0.017171 seconds .

========================================================================
Received Import Request.
  Time since last request: 0.000190 seconds.
  path: Assets/Prefabs/InteractableSpawn.prefab
  artifactKey: Guid(24da685f40004d04282b3050d3f79f61) Importer(815301076,1909f56bfc062723c751e8b465ee728b)
Start importing Assets/Prefabs/InteractableSpawn.prefab using Guid(24da685f40004d04282b3050d3f79f61) Importer(815301076,1909f56bfc062723c751e8b465ee728b)  -> (artifact id: 'dddff54b25a3c9d69a7b38aec64cdd67') in 0.012469 seconds 
  Import took 0.016172 seconds .

========================================================================
Received Import Request.
  Time since last request: 0.000180 seconds.
  path: Assets/Prefabs/MapChunk_Base.prefab
  artifactKey: Guid(33e86c88875f5164bbd92660c4ec7325) Importer(815301076,1909f56bfc062723c751e8b465ee728b)
Start importing Assets/Prefabs/MapChunk_Base.prefab using Guid(33e86c88875f5164bbd92660c4ec7325) Importer(815301076,1909f56bfc062723c751e8b465ee728b)  -> (artifact id: '35a16bb89ed305db33400600161fdd0b') in 0.014643 seconds 
  Import took 0.018362 seconds .

========================================================================
Received Import Request.
  Time since last request: 0.000171 seconds.
  path: Assets/Prefabs/MapChunk_RightEdge.prefab
  artifactKey: Guid(f0d836b281c76e2498fd4b6a4b15dd3d) Importer(815301076,1909f56bfc062723c751e8b465ee728b)
Start importing Assets/Prefabs/MapChunk_RightEdge.prefab using Guid(f0d836b281c76e2498fd4b6a4b15dd3d) Importer(815301076,1909f56bfc062723c751e8b465ee728b)  -> (artifact id: 'b55a7178c2c60300ab475bddeba303f1') in 0.014505 seconds 
  Import took 0.020925 seconds .

========================================================================
Received Import Request.
  Time since last request: 0.000291 seconds.
  path: Assets/Prefabs/MapChunk_AllWalls.prefab
  artifactKey: Guid(c1aa9a5f62ab80c43b9ab3a099bd594a) Importer(815301076,1909f56bfc062723c751e8b465ee728b)
Start importing Assets/Prefabs/MapChunk_AllWalls.prefab using Guid(c1aa9a5f62ab80c43b9ab3a099bd594a) Importer(815301076,1909f56bfc062723c751e8b465ee728b)  -> (artifact id: '793afe71b11481f185e6e1d228df0901') in 0.017400 seconds 
  Import took 0.023065 seconds .

========================================================================
Received Import Request.
  Time since last request: 0.000255 seconds.
  path: Assets/Prefabs/MapChunk_LeftEdge.prefab
  artifactKey: Guid(b6d6ecebe58a9af47a1a76cb1b50b85d) Importer(815301076,1909f56bfc062723c751e8b465ee728b)
Start importing Assets/Prefabs/MapChunk_LeftEdge.prefab using Guid(b6d6ecebe58a9af47a1a76cb1b50b85d) Importer(815301076,1909f56bfc062723c751e8b465ee728b)  -> (artifact id: 'e0e864ef5e20863910cbd72fafe0011d') in 0.011469 seconds 
  Import took 0.015132 seconds .

========================================================================
Received Import Request.
  Time since last request: 0.000197 seconds.
  path: Assets/Prefabs/MapChunk_TopRightCorner.prefab
  artifactKey: Guid(b37ddae2f5849b24fa3412065d7816ea) Importer(815301076,1909f56bfc062723c751e8b465ee728b)
Start importing Assets/Prefabs/MapChunk_TopRightCorner.prefab using Guid(b37ddae2f5849b24fa3412065d7816ea) Importer(815301076,1909f56bfc062723c751e8b465ee728b)  -> (artifact id: 'b9c0b226aafdcbd592220e6b141d50a2') in 0.017111 seconds 
  Import took 0.023571 seconds .

========================================================================
Received Import Request.
  Time since last request: 0.000249 seconds.
  path: Assets/Prefabs/TD_RPG_NPC Variant.prefab
  artifactKey: Guid(bce81550aba0edd4fbb16e30d5b86765) Importer(815301076,1909f56bfc062723c751e8b465ee728b)
Start importing Assets/Prefabs/TD_RPG_NPC Variant.prefab using Guid(bce81550aba0edd4fbb16e30d5b86765) Importer(815301076,1909f56bfc062723c751e8b465ee728b)  -> (artifact id: 'f8907fe614d08c899c79a1f38fff7207') in 0.016077 seconds 
  Import took 0.019680 seconds .

========================================================================
Received Import Request.
  Time since last request: 0.000182 seconds.
  path: Assets/Prefabs/MapChunk_BottomLeftCorner.prefab
  artifactKey: Guid(521fd5df9b4073c4da087c8b1734016a) Importer(815301076,1909f56bfc062723c751e8b465ee728b)
Start importing Assets/Prefabs/MapChunk_BottomLeftCorner.prefab using Guid(521fd5df9b4073c4da087c8b1734016a) Importer(815301076,1909f56bfc062723c751e8b465ee728b)  -> (artifact id: '5e536f6b760e8bd18ac8ae8ddf4eacd7') in 0.017143 seconds 
  Import took 0.023698 seconds .

========================================================================
Received Import Request.
  Time since last request: 0.000226 seconds.
  path: Assets/Prefabs/Cha_Spawn.prefab
  artifactKey: Guid(afcdb82655356a945a28216b8e10ee4e) Importer(815301076,1909f56bfc062723c751e8b465ee728b)
Start importing Assets/Prefabs/Cha_Spawn.prefab using Guid(afcdb82655356a945a28216b8e10ee4e) Importer(815301076,1909f56bfc062723c751e8b465ee728b)  -> (artifact id: '5603db16fed0da665e1f346f55644aae') in 0.015364 seconds 
  Import took 0.021256 seconds .

========================================================================
Received Import Request.
  Time since last request: 3.990377 seconds.
  path: Assets/Scenes/TopDown01.unity
  artifactKey: Guid(9074715629f67894c8db092aa3b94bd0) Importer(815301076,1909f56bfc062723c751e8b465ee728b)
Start importing Assets/Scenes/TopDown01.unity using Guid(9074715629f67894c8db092aa3b94bd0) Importer(815301076,1909f56bfc062723c751e8b465ee728b)  -> (artifact id: 'becfbe82f7014223b45a2e674a169e24') in 0.007050 seconds 
  Import took 0.011749 seconds .

========================================================================
Received Import Request.
  Time since last request: 1.231308 seconds.
  path: Assets/Scenes/Rhythm Action.unity
  artifactKey: Guid(54a8dcf7a28cc2c4caa5d697978fd1d9) Importer(815301076,1909f56bfc062723c751e8b465ee728b)
Start importing Assets/Scenes/Rhythm Action.unity using Guid(54a8dcf7a28cc2c4caa5d697978fd1d9) Importer(815301076,1909f56bfc062723c751e8b465ee728b)  -> (artifact id: 'b118438de2aa6da78633f9084aa80345') in 0.006832 seconds 
  Import took 0.011260 seconds .

========================================================================
Received Prepare
Registering precompiled user dll's ...
Registered in 0.004362 seconds.
Begin MonoManager ReloadAssembly
Native extension for WindowsStandalone target not found
Refreshing native plugins compatible for Editor in 0.76 ms, found 2 plugins.
Preloading 0 native plugins for Editor in 0.00 ms.
Mono: successfully reloaded assembly
- Completed reload, in  1.129 seconds
Platform modules already initialized, skipping
Refreshing native plugins compatible for Editor in 1.31 ms, found 2 plugins.
Preloading 0 native plugins for Editor in 0.00 ms.
Unloading 2128 Unused Serialized files (Serialized files now loaded: 0)
System memory in use before: 88.9 MB.
System memory in use after: 89.0 MB.

Unloading 53 unused Assets to reduce memory usage. Loaded Objects now: 2543.
Total: 15.131400 ms (FindLiveObjects: 0.405700 ms CreateObjectMapping: 0.162600 ms MarkObjects: 14.482700 ms  DeleteObjects: 0.078000 ms)

AssetImportParameters requested are different than current active one (requested -> active):
  custom:framework-win-MediaFoundation: 216162199b28c13a410421893ffa2e32 -> 
  custom:video-decoder-ogg-theora: a1e56fd34408186e4bbccfd4996cb3dc -> 
  custom:container-muxer-webm: aa71ff27fc2769a1b78a27578f13a17b -> 
  custom:container-demuxer-webm: 4f35f7cbe854078d1ac9338744f61a02 -> 
  custom:container-demuxer-ogg: 62fdf1f143b41e24485cea50d1cbac27 -> 
  custom:video-encoder-webm-vp8: eb34c28f22e8b96e1ab97ce403110664 -> 
  custom:video-decoder-webm-vp8: 9c59270c3fd7afecdb556c50c9e8de78 -> 
  custom:audio-decoder-ogg-vorbis: bf7c407c2cedff20999df2af8eb42d56 -> 
  custom:audio-encoder-webm-vorbis: bf7c407c2cedff20999df2af8eb42d56 -> 
========================================================================
Received Import Request.
  Time since last request: 53.245613 seconds.
  path: Assets/Scenes/TouchInst.unity
  artifactKey: Guid(2380b43af23cca94ca7c8cf61964c23a) Importer(815301076,1909f56bfc062723c751e8b465ee728b)
Start importing Assets/Scenes/TouchInst.unity using Guid(2380b43af23cca94ca7c8cf61964c23a) Importer(815301076,1909f56bfc062723c751e8b465ee728b)  -> (artifact id: 'aac8f33837cbb0549a3a3fa685b589ae') in 0.018984 seconds 
  Import took 0.022914 seconds .

========================================================================
Received Prepare
Registering precompiled user dll's ...
Registered in 0.004418 seconds.
Begin MonoManager ReloadAssembly
Native extension for WindowsStandalone target not found
Refreshing native plugins compatible for Editor in 0.76 ms, found 2 plugins.
Preloading 0 native plugins for Editor in 0.00 ms.
Mono: successfully reloaded assembly
- Completed reload, in  1.060 seconds
Platform modules already initialized, skipping
Refreshing native plugins compatible for Editor in 1.53 ms, found 2 plugins.
Preloading 0 native plugins for Editor in 0.00 ms.
Unloading 2128 Unused Serialized files (Serialized files now loaded: 0)
System memory in use before: 88.9 MB.
System memory in use after: 89.1 MB.

Unloading 53 unused Assets to reduce memory usage. Loaded Objects now: 2546.
Total: 7.113500 ms (FindLiveObjects: 0.406700 ms CreateObjectMapping: 0.223300 ms MarkObjects: 6.446600 ms  DeleteObjects: 0.034900 ms)

AssetImportParameters requested are different than current active one (requested -> active):
  custom:framework-win-MediaFoundation: 216162199b28c13a410421893ffa2e32 -> 
  custom:video-decoder-ogg-theora: a1e56fd34408186e4bbccfd4996cb3dc -> 
  custom:container-muxer-webm: aa71ff27fc2769a1b78a27578f13a17b -> 
  custom:container-demuxer-webm: 4f35f7cbe854078d1ac9338744f61a02 -> 
  custom:container-demuxer-ogg: 62fdf1f143b41e24485cea50d1cbac27 -> 
  custom:video-encoder-webm-vp8: eb34c28f22e8b96e1ab97ce403110664 -> 
  custom:video-decoder-webm-vp8: 9c59270c3fd7afecdb556c50c9e8de78 -> 
  custom:audio-decoder-ogg-vorbis: bf7c407c2cedff20999df2af8eb42d56 -> 
  custom:audio-encoder-webm-vorbis: bf7c407c2cedff20999df2af8eb42d56 -> 
========================================================================
Received Import Request.
  Time since last request: 219.928244 seconds.
  path: Assets/MDXGames_Textures/icon-ios7-circle-outline-128.png
  artifactKey: Guid(f17861dc8e94e2048bb7328fcab1247a) Importer(815301076,1909f56bfc062723c751e8b465ee728b)
Start importing Assets/MDXGames_Textures/icon-ios7-circle-outline-128.png using Guid(f17861dc8e94e2048bb7328fcab1247a) Importer(815301076,1909f56bfc062723c751e8b465ee728b)  -> (artifact id: '9426056fcc3d7116dda0e4e0eac3105c') in 0.208468 seconds 
  Import took 0.213316 seconds .

========================================================================
Received Import Request.
  Time since last request: 1.639216 seconds.
  path: Assets/MDXGames_Textures/Circles
  artifactKey: Guid(1037740aa4fb6c545b793d82ea669950) Importer(815301076,1909f56bfc062723c751e8b465ee728b)
Start importing Assets/MDXGames_Textures/Circles using Guid(1037740aa4fb6c545b793d82ea669950) Importer(815301076,1909f56bfc062723c751e8b465ee728b)  -> (artifact id: 'fb7c8b822ac6c6da761a9dcf4716b65a') in 0.006544 seconds 
  Import took 0.010700 seconds .

========================================================================
Received Import Request.
  Time since last request: 0.064699 seconds.
  path: Assets/MDXGames_Textures/Circles/Circle_Blue.png
  artifactKey: Guid(42aa25202d70af54b87be1da7d02f7d9) Importer(815301076,1909f56bfc062723c751e8b465ee728b)
Start importing Assets/MDXGames_Textures/Circles/Circle_Blue.png using Guid(42aa25202d70af54b87be1da7d02f7d9) Importer(815301076,1909f56bfc062723c751e8b465ee728b)  -> (artifact id: 'fd978f7d5ea601f55bbcc8ec1acfee40') in 0.020911 seconds 
  Import took 0.024671 seconds .

========================================================================
Received Import Request.
  Time since last request: 0.000322 seconds.
  path: Assets/MDXGames_Textures/Circles/Circle_Grey.png
  artifactKey: Guid(43f76de75915fde4f954e50662d76522) Importer(815301076,1909f56bfc062723c751e8b465ee728b)
Start importing Assets/MDXGames_Textures/Circles/Circle_Grey.png using Guid(43f76de75915fde4f954e50662d76522) Importer(815301076,1909f56bfc062723c751e8b465ee728b)  -> (artifact id: 'e8b8e0f02aadc498ca2e453d83a1cf67') in 0.012492 seconds 
  Import took 0.016838 seconds .

========================================================================
Received Import Request.
  Time since last request: 0.000334 seconds.
  path: Assets/MDXGames_Textures/Circles/Circle_Purple.png
  artifactKey: Guid(3ed48a5c408cd024db780ef6ad9cffa3) Importer(815301076,1909f56bfc062723c751e8b465ee728b)
Start importing Assets/MDXGames_Textures/Circles/Circle_Purple.png using Guid(3ed48a5c408cd024db780ef6ad9cffa3) Importer(815301076,1909f56bfc062723c751e8b465ee728b)  -> (artifact id: '6d96ba0980392fe279966d0b3c94eeab') in 0.019253 seconds 
  Import took 0.023459 seconds .

========================================================================
Received Import Request.
  Time since last request: 0.000452 seconds.
  path: Assets/MDXGames_Textures/Circles/Circle_Green.png
  artifactKey: Guid(4609bef58f71c6a4f90694493eb095b0) Importer(815301076,1909f56bfc062723c751e8b465ee728b)
Start importing Assets/MDXGames_Textures/Circles/Circle_Green.png using Guid(4609bef58f71c6a4f90694493eb095b0) Importer(815301076,1909f56bfc062723c751e8b465ee728b)  -> (artifact id: '026544d29f23325a93d65e96d022130c') in 0.014459 seconds 
  Import took 0.017932 seconds .

========================================================================
Received Import Request.
  Time since last request: 0.000219 seconds.
  path: Assets/MDXGames_Textures/Circles/Circle_Yellow.png
  artifactKey: Guid(1c912768bbd77b844a4370378e21dedd) Importer(815301076,1909f56bfc062723c751e8b465ee728b)
Start importing Assets/MDXGames_Textures/Circles/Circle_Yellow.png using Guid(1c912768bbd77b844a4370378e21dedd) Importer(815301076,1909f56bfc062723c751e8b465ee728b)  -> (artifact id: '1511fe1c224c6ea2f5077bb41ba6b1ea') in 0.023348 seconds 
  Import took 0.026811 seconds .

========================================================================
Received Import Request.
  Time since last request: 0.000294 seconds.
  path: Assets/MDXGames_Textures/Circles/Circle_Green.png
  artifactKey: Guid(4609bef58f71c6a4f90694493eb095b0) Importer(815301076,1909f56bfc062723c751e8b465ee728b)
Start importing Assets/MDXGames_Textures/Circles/Circle_Green.png using Guid(4609bef58f71c6a4f90694493eb095b0) Importer(815301076,1909f56bfc062723c751e8b465ee728b)  -> (artifact id: '026544d29f23325a93d65e96d022130c') in 0.008105 seconds 
  Import took 0.011685 seconds .

========================================================================
Received Import Request.
  Time since last request: 0.000220 seconds.
  path: Assets/MDXGames_Textures/Circles/Circle_Red.png
  artifactKey: Guid(457e68d64c6020c4fb9efee91a25b378) Importer(815301076,1909f56bfc062723c751e8b465ee728b)
Start importing Assets/MDXGames_Textures/Circles/Circle_Red.png using Guid(457e68d64c6020c4fb9efee91a25b378) Importer(815301076,1909f56bfc062723c751e8b465ee728b)  -> (artifact id: '33011ab8156dfff27ded16b144f3bf60') in 0.017551 seconds 
  Import took 0.021075 seconds .

========================================================================
Received Import Request.
  Time since last request: 135.295261 seconds.
  path: Assets/Scripts
  artifactKey: Guid(7dffa3d48c4def44180a3dadc972460a) Importer(815301076,1909f56bfc062723c751e8b465ee728b)
Start importing Assets/Scripts using Guid(7dffa3d48c4def44180a3dadc972460a) Importer(815301076,1909f56bfc062723c751e8b465ee728b)  -> (artifact id: '7de30ff96a84a9c2c1093177818cb83c') in 0.013443 seconds 
  Import took 0.021594 seconds .

========================================================================
Received Prepare
Registering precompiled user dll's ...
Registered in 0.009664 seconds.
Begin MonoManager ReloadAssembly
Native extension for WindowsStandalone target not found
Refreshing native plugins compatible for Editor in 0.77 ms, found 2 plugins.
Preloading 0 native plugins for Editor in 0.00 ms.
Mono: successfully reloaded assembly
- Completed reload, in  1.127 seconds
Platform modules already initialized, skipping
Refreshing native plugins compatible for Editor in 0.72 ms, found 2 plugins.
Preloading 0 native plugins for Editor in 0.00 ms.
Unloading 2128 Unused Serialized files (Serialized files now loaded: 0)
System memory in use before: 89.0 MB.
System memory in use after: 89.1 MB.

Unloading 53 unused Assets to reduce memory usage. Loaded Objects now: 2554.
Total: 11.698700 ms (FindLiveObjects: 0.264800 ms CreateObjectMapping: 0.122900 ms MarkObjects: 11.279700 ms  DeleteObjects: 0.030200 ms)

AssetImportParameters requested are different than current active one (requested -> active):
  custom:framework-win-MediaFoundation: 216162199b28c13a410421893ffa2e32 -> 
  custom:video-decoder-ogg-theora: a1e56fd34408186e4bbccfd4996cb3dc -> 
  custom:container-muxer-webm: aa71ff27fc2769a1b78a27578f13a17b -> 
  custom:container-demuxer-webm: 4f35f7cbe854078d1ac9338744f61a02 -> 
  custom:container-demuxer-ogg: 62fdf1f143b41e24485cea50d1cbac27 -> 
  custom:video-encoder-webm-vp8: eb34c28f22e8b96e1ab97ce403110664 -> 
  custom:video-decoder-webm-vp8: 9c59270c3fd7afecdb556c50c9e8de78 -> 
  custom:audio-decoder-ogg-vorbis: bf7c407c2cedff20999df2af8eb42d56 -> 
  custom:audio-encoder-webm-vorbis: bf7c407c2cedff20999df2af8eb42d56 -> 
========================================================================
Received Import Request.
  Time since last request: 11.543828 seconds.
  path: Assets/Scripts/Rhythm
  artifactKey: Guid(0fabdb01a51068f40aa67601809c8562) Importer(815301076,1909f56bfc062723c751e8b465ee728b)
Start importing Assets/Scripts/Rhythm using Guid(0fabdb01a51068f40aa67601809c8562) Importer(815301076,1909f56bfc062723c751e8b465ee728b)  -> (artifact id: '650a9036b969a9cb457474fd2071d84c') in 0.014292 seconds 
  Import took 0.017448 seconds .

========================================================================
Received Import Request.
  Time since last request: 11.673816 seconds.
  path: Assets/Scripts/Rhythm/BlipMove.cs
  artifactKey: Guid(94792a8e63e96ed4ca38ea61e134b2ea) Importer(815301076,1909f56bfc062723c751e8b465ee728b)
Start importing Assets/Scripts/Rhythm/BlipMove.cs using Guid(94792a8e63e96ed4ca38ea61e134b2ea) Importer(815301076,1909f56bfc062723c751e8b465ee728b)  -> (artifact id: '781df19db4321ddb3f0e9ac570df5103') in 0.087146 seconds 
  Import took 0.095672 seconds .

========================================================================
Received Import Request.
  Time since last request: 0.007942 seconds.
  path: Assets/Scripts/Rhythm/BlipMove.cs
  artifactKey: Guid(94792a8e63e96ed4ca38ea61e134b2ea) Importer(815301076,1909f56bfc062723c751e8b465ee728b)
Start importing Assets/Scripts/Rhythm/BlipMove.cs using Guid(94792a8e63e96ed4ca38ea61e134b2ea) Importer(815301076,1909f56bfc062723c751e8b465ee728b)  -> (artifact id: '781df19db4321ddb3f0e9ac570df5103') in 0.002650 seconds 
  Import took 0.010039 seconds .

========================================================================
Received Prepare
Registering precompiled user dll's ...
Registered in 0.004457 seconds.
Begin MonoManager ReloadAssembly
Native extension for WindowsStandalone target not found
Refreshing native plugins compatible for Editor in 0.76 ms, found 2 plugins.
Preloading 0 native plugins for Editor in 0.00 ms.
Mono: successfully reloaded assembly
- Completed reload, in  1.146 seconds
Platform modules already initialized, skipping
Refreshing native plugins compatible for Editor in 0.81 ms, found 2 plugins.
Preloading 0 native plugins for Editor in 0.00 ms.
Unloading 2129 Unused Serialized files (Serialized files now loaded: 0)
System memory in use before: 89.0 MB.
System memory in use after: 89.1 MB.

Unloading 53 unused Assets to reduce memory usage. Loaded Objects now: 2558.
Total: 6.193500 ms (FindLiveObjects: 0.265900 ms CreateObjectMapping: 0.055900 ms MarkObjects: 5.826300 ms  DeleteObjects: 0.044100 ms)

AssetImportParameters requested are different than current active one (requested -> active):
  custom:framework-win-MediaFoundation: 216162199b28c13a410421893ffa2e32 -> 
  custom:video-decoder-ogg-theora: a1e56fd34408186e4bbccfd4996cb3dc -> 
  custom:container-muxer-webm: aa71ff27fc2769a1b78a27578f13a17b -> 
  custom:container-demuxer-webm: 4f35f7cbe854078d1ac9338744f61a02 -> 
  custom:container-demuxer-ogg: 62fdf1f143b41e24485cea50d1cbac27 -> 
  custom:video-encoder-webm-vp8: eb34c28f22e8b96e1ab97ce403110664 -> 
  custom:video-decoder-webm-vp8: 9c59270c3fd7afecdb556c50c9e8de78 -> 
  custom:audio-decoder-ogg-vorbis: bf7c407c2cedff20999df2af8eb42d56 -> 
  custom:audio-encoder-webm-vorbis: bf7c407c2cedff20999df2af8eb42d56 -> 
========================================================================
Received Prepare
Registering precompiled user dll's ...
Registered in 0.004476 seconds.
Begin MonoManager ReloadAssembly
Native extension for WindowsStandalone target not found
Refreshing native plugins compatible for Editor in 0.75 ms, found 2 plugins.
Preloading 0 native plugins for Editor in 0.00 ms.
Mono: successfully reloaded assembly
- Completed reload, in  1.209 seconds
Platform modules already initialized, skipping
Refreshing native plugins compatible for Editor in 1.65 ms, found 2 plugins.
Preloading 0 native plugins for Editor in 0.00 ms.
Unloading 2129 Unused Serialized files (Serialized files now loaded: 0)
System memory in use before: 89.0 MB.
System memory in use after: 89.1 MB.

Unloading 53 unused Assets to reduce memory usage. Loaded Objects now: 2561.
Total: 6.101200 ms (FindLiveObjects: 0.416000 ms CreateObjectMapping: 0.220900 ms MarkObjects: 5.434100 ms  DeleteObjects: 0.028500 ms)

AssetImportParameters requested are different than current active one (requested -> active):
  custom:framework-win-MediaFoundation: 216162199b28c13a410421893ffa2e32 -> 
  custom:video-decoder-ogg-theora: a1e56fd34408186e4bbccfd4996cb3dc -> 
  custom:container-muxer-webm: aa71ff27fc2769a1b78a27578f13a17b -> 
  custom:container-demuxer-webm: 4f35f7cbe854078d1ac9338744f61a02 -> 
  custom:container-demuxer-ogg: 62fdf1f143b41e24485cea50d1cbac27 -> 
  custom:video-encoder-webm-vp8: eb34c28f22e8b96e1ab97ce403110664 -> 
  custom:video-decoder-webm-vp8: 9c59270c3fd7afecdb556c50c9e8de78 -> 
  custom:audio-decoder-ogg-vorbis: bf7c407c2cedff20999df2af8eb42d56 -> 
  custom:audio-encoder-webm-vorbis: bf7c407c2cedff20999df2af8eb42d56 -> 
========================================================================
Received Prepare
Registering precompiled user dll's ...
Registered in 0.004606 seconds.
Begin MonoManager ReloadAssembly
Native extension for WindowsStandalone target not found
Refreshing native plugins compatible for Editor in 0.75 ms, found 2 plugins.
Preloading 0 native plugins for Editor in 0.00 ms.
Mono: successfully reloaded assembly
- Completed reload, in  1.217 seconds
Platform modules already initialized, skipping
Refreshing native plugins compatible for Editor in 0.74 ms, found 2 plugins.
Preloading 0 native plugins for Editor in 0.00 ms.
Unloading 2129 Unused Serialized files (Serialized files now loaded: 0)
System memory in use before: 89.0 MB.
System memory in use after: 89.2 MB.

Unloading 53 unused Assets to reduce memory usage. Loaded Objects now: 2564.
Total: 12.753500 ms (FindLiveObjects: 0.419400 ms CreateObjectMapping: 0.206700 ms MarkObjects: 12.054200 ms  DeleteObjects: 0.070100 ms)

AssetImportParameters requested are different than current active one (requested -> active):
  custom:framework-win-MediaFoundation: 216162199b28c13a410421893ffa2e32 -> 
  custom:video-decoder-ogg-theora: a1e56fd34408186e4bbccfd4996cb3dc -> 
  custom:container-muxer-webm: aa71ff27fc2769a1b78a27578f13a17b -> 
  custom:container-demuxer-webm: 4f35f7cbe854078d1ac9338744f61a02 -> 
  custom:container-demuxer-ogg: 62fdf1f143b41e24485cea50d1cbac27 -> 
  custom:video-encoder-webm-vp8: eb34c28f22e8b96e1ab97ce403110664 -> 
  custom:video-decoder-webm-vp8: 9c59270c3fd7afecdb556c50c9e8de78 -> 
  custom:audio-decoder-ogg-vorbis: bf7c407c2cedff20999df2af8eb42d56 -> 
  custom:audio-encoder-webm-vorbis: bf7c407c2cedff20999df2af8eb42d56 -> 
========================================================================
Received Prepare
Registering precompiled user dll's ...
Registered in 0.004698 seconds.
Begin MonoManager ReloadAssembly
Native extension for WindowsStandalone target not found
Refreshing native plugins compatible for Editor in 0.77 ms, found 2 plugins.
Preloading 0 native plugins for Editor in 0.00 ms.
Mono: successfully reloaded assembly
- Completed reload, in  1.213 seconds
Platform modules already initialized, skipping
Refreshing native plugins compatible for Editor in 0.76 ms, found 2 plugins.
Preloading 0 native plugins for Editor in 0.00 ms.
Unloading 2129 Unused Serialized files (Serialized files now loaded: 0)
System memory in use before: 89.0 MB.
System memory in use after: 89.2 MB.

Unloading 53 unused Assets to reduce memory usage. Loaded Objects now: 2567.
Total: 7.189000 ms (FindLiveObjects: 0.300500 ms CreateObjectMapping: 0.093000 ms MarkObjects: 6.760300 ms  DeleteObjects: 0.034300 ms)

AssetImportParameters requested are different than current active one (requested -> active):
  custom:framework-win-MediaFoundation: 216162199b28c13a410421893ffa2e32 -> 
  custom:video-decoder-ogg-theora: a1e56fd34408186e4bbccfd4996cb3dc -> 
  custom:container-muxer-webm: aa71ff27fc2769a1b78a27578f13a17b -> 
  custom:container-demuxer-webm: 4f35f7cbe854078d1ac9338744f61a02 -> 
  custom:container-demuxer-ogg: 62fdf1f143b41e24485cea50d1cbac27 -> 
  custom:video-encoder-webm-vp8: eb34c28f22e8b96e1ab97ce403110664 -> 
  custom:video-decoder-webm-vp8: 9c59270c3fd7afecdb556c50c9e8de78 -> 
  custom:audio-decoder-ogg-vorbis: bf7c407c2cedff20999df2af8eb42d56 -> 
  custom:audio-encoder-webm-vorbis: bf7c407c2cedff20999df2af8eb42d56 -> 
