Using pre-set license
Built from '2020.3/staging' branch; Version is '2020.3.13f1 (71691879b7f5) revision 7432472'; Using compiler version '192528614'; Build Type 'Release'
OS: 'Windows 10 Enterprise; OS build 19043.1348; Version 2009; 64bit' Language: 'en' Physical Memory: 65237 MB
BatchMode: 1, IsHumanControllingUs: 0, StartBugReporterOnCrash: 0, Is64bit: 1, IsPro: 0

 COMMAND LINE ARGUMENTS:
C:\Program Files\Unity\Hub\Editor\2020.3.13f1\Editor\Unity.exe
-adb2
-batchMode
-noUpm
-name
AssetImportWorker0
-projectPath
D:/2021/Penda/Unity Work/GAM2002/03 Present
-logFile
Logs/AssetImportWorker0.log
-srvPort
54969
Successfully changed project path to: D:/2021/Penda/Unity Work/GAM2002/03 Present
D:/2021/Penda/Unity Work/GAM2002/03 Present
Using Asset Import Pipeline V2.
Refreshing native plugins compatible for Editor in 48.77 ms, found 2 plugins.
Preloading 0 native plugins for Editor in 0.00 ms.
Initialize engine version: 2020.3.13f1 (71691879b7f5)
[Subsystems] Discovering subsystems at path C:/Program Files/Unity/Hub/Editor/2020.3.13f1/Editor/Data/Resources/UnitySubsystems
[Subsystems] Discovering subsystems at path D:/2021/Penda/Unity Work/GAM2002/03 Present/Assets
GfxDevice: creating device client; threaded=0
Direct3D:
    Version:  Direct3D 11.0 [level 11.1]
    Renderer: NVIDIA GeForce GTX 1080 Ti (ID=0x1b06)
    Vendor:   
    VRAM:     11127 MB
    Driver:   30.0.14.7168
Initialize mono
Mono path[0] = 'C:/Program Files/Unity/Hub/Editor/2020.3.13f1/Editor/Data/Managed'
Mono path[1] = 'C:/Program Files/Unity/Hub/Editor/2020.3.13f1/Editor/Data/MonoBleedingEdge/lib/mono/unityjit'
Mono config path = 'C:/Program Files/Unity/Hub/Editor/2020.3.13f1/Editor/Data/MonoBleedingEdge/etc'
Using monoOptions --debugger-agent=transport=dt_socket,embedding=1,server=y,suspend=n,address=127.0.0.1:56052
Begin MonoManager ReloadAssembly
Registering precompiled unity dll's ...
Register platform support module: C:/Program Files/Unity/Hub/Editor/2020.3.13f1/Editor/Data/PlaybackEngines/WindowsStandaloneSupport/UnityEditor.WindowsStandalone.Extensions.dll
Registered in 0.001845 seconds.
Native extension for WindowsStandalone target not found
Refreshing native plugins compatible for Editor in 80.50 ms, found 2 plugins.
Preloading 0 native plugins for Editor in 0.00 ms.
Mono: successfully reloaded assembly
- Completed reload, in  2.168 seconds
Platform modules already initialized, skipping
Registering precompiled user dll's ...
Registered in 0.003548 seconds.
Begin MonoManager ReloadAssembly
Native extension for WindowsStandalone target not found
Refreshing native plugins compatible for Editor in 0.77 ms, found 2 plugins.
Preloading 0 native plugins for Editor in 0.00 ms.
Mono: successfully reloaded assembly
- Completed reload, in  1.279 seconds
Platform modules already initialized, skipping
========================================================================
Worker process is ready to serve import requests
Launched and connected shader compiler UnityShaderCompiler.exe after 0.06 seconds
Refreshing native plugins compatible for Editor in 0.75 ms, found 2 plugins.
Preloading 0 native plugins for Editor in 0.00 ms.
Unloading 1972 Unused Serialized files (Serialized files now loaded: 0)
System memory in use before: 80.9 MB.
System memory in use after: 81.0 MB.

Unloading 58 unused Assets to reduce memory usage. Loaded Objects now: 2375.
Total: 10.090400 ms (FindLiveObjects: 0.318200 ms CreateObjectMapping: 0.121700 ms MarkObjects: 9.517000 ms  DeleteObjects: 0.131300 ms)

AssetImportParameters requested are different than current active one (requested -> active):
  custom:framework-win-MediaFoundation: 216162199b28c13a410421893ffa2e32 -> 
  custom:video-decoder-ogg-theora: a1e56fd34408186e4bbccfd4996cb3dc -> 
  custom:container-muxer-webm: aa71ff27fc2769a1b78a27578f13a17b -> 
  custom:container-demuxer-webm: 4f35f7cbe854078d1ac9338744f61a02 -> 
  custom:container-demuxer-ogg: 62fdf1f143b41e24485cea50d1cbac27 -> 
  custom:video-encoder-webm-vp8: eb34c28f22e8b96e1ab97ce403110664 -> 
  custom:video-decoder-webm-vp8: 9c59270c3fd7afecdb556c50c9e8de78 -> 
  custom:audio-decoder-ogg-vorbis: bf7c407c2cedff20999df2af8eb42d56 -> 
  custom:audio-encoder-webm-vorbis: bf7c407c2cedff20999df2af8eb42d56 -> 
========================================================================
Received Import Request.
  path: Assets/PT_Scenes/Experiment01.unity
  artifactKey: Guid(c95a2b12f8e55af4990bfd621f71ce90) Importer(815301076,1909f56bfc062723c751e8b465ee728b)
Start importing Assets/PT_Scenes/Experiment01.unity using Guid(c95a2b12f8e55af4990bfd621f71ce90) Importer(815301076,1909f56bfc062723c751e8b465ee728b)  -> (artifact id: '51719a681ca5bb95bc91228bedfd98fc') in 0.029369 seconds 
  Import took 0.034171 seconds .

========================================================================
Received Import Request.
  Time since last request: 0.000330 seconds.
  path: Assets/PT_Scenes
  artifactKey: Guid(09f9295444cc98540a2cf3c9edafa024) Importer(815301076,1909f56bfc062723c751e8b465ee728b)
Start importing Assets/PT_Scenes using Guid(09f9295444cc98540a2cf3c9edafa024) Importer(815301076,1909f56bfc062723c751e8b465ee728b)  -> (artifact id: '6112b7680c306877811db413a6547851') in 0.011342 seconds 
  Import took 0.015455 seconds .

========================================================================
Received Import Request.
  Time since last request: 1.594311 seconds.
  path: Assets/PT_Scenes/Experiment02.unity
  artifactKey: Guid(a41f60d1dd5a8694e9b767562b563007) Importer(815301076,1909f56bfc062723c751e8b465ee728b)
Start importing Assets/PT_Scenes/Experiment02.unity using Guid(a41f60d1dd5a8694e9b767562b563007) Importer(815301076,1909f56bfc062723c751e8b465ee728b)  -> (artifact id: '215e66e2b451b4f736ea7ac5e2ba52a9') in 0.008556 seconds 
  Import took 0.012469 seconds .

========================================================================
Received Import Request.
  Time since last request: 1.858621 seconds.
  path: Assets/PT_Scenes/Start Scene.unity
  artifactKey: Guid(5c51869e8cffc724e94e900b81d9b2d8) Importer(815301076,1909f56bfc062723c751e8b465ee728b)
Start importing Assets/PT_Scenes/Start Scene.unity using Guid(5c51869e8cffc724e94e900b81d9b2d8) Importer(815301076,1909f56bfc062723c751e8b465ee728b)  -> (artifact id: '09a51bd9a0c88eb56f7d030482791ea4') in 0.006846 seconds 
  Import took 0.010705 seconds .

========================================================================
Received Import Request.
  Time since last request: 215.479325 seconds.
  path: Assets/Standard Assets/CrossPlatformInput
  artifactKey: Guid(710bc43f80d178548bd226c252c8e65b) Importer(815301076,1909f56bfc062723c751e8b465ee728b)
Start importing Assets/Standard Assets/CrossPlatformInput using Guid(710bc43f80d178548bd226c252c8e65b) Importer(815301076,1909f56bfc062723c751e8b465ee728b)  -> (artifact id: 'f0440b75555e41a3dfc5c595b03e89f7') in 0.006720 seconds 
  Import took 0.011109 seconds .

========================================================================
Received Import Request.
  Time since last request: 4.860629 seconds.
  path: Assets/Standard Assets/CrossPlatformInput/Prefabs
  artifactKey: Guid(5d3fb8e05edcf4b41aef584ca1b0d06f) Importer(815301076,1909f56bfc062723c751e8b465ee728b)
Start importing Assets/Standard Assets/CrossPlatformInput/Prefabs using Guid(5d3fb8e05edcf4b41aef584ca1b0d06f) Importer(815301076,1909f56bfc062723c751e8b465ee728b)  -> (artifact id: 'b5120742168d52dc0ff47f8cf53425ad') in 0.006861 seconds 
  Import took 0.010963 seconds .

========================================================================
Received Import Request.
  Time since last request: 0.112242 seconds.
  path: Assets/Standard Assets/CrossPlatformInput/Prefabs/CarTiltControls.prefab
  artifactKey: Guid(174090ae7f9eff84abe76f0ff062efac) Importer(815301076,1909f56bfc062723c751e8b465ee728b)
Start importing Assets/Standard Assets/CrossPlatformInput/Prefabs/CarTiltControls.prefab using Guid(174090ae7f9eff84abe76f0ff062efac) Importer(815301076,1909f56bfc062723c751e8b465ee728b)  -> (artifact id: '7285b9104894f4a4eb7efcccae8aa611') in 0.047548 seconds 
  Import took 0.051169 seconds .

========================================================================
Received Import Request.
  Time since last request: 0.000300 seconds.
  path: Assets/Standard Assets/CrossPlatformInput/Prefabs/MobileTiltControlRig.prefab
  artifactKey: Guid(999388b68bb99b44099461bfbed94358) Importer(815301076,1909f56bfc062723c751e8b465ee728b)
Start importing Assets/Standard Assets/CrossPlatformInput/Prefabs/MobileTiltControlRig.prefab using Guid(999388b68bb99b44099461bfbed94358) Importer(815301076,1909f56bfc062723c751e8b465ee728b)  -> (artifact id: '9a00d9b838d02323e600fabae8846b79') in 0.013139 seconds 
  Import took 0.016447 seconds .

========================================================================
Received Import Request.
  Time since last request: 0.000325 seconds.
  path: Assets/Standard Assets/CrossPlatformInput/Prefabs/MobileAircraftControls.prefab
  artifactKey: Guid(3369231b1ed7ad34e84d9240a571db81) Importer(815301076,1909f56bfc062723c751e8b465ee728b)
Start importing Assets/Standard Assets/CrossPlatformInput/Prefabs/MobileAircraftControls.prefab using Guid(3369231b1ed7ad34e84d9240a571db81) Importer(815301076,1909f56bfc062723c751e8b465ee728b)  -> (artifact id: '6bd8c2301f0c4c00b569b1bb8f48237c') in 0.032882 seconds 
  Import took 0.036270 seconds .

========================================================================
Received Import Request.
  Time since last request: 0.000325 seconds.
  path: Assets/Standard Assets/CrossPlatformInput/Prefabs/DualTouchControls.prefab
  artifactKey: Guid(2169821f0567671499a5c10104c69c24) Importer(815301076,1909f56bfc062723c751e8b465ee728b)
Start importing Assets/Standard Assets/CrossPlatformInput/Prefabs/DualTouchControls.prefab using Guid(2169821f0567671499a5c10104c69c24) Importer(815301076,1909f56bfc062723c751e8b465ee728b)  -> (artifact id: '511522c2787fde52874345c8d1bebfa5') in 0.015232 seconds 
  Import took 0.018811 seconds .

========================================================================
Received Import Request.
  Time since last request: 0.000278 seconds.
  path: Assets/Standard Assets/CrossPlatformInput/Prefabs/MobileSingleStickControl.prefab
  artifactKey: Guid(9529ecc3d479da5499993355e6c2cb4f) Importer(815301076,1909f56bfc062723c751e8b465ee728b)
Start importing Assets/Standard Assets/CrossPlatformInput/Prefabs/MobileSingleStickControl.prefab using Guid(9529ecc3d479da5499993355e6c2cb4f) Importer(815301076,1909f56bfc062723c751e8b465ee728b)  -> (artifact id: 'fa76393ba7986a5d073f8e4ad5ff53ca') in 0.009810 seconds 
  Import took 0.013238 seconds .

AssetImportWorkerClient::OnTransportError - code=2 error=End of file
