
=== Tue Dec  7 16:30:08 2021

Packages were changed.
Update Mode: updateDependencies

The following packages were added:
  com.unity.2d.sprite@1.0.0
  com.unity.2d.tilemap@1.0.0
  com.unity.collab-proxy@1.5.7
  com.unity.ide.rider@2.0.7
  com.unity.ide.visualstudio@2.0.9
  com.unity.ide.vscode@1.2.3
  com.unity.modules.androidjni@1.0.0
  com.unity.test-framework@1.1.26
  com.unity.timeline@1.4.8
  com.unity.ugui@1.0.0
  com.unity.xr.legacyinputhelpers@2.1.7
The following packages were updated:
  com.unity.ads from version 2.0.8 to 3.7.1
  com.unity.analytics from version 2.0.16 to 3.5.3
  com.unity.purchasing from version 2.0.3 to 3.2.2
  com.unity.textmeshpro from version 1.2.4 to 3.0.6
The following packages were removed:
  com.unity.package-manager-ui@1.9.11

=== Sun Oct  9 10:16:33 2022

Packages were changed.
Update Mode: updateDependencies

The following packages were updated:
  com.unity.ads from version 3.7.1 to 3.7.5
  com.unity.analytics from version 3.5.3 to 3.6.12
  com.unity.collab-proxy from version 1.5.7 to 1.15.18
  com.unity.ide.rider from version 2.0.7 to 3.0.15
  com.unity.ide.visualstudio from version 2.0.9 to 2.0.16
  com.unity.ide.vscode from version 1.2.3 to 1.2.5
  com.unity.purchasing from version 3.2.2 to 4.1.5
  com.unity.test-framework from version 1.1.26 to 1.1.31
  com.unity.timeline from version 1.4.8 to 1.6.4
  com.unity.xr.legacyinputhelpers from version 2.1.7 to 2.1.9

=== Tue Sep 19 13:02:58 2023

Packages were changed.
Update Mode: updateDependencies

The following packages were added:
  com.unity.ai.navigation@1.1.4
The following packages were updated:
  com.unity.ads from version 3.7.5 to 4.4.2
  com.unity.analytics from version 3.6.12 to 3.8.1
  com.unity.collab-proxy from version 1.15.18 to 2.0.5
  com.unity.ide.rider from version 3.0.15 to 3.0.24
  com.unity.ide.visualstudio from version 2.0.16 to 2.0.18
  com.unity.purchasing from version 4.1.5 to 4.9.3
  com.unity.test-framework from version 1.1.31 to 1.1.33
  com.unity.timeline from version 1.6.4 to 1.7.4
  com.unity.xr.legacyinputhelpers from version 2.1.9 to 2.1.10
